{"numTotalTestSuites":12,"numPassedTestSuites":12,"numFailedTestSuites":0,"numPendingTestSuites":0,"numTotalTests":41,"numPassedTests":41,"numFailedTests":0,"numPendingTests":0,"numTodoTests":0,"snapshot":{"added":0,"failure":false,"filesAdded":0,"filesRemoved":0,"filesRemovedList":[],"filesUnmatched":0,"filesUpdated":0,"matched":0,"total":0,"unchecked":0,"uncheckedKeysByFile":[],"unmatched":0,"updated":0,"didUpdate":false},"startTime":1788463175472,"success":true,"testResults":[{"assertionResults":[{"ancestorTitles":["D.108b read-only creator-successor adoption RED"],"fullName":"D.108b read-only creator-successor adoption RED freezes the exact tests-only and GREEN owner rosters","status":"passed","title":"freezes the exact tests-only and GREEN owner rosters","duration":1.4643750000000182,"failureMessages":[],"meta":{}},{"ancestorTitles":["D.108b read-only creator-successor adoption RED"],"fullName":"D.108b read-only creator-successor adoption RED freezes the exact v3-live-generation-2 grammar and compact-history carrier","status":"passed","title":"freezes the exact v3-live-generation-2 grammar and compact-history carrier","duration":0.9461670000000595,"failureMessages":[],"meta":{}},{"ancestorTitles":["D.108b read-only creator-successor adoption RED"],"fullName":"D.108b read-only creator-successor adoption RED enumerates every registered CutValue field and every cross-owner causal mutant","status":"passed","title":"enumerates every registered CutValue field and every cross-owner causal mutant","duration":0.7234579999999369,"failureMessages":[],"meta":{}},{"ancestorTitles":["D.108b read-only creator-successor adoption RED"],"fullName":"D.108b read-only creator-successor adoption RED pins owner-bound one-use intent behavior independently of serialization","status":"passed","title":"pins owner-bound one-use intent behavior independently of serialization","duration":0.24795799999992596,"failureMessages":[],"meta":{}},{"ancestorTitles":["D.108b read-only creator-successor adoption RED"],"fullName":"D.108b read-only creator-successor adoption RED forbids AHE mutation and node-root/chat widening while assigning D.108d2 room ownership","status":"passed","title":"forbids AHE mutation and node-root/chat widening while assigning D.108d2 room ownership","duration":1.5909999999998945,"failureMessages":[],"meta":{}},{"ancestorTitles":["D.108b read-only creator-successor adoption RED"],"fullName":"D.108b read-only creator-successor adoption RED executes every CutValue mutant against the genuine certified successor chain","status":"passed","title":"executes every CutValue mutant against the genuine certified successor chain","duration":125.52337499999976,"failureMessages":[],"meta":{}},{"ancestorTitles":["D.108b read-only creator-successor adoption RED"],"fullName":"D.108b read-only creator-successor adoption RED executes swapped Cut/QC/trust, prepare-QC, duplicate-signer and pending-ref mutants","status":"passed","title":"executes swapped Cut/QC/trust, prepare-QC, duplicate-signer and pending-ref mutants","duration":28.417042000000038,"failureMessages":[],"meta":{}},{"ancestorTitles":["D.108b read-only creator-successor adoption RED"],"fullName":"D.108b read-only creator-successor adoption RED executes predecessor-lineage, close-order and append-only history mutants","status":"passed","title":"executes predecessor-lineage, close-order and append-only history mutants","duration":0.5799169999995684,"failureMessages":[],"meta":{}},{"ancestorTitles":["D.108b read-only creator-successor adoption RED"],"fullName":"D.108b read-only creator-successor adoption RED replays the genuine durable journal/issuance pair and rejects missing local-issued custody","status":"passed","title":"replays the genuine durable journal/issuance pair and rejects missing local-issued custody","duration":1.258082999999715,"failureMessages":[],"meta":{}},{"ancestorTitles":["D.108b read-only creator-successor adoption RED"],"fullName":"D.108b read-only creator-successor adoption RED executes manifest, chunk, payload, catalog and artifact cross-pair mutants","status":"passed","title":"executes manifest, chunk, payload, catalog and artifact cross-pair mutants","duration":3.1284590000000208,"failureMessages":[],"meta":{}},{"ancestorTitles":["D.108b read-only creator-successor adoption RED"],"fullName":"D.108b read-only creator-successor adoption RED detects a durable vertex appended after the sealed journal snapshot","status":"passed","title":"detects a durable vertex appended after the sealed journal snapshot","duration":3.9900830000001406,"failureMessages":[],"meta":{}},{"ancestorTitles":["D.108b read-only creator-successor adoption RED"],"fullName":"D.108b read-only creator-successor adoption RED derives the exact canonical generation-2 projection and reopens its compact history","status":"passed","title":"derives the exact canonical generation-2 projection and reopens its compact history","duration":3.820125000000189,"failureMessages":[],"meta":{}},{"ancestorTitles":["D.108b read-only creator-successor adoption RED"],"fullName":"D.108b read-only creator-successor adoption RED has one composite readiness gate for the genuine future verifier","status":"passed","title":"has one composite readiness gate for the genuine future verifier","duration":718.8667089999999,"failureMessages":[],"meta":{}}],"startTime":1788463178291,"endTime":1788463179182.8667,"status":"passed","message":"","name":"/Users/aristotle/Documents/Projects/ts-drp-1/tests/phase-6a-creator-adoption-red.test.ts"},{"assertionResults":[{"ancestorTitles":["D.108d1 creator successor activation RED"],"fullName":"D.108d1 creator successor activation RED freezes the D.108e2a activation boundary and its single topic owner","status":"passed","title":"freezes the D.108e2a activation boundary and its single topic owner","duration":370.82337499999994,"failureMessages":[],"meta":{}},{"ancestorTitles":["D.108d1 creator successor activation RED"],"fullName":"D.108d1 creator successor activation RED rejects a hostile cold authentication profile before every downstream effect","status":"passed","title":"rejects a hostile cold authentication profile before every downstream effect","duration":16.108667000000423,"failureMessages":[],"meta":{}},{"ancestorTitles":["D.108d1 creator successor activation RED"],"fullName":"D.108d1 creator successor activation RED freezes exactly seven RED and eight GREEN owners","status":"passed","title":"freezes exactly seven RED and eight GREEN owners","duration":1.5438750000002983,"failureMessages":[],"meta":{}},{"ancestorTitles":["D.108d1 creator successor activation RED"],"fullName":"D.108d1 creator successor activation RED retains the pre-D.108d1b cold input only as a malformed negative beside the authoritative local-author roster","status":"passed","title":"retains the pre-D.108d1b cold input only as a malformed negative beside the authoritative local-author roster","duration":1.1850829999998496,"failureMessages":[],"meta":{}},{"ancestorTitles":["D.108d1 creator successor activation RED"],"fullName":"D.108d1 creator successor activation RED derives the exact epoch-one identity and pending epoch-zero lineage independently","status":"passed","title":"derives the exact epoch-one identity and pending epoch-zero lineage independently","duration":495.2390409999998,"failureMessages":[],"meta":{}},{"ancestorTitles":["D.108d1 creator successor activation RED"],"fullName":"D.108d1 creator successor activation RED keeps the root and products outside D.108d1","status":"passed","title":"keeps the root and products outside D.108d1","duration":1.3709169999997357,"failureMessages":[],"meta":{}},{"ancestorTitles":["D.108d1 creator successor activation RED"],"fullName":"D.108d1 creator successor activation RED pins the complete zero-skip GREEN inventory","status":"passed","title":"pins the complete zero-skip GREEN inventory","duration":0.7310000000002219,"failureMessages":[],"meta":{}},{"ancestorTitles":["D.108d1 creator successor activation RED"],"fullName":"D.108d1 creator successor activation RED imports the shipped successor activation owner without a source-pattern readiness gate","status":"passed","title":"imports the shipped successor activation owner without a source-pattern readiness gate","duration":0.26033300000017334,"failureMessages":[],"meta":{}},{"ancestorTitles":["D.108d1 creator successor activation RED"],"fullName":"D.108d1 creator successor activation RED genuine successor imports its verified snapshot before epoch-one activation","status":"passed","title":"genuine successor imports its verified snapshot before epoch-one activation","duration":303.0926250000002,"failureMessages":[],"meta":{}},{"ancestorTitles":["D.108d1 creator successor activation RED"],"fullName":"D.108d1 creator successor activation RED private custody alone selects installEpochAnchor","status":"passed","title":"private custody alone selects installEpochAnchor","duration":2317.907916,"failureMessages":[],"meta":{}},{"ancestorTitles":["D.108d1 creator successor activation RED"],"fullName":"D.108d1 creator successor activation RED divergent genesis identity fails before every live effect","status":"passed","title":"divergent genesis identity fails before every live effect","duration":895.3170829999999,"failureMessages":[],"meta":{}},{"ancestorTitles":["D.108d1 creator successor activation RED"],"fullName":"D.108d1 creator successor activation RED pending epoch-zero outbox is classified and never published as epoch one","status":"passed","title":"pending epoch-zero outbox is classified and never published as epoch one","duration":242.4960000000001,"failureMessages":[],"meta":{}},{"ancestorTitles":["D.108d1 creator successor activation RED"],"fullName":"D.108d1 creator successor activation RED old handle registration author and prepared capability are terminal","status":"passed","title":"old handle registration author and prepared capability are terminal","duration":232.2257499999996,"failureMessages":[],"meta":{}},{"ancestorTitles":["D.108d1 creator successor activation RED"],"fullName":"D.108d1 creator successor activation RED hot duplicate returns the same handle before a second source claim","status":"passed","title":"hot duplicate returns the same handle before a second source claim","duration":261.06695800000034,"failureMessages":[],"meta":{}},{"ancestorTitles":["D.108d1 creator successor activation RED"],"fullName":"D.108d1 creator successor activation RED conflicting hot duplicate bindings fail closed","status":"passed","title":"conflicting hot duplicate bindings fail closed","duration":247.38083300000017,"failureMessages":[],"meta":{}},{"ancestorTitles":["D.108d1 creator successor activation RED"],"fullName":"D.108d1 creator successor activation RED post-adoption activation failure cleans up and fresh reverify performs no second swapHead","status":"passed","title":"post-adoption activation failure cleans up and fresh reverify performs no second swapHead","duration":272.7609169999996,"failureMessages":[],"meta":{}},{"ancestorTitles":["D.108d1 creator successor activation RED"],"fullName":"D.108d1 creator successor activation RED TTL expiry performs one bounded full reverify attempt","status":"passed","title":"TTL expiry performs one bounded full reverify attempt","duration":875.4227080000001,"failureMessages":[],"meta":{}}],"startTime":1788463178005,"endTime":1788463184541.4226,"status":"passed","message":"","name":"/Users/aristotle/Documents/Projects/ts-drp-1/tests/phase-6a-creator-successor-activation-red.test.ts"},{"assertionResults":[{"ancestorTitles":["D.110c-0c1a creator issuance-retirement checkpoint RED"],"fullName":"D.110c-0c1a creator issuance-retirement checkpoint RED requires one authenticated retirement carrier after a genuine dense creator close","status":"passed","title":"requires one authenticated retirement carrier after a genuine dense creator close","duration":779.7102089999998,"failureMessages":[],"meta":{}},{"ancestorTitles":["D.110c-0c1a creator issuance-retirement checkpoint RED"],"fullName":"D.110c-0c1a creator issuance-retirement checkpoint RED replaces the authenticated epoch-one carrier when the admitted boundary does not advance","status":"passed","title":"replaces the authenticated epoch-one carrier when the admitted boundary does not advance","duration":1575.1030420000006,"failureMessages":[],"meta":{}},{"ancestorTitles":["D.110c-0c1a creator issuance-retirement checkpoint RED"],"fullName":"D.110c-0c1a creator issuance-retirement checkpoint RED fails closed for every frozen issuance-boundary derivation mutant","status":"passed","title":"fails closed for every frozen issuance-boundary derivation mutant","duration":217.8680829999994,"failureMessages":[],"meta":{}}],"startTime":1788463177498,"endTime":1788463180070.8682,"status":"passed","message":"","name":"/Users/aristotle/Documents/Projects/ts-drp-1/tests/phase-6b-d110c-0c1a-retirement-checkpoint-red.test.ts"},{"assertionResults":[{"ancestorTitles":["D.110c-0c1f2 bounded multi-author issuance frontier"],"fullName":"D.110c-0c1f2 bounded multi-author issuance frontier authenticates the exact creator-signed frontiers from a genuine two-writer close","status":"passed","title":"authenticates the exact creator-signed frontiers from a genuine two-writer close","duration":796.5698749999999,"failureMessages":[],"meta":{}}],"startTime":1788463177638,"endTime":1788463178434.5698,"status":"passed","message":"","name":"/Users/aristotle/Documents/Projects/ts-drp-1/tests/phase-6b-d110c-0c1f2-multi-author-frontier.test.ts"},{"assertionResults":[{"ancestorTitles":["D.110c-0c1f4 exact pinned-genesis bootstrap policy"],"fullName":"D.110c-0c1f4 exact pinned-genesis bootstrap policy accepts only the four frozen recovery key combinations","status":"passed","title":"accepts only the four frozen recovery key combinations","duration":232.83474999999999,"failureMessages":[],"meta":{}},{"ancestorTitles":["D.110c-0c1f4 exact pinned-genesis bootstrap policy"],"fullName":"D.110c-0c1f4 exact pinned-genesis bootstrap policy rejects malformed bounded policy bytes before consuming the prepared capability","status":"passed","title":"rejects malformed bounded policy bytes before consuming the prepared capability","duration":107.75212499999998,"failureMessages":[],"meta":{}},{"ancestorTitles":["D.110c-0c1f4 exact pinned-genesis bootstrap policy"],"fullName":"D.110c-0c1f4 exact pinned-genesis bootstrap policy freezes the one shared exact predicate and its custody boundaries","status":"passed","title":"freezes the one shared exact predicate and its custody boundaries","duration":6.281540999999834,"failureMessages":[],"meta":{}}],"startTime":1788463177368,"endTime":1788463177715.2815,"status":"passed","message":"","name":"/Users/aristotle/Documents/Projects/ts-drp-1/tests/phase-6b-d110c-0c1f4-bootstrap-policy.test.ts"},{"assertionResults":[{"ancestorTitles":["D.110c-0c1f2 creator author-issuance frontier carrier"],"fullName":"D.110c-0c1f2 creator author-issuance frontier carrier reproduces the exact legal maximum tuple shape below the unchanged ceiling","status":"passed","title":"reproduces the exact legal maximum tuple shape below the unchanged ceiling","duration":2.189792000000125,"failureMessages":[],"meta":{}},{"ancestorTitles":["D.110c-0c1f2 creator author-issuance frontier carrier"],"fullName":"D.110c-0c1f2 creator author-issuance frontier carrier round-trips the genuine creator-signed carrier and consumes preparation once","status":"passed","title":"round-trips the genuine creator-signed carrier and consumes preparation once","duration":813.2292499999999,"failureMessages":[],"meta":{}},{"ancestorTitles":["D.110c-0c1f2 creator author-issuance frontier carrier"],"fullName":"D.110c-0c1f2 creator author-issuance frontier carrier rejects every malformed tuple/vector form and permits an exact empty writer set","status":"passed","title":"rejects every malformed tuple/vector form and permits an exact empty writer set","duration":310.23404200000004,"failureMessages":[],"meta":{}},{"ancestorTitles":["D.110c-0c1f2 creator author-issuance frontier carrier"],"fullName":"D.110c-0c1f2 creator author-issuance frontier carrier fails closed for every authenticated field, tuple, signature, and size substitution","status":"passed","title":"fails closed for every authenticated field, tuple, signature, and size substitution","duration":228.938541,"failureMessages":[],"meta":{}}],"startTime":1788463177663,"endTime":1788463179018.9385,"status":"passed","message":"","name":"/Users/aristotle/Documents/Projects/ts-drp-1/tests/protocol-v3-creator-author-issuance-frontiers.test.ts"}]}