{"numTotalTestSuites":41,"numPassedTestSuites":41,"numFailedTestSuites":0,"numPendingTestSuites":0,"numTotalTests":195,"numPassedTests":195,"numFailedTests":0,"numPendingTests":0,"numTodoTests":0,"snapshot":{"added":0,"failure":false,"filesAdded":0,"filesRemoved":0,"filesRemovedList":[],"filesUnmatched":0,"filesUpdated":0,"matched":0,"total":0,"unchecked":0,"uncheckedKeysByFile":[],"unmatched":0,"updated":0,"didUpdate":false},"startTime":1788463232311,"success":true,"testResults":[{"assertionResults":[{"ancestorTitles":[],"fullName":"E5-01 RED keeps the generic admission behavior dormant behind the missing outcome owner","status":"passed","title":"E5-01 RED keeps the generic admission behavior dormant behind the missing outcome owner","duration":1.2386670000000777,"failureMessages":[],"meta":{}},{"ancestorTitles":["E5-01 serialized v3 operation admission"],"fullName":"E5-01 serialized v3 operation admission rebuilds policy from authenticated recovery before activation effects","status":"passed","title":"rebuilds policy from authenticated recovery before activation effects","duration":273.283042,"failureMessages":[],"meta":{}},{"ancestorTitles":["E5-01 serialized v3 operation admission"],"fullName":"E5-01 serialized v3 operation admission reserves before local issuance and commits after journal but before projection","status":"passed","title":"reserves before local issuance and commits after journal but before projection","duration":307.050291,"failureMessages":[],"meta":{}},{"ancestorTitles":["E5-01 serialized v3 operation admission"],"fullName":"E5-01 serialized v3 operation admission returns duplicate and conflict before local issuance, journal or projection","status":"passed","title":"returns duplicate and conflict before local issuance, journal or projection","duration":56.662624999999935,"failureMessages":[],"meta":{}},{"ancestorTitles":["E5-01 serialized v3 operation admission"],"fullName":"E5-01 serialized v3 operation admission releases a definitely pre-issuance failure and permits one clean retry","status":"passed","title":"releases a definitely pre-issuance failure and permits one clean retry","duration":78.41320799999994,"failureMessages":[],"meta":{}},{"ancestorTitles":["E5-01 serialized v3 operation admission"],"fullName":"E5-01 serialized v3 operation admission holds an uncertain post-journal reservation until a fresh recovery rebuilds it exactly once","status":"passed","title":"holds an uncertain post-journal reservation until a fresh recovery rebuilds it exactly once","duration":228.80425000000014,"failureMessages":[],"meta":{}},{"ancestorTitles":["E5-01 serialized v3 operation admission"],"fullName":"E5-01 serialized v3 operation admission rejects remote replay conflicts before journal and effect while accepting one fresh vertex","status":"passed","title":"rejects remote replay conflicts before journal and effect while accepting one fresh vertex","duration":146.56595900000002,"failureMessages":[],"meta":{}},{"ancestorTitles":["E5-01 serialized v3 operation admission"],"fullName":"E5-01 serialized v3 operation admission preserves ordinary local issue when no policy is supplied","status":"passed","title":"preserves ordinary local issue when no policy is supplied","duration":222.630584,"failureMessages":[],"meta":{}}],"startTime":1788463234923,"endTime":1788463236238.6306,"status":"passed","message":"","name":"/Users/aristotle/Documents/Projects/ts-drp-1/tests/e5-01-v3-operation-admission-red.test.ts"},{"assertionResults":[{"ancestorTitles":["D.93.29 Seam 2 shared durable publication contract"],"fullName":"D.93.29 Seam 2 shared durable publication contract keeps the exact independent Node and browser death registries causal","status":"passed","title":"keeps the exact independent Node and browser death registries causal","duration":1.132082999999966,"failureMessages":[],"meta":{}},{"ancestorTitles":["D.93.29 Seam 2 shared durable publication contract"],"fullName":"D.93.29 Seam 2 shared durable publication contract kills every named semantic mutation without rejecting the valid transition control","status":"passed","title":"kills every named semantic mutation without rejecting the valid transition control","duration":2.3409580000000005,"failureMessages":[],"meta":{}},{"ancestorTitles":["D.93.29 Seam 2 shared durable publication contract"],"fullName":"D.93.29 Seam 2 shared durable publication contract freezes the erased input and exact six-method owner without widening runtime registries","status":"passed","title":"freezes the erased input and exact six-method owner without widening runtime registries","duration":4.596917000000076,"failureMessages":[],"meta":{}},{"ancestorTitles":["D.93.29 Seam 2 shared durable publication contract"],"fullName":"D.93.29 Seam 2 shared durable publication contract updates all genuine facade and pin owners to six while retaining the named stale mutant","status":"passed","title":"updates all genuine facade and pin owners to six while retaining the named stale mutant","duration":5.782041000000049,"failureMessages":[],"meta":{}},{"ancestorTitles":["D.93.29 Seam 2 shared durable publication contract"],"fullName":"D.93.29 Seam 2 shared durable publication contract publishes one exact ephemeral closure, copies input and preserves unrelated durable facts","status":"passed","title":"publishes one exact ephemeral closure, copies input and preserves unrelated durable facts","duration":98.44724999999994,"failureMessages":[],"meta":{}},{"ancestorTitles":["D.93.29 Seam 2 shared durable publication contract"],"fullName":"D.93.29 Seam 2 shared durable publication contract rejects the closed misuse table asynchronously before state changes and keeps invalid addressing non-poisoning","status":"passed","title":"rejects the closed misuse table asynchronously before state changes and keeps invalid addressing non-poisoning","duration":2.7492919999999685,"failureMessages":[],"meta":{}},{"ancestorTitles":["D.93.29 Seam 2 shared durable publication contract"],"fullName":"D.93.29 Seam 2 shared durable publication contract latches the executable ephemeral corruption control across the sixth method and existing reads","status":"passed","title":"latches the executable ephemeral corruption control across the sixth method and existing reads","duration":1.6973749999999654,"failureMessages":[],"meta":{}},{"ancestorTitles":["D.93.29 Seam 2 shared durable publication contract"],"fullName":"D.93.29 Seam 2 shared durable publication contract keeps publication adapter-local and forbids classifier/schema/export sediment","status":"passed","title":"keeps publication adapter-local and forbids classifier/schema/export sediment","duration":3.8495419999999285,"failureMessages":[],"meta":{}},{"ancestorTitles":["D.93.29 Seam 2 shared durable publication contract"],"fullName":"D.93.29 Seam 2 shared durable publication contract keeps the exact runtime roots and immutable classifier owners while forbidding publication claims","status":"passed","title":"keeps the exact runtime roots and immutable classifier owners while forbidding publication claims","duration":4.438041999999996,"failureMessages":[],"meta":{}},{"ancestorTitles":["D.93.29 Seam 2 shared durable publication contract"],"fullName":"D.93.29 Seam 2 shared durable publication contract pins the existing closed taxonomy and post-close precedence in every implementation owner","status":"passed","title":"pins the existing closed taxonomy and post-close precedence in every implementation owner","duration":1.3249999999999318,"failureMessages":[],"meta":{}}],"startTime":1788463233120,"endTime":1788463233254.325,"status":"passed","message":"","name":"/Users/aristotle/Documents/Projects/ts-drp-1/tests/phase-3a1b-p2-outbox-publication-contract.test.ts"},{"assertionResults":[{"ancestorTitles":["Phase 3g authenticated-plane rebase outbox RED"],"fullName":"Phase 3g authenticated-plane rebase outbox RED uses one real issue/close/reopen lineage and publishes only the current target row","status":"passed","title":"uses one real issue/close/reopen lineage and publishes only the current target row","duration":380.7817500000001,"failureMessages":[],"meta":{}},{"ancestorTitles":["Phase 3g authenticated-plane rebase outbox RED"],"fullName":"Phase 3g authenticated-plane rebase outbox RED expands genuine two and sixteen child source batches in signed order","status":"passed","title":"expands genuine two and sixteen child source batches in signed order","duration":556.542917,"failureMessages":[],"meta":{}},{"ancestorTitles":["Phase 3g authenticated-plane rebase outbox RED"],"fullName":"Phase 3g authenticated-plane rebase outbox RED retires an authenticated stored structural source row without exposing an application policy intent","status":"passed","title":"retires an authenticated stored structural source row without exposing an application policy intent","duration":217.78700000000026,"failureMessages":[],"meta":{}},{"ancestorTitles":["Phase 3g authenticated-plane rebase outbox RED"],"fullName":"Phase 3g authenticated-plane rebase outbox RED fails closed before exposing an 8,193rd authenticated displaced source row","status":"passed","title":"fails closed before exposing an 8,193rd authenticated displaced source row","duration":19237.3705,"failureMessages":[],"meta":{}},{"ancestorTitles":["Phase 3g authenticated-plane rebase outbox RED"],"fullName":"Phase 3g authenticated-plane rebase outbox RED fails closed before quarantining an 8,193rd authenticated current row","status":"passed","title":"fails closed before quarantining an 8,193rd authenticated current row","duration":17955.755209,"failureMessages":[],"meta":{}},{"ancestorTitles":["Phase 3g authenticated-plane rebase outbox RED"],"fullName":"Phase 3g authenticated-plane rebase outbox RED enumerates two genuine source rows in author-sequence order without re-deriving the first","status":"passed","title":"enumerates two genuine source rows in author-sequence order without re-deriving the first","duration":112.73641700000007,"failureMessages":[],"meta":{}},{"ancestorTitles":["Phase 3g authenticated-plane rebase outbox RED"],"fullName":"Phase 3g authenticated-plane rebase outbox RED rejects signed malformed, nested, mixed-control and over-limit prior batches","status":"passed","title":"rejects signed malformed, nested, mixed-control and over-limit prior batches","duration":345.565290999999,"failureMessages":[],"meta":{}},{"ancestorTitles":["Phase 3g authenticated-plane rebase outbox RED"],"fullName":"Phase 3g authenticated-plane rebase outbox RED never treats missing or creator-signature-corrupt source authority as displacement","status":"passed","title":"never treats missing or creator-signature-corrupt source authority as displacement","duration":338.9952080000003,"failureMessages":[],"meta":{}},{"ancestorTitles":["Phase 3g authenticated-plane rebase outbox RED"],"fullName":"Phase 3g authenticated-plane rebase outbox RED rejects mixed source authorization bytes and a target-capability substitution","status":"passed","title":"rejects mixed source authorization bytes and a target-capability substitution","duration":613.5721659999981,"failureMessages":[],"meta":{}},{"ancestorTitles":["Phase 3g authenticated-plane rebase outbox RED"],"fullName":"Phase 3g authenticated-plane rebase outbox RED rejects target authorization bytes and a source-capability substitution","status":"passed","title":"rejects target authorization bytes and a source-capability substitution","duration":180.92820799999754,"failureMessages":[],"meta":{}},{"ancestorTitles":["Phase 3g authenticated-plane rebase outbox RED"],"fullName":"Phase 3g authenticated-plane rebase outbox RED reopens the target against the same lineage without issuing a duplicate target bootstrap","status":"passed","title":"reopens the target against the same lineage without issuing a duplicate target bootstrap","duration":134.6660419999971,"failureMessages":[],"meta":{}},{"ancestorTitles":["Phase 3g authenticated-plane rebase outbox RED"],"fullName":"Phase 3g authenticated-plane rebase outbox RED preserves source intent when a matching pending target replacement needs product acceptance","status":"passed","title":"preserves source intent when a matching pending target replacement needs product acceptance","duration":139.75112499999523,"failureMessages":[],"meta":{}},{"ancestorTitles":["Phase 3g authenticated-plane rebase outbox RED"],"fullName":"Phase 3g authenticated-plane rebase outbox RED does not discard source intent behind a quarantined matching target row","status":"passed","title":"does not discard source intent behind a quarantined matching target row","duration":113.30325000000448,"failureMessages":[],"meta":{}},{"ancestorTitles":["Phase 3g authenticated-plane rebase outbox RED"],"fullName":"Phase 3g authenticated-plane rebase outbox RED skips a directly quarantined current row without blocking rebase or publication","status":"passed","title":"skips a directly quarantined current row without blocking rebase or publication","duration":111.07837499999732,"failureMessages":[],"meta":{}}],"startTime":1788463238361,"endTime":1788463278802.0784,"status":"passed","message":"","name":"/Users/aristotle/Documents/Projects/ts-drp-1/tests/phase-3g-v3-rebase-outbox-red.test.ts"},{"assertionResults":[{"ancestorTitles":["Phase 4b-b live snapshot replacement composition tests-only RED"],"fullName":"Phase 4b-b live snapshot replacement composition tests-only RED has one causal readiness failure for the absent snapshot activation and export surfaces","status":"passed","title":"has one causal readiness failure for the absent snapshot activation and export surfaces","duration":0.6097499999996217,"failureMessages":[],"meta":{}},{"ancestorTitles":["Phase 4b-b live snapshot replacement composition tests-only RED"],"fullName":"Phase 4b-b live snapshot replacement composition tests-only RED keeps package roots free of runtime/machine/snapshot authority and the v3-live roster unchanged","status":"passed","title":"keeps package roots free of runtime/machine/snapshot authority and the v3-live roster unchanged","duration":380.35083399999985,"failureMessages":[],"meta":{}},{"ancestorTitles":["Phase 4b-b live snapshot replacement composition tests-only RED","Phase 4b-b GREEN live snapshot composition"],"fullName":"Phase 4b-b live snapshot replacement composition tests-only RED Phase 4b-b GREEN live snapshot composition exports the adopted epoch, matches independent D.99 reconstruction, and activates a third replica","status":"passed","title":"exports the adopted epoch, matches independent D.99 reconstruction, and activates a third replica","duration":206.47504100000015,"failureMessages":[],"meta":{}},{"ancestorTitles":["Phase 4b-b live snapshot replacement composition tests-only RED","Phase 4b-b GREEN live snapshot composition"],"fullName":"Phase 4b-b live snapshot replacement composition tests-only RED Phase 4b-b GREEN live snapshot composition rejects live export before adoption, after deactivation, and from author-list authority while invalid next-ACL operations fail before retention","status":"passed","title":"rejects live export before adoption, after deactivation, and from author-list authority while invalid next-ACL operations fail before retention","duration":249.62820899999997,"failureMessages":[],"meta":{}},{"ancestorTitles":["Phase 4b-b live snapshot replacement composition tests-only RED","Phase 4b-b GREEN live snapshot composition"],"fullName":"Phase 4b-b live snapshot replacement composition tests-only RED Phase 4b-b GREEN live snapshot composition fails closed on digest, identity, ACL, schema, oversize, and unsafe carriers before registration effects","status":"passed","title":"fails closed on digest, identity, ACL, schema, oversize, and unsafe carriers before registration effects","duration":804.3237079999999,"failureMessages":[],"meta":{}},{"ancestorTitles":["Phase 4b-b live snapshot replacement composition tests-only RED","Phase 4b-b GREEN live snapshot composition"],"fullName":"Phase 4b-b live snapshot replacement composition tests-only RED Phase 4b-b GREEN live snapshot composition consumes the recovered capability once after snapshot success or failure","status":"passed","title":"consumes the recovered capability once after snapshot success or failure","duration":119.47150000000056,"failureMessages":[],"meta":{}},{"ancestorTitles":["Phase 4b-b live snapshot replacement composition tests-only RED","Phase 4b-b GREEN live snapshot composition"],"fullName":"Phase 4b-b live snapshot replacement composition tests-only RED Phase 4b-b GREEN live snapshot composition installs an already folded snapshot handle that rejects every effect-bearing method","status":"passed","title":"installs an already folded snapshot handle that rejects every effect-bearing method","duration":133.098833,"failureMessages":[],"meta":{}}],"startTime":1788463235169,"endTime":1788463237063.0989,"status":"passed","message":"","name":"/Users/aristotle/Documents/Projects/ts-drp-1/tests/phase-4b-v3-live-snapshot-composition-red.test.ts"},{"assertionResults":[{"ancestorTitles":["D.108c one-CAS creator adoption RED"],"fullName":"D.108c one-CAS creator adoption RED freezes exactly ten RED and four GREEN owners","status":"passed","title":"freezes exactly ten RED and four GREEN owners","duration":32.648166999999944,"failureMessages":[],"meta":{}},{"ancestorTitles":["D.108c one-CAS creator adoption RED"],"fullName":"D.108c one-CAS creator adoption RED freezes the closed public contract and finite fault vocabulary","status":"passed","title":"freezes the closed public contract and finite fault vocabulary","duration":1.9987080000000788,"failureMessages":[],"meta":{}},{"ancestorTitles":["D.108c one-CAS creator adoption RED"],"fullName":"D.108c one-CAS creator adoption RED constructs one sorted generation-2 replacement without a manifest ref","status":"passed","title":"constructs one sorted generation-2 replacement without a manifest ref","duration":4.4703340000000935,"failureMessages":[],"meta":{}},{"ancestorTitles":["D.108c one-CAS creator adoption RED"],"fullName":"D.108c one-CAS creator adoption RED classifies exact active-new independently of a retrying generation id","status":"passed","title":"classifies exact active-new independently of a retrying generation id","duration":1.6695410000000948,"failureMessages":[],"meta":{}},{"ancestorTitles":["D.108c one-CAS creator adoption RED"],"fullName":"D.108c one-CAS creator adoption RED keeps root/product/transport/issuance/activation owners outside the GREEN roster","status":"passed","title":"keeps root/product/transport/issuance/activation owners outside the GREEN roster","duration":16.03979199999992,"failureMessages":[],"meta":{}},{"ancestorTitles":["D.108c one-CAS creator adoption RED"],"fullName":"D.108c one-CAS creator adoption RED [RED readiness] requires all four candidate owners and the non-root package export","status":"passed","title":"[RED readiness] requires all four candidate owners and the non-root package export","duration":0.28966700000000856,"failureMessages":[],"meta":{}},{"ancestorTitles":["D.108c one-CAS creator adoption RED"],"fullName":"D.108c one-CAS creator adoption RED consumes only a genuine owner-bound intent and commits one exact successor","status":"passed","title":"consumes only a genuine owner-bound intent and commits one exact successor","duration":1226.58475,"failureMessages":[],"meta":{}},{"ancestorTitles":["D.108c one-CAS creator adoption RED"],"fullName":"D.108c one-CAS creator adoption RED accepts a byte-identical second intent without a second head swap","status":"passed","title":"accepts a byte-identical second intent without a second head swap","duration":595.1756249999999,"failureMessages":[],"meta":{}},{"ancestorTitles":["D.108c one-CAS creator adoption RED"],"fullName":"D.108c one-CAS creator adoption RED reopens pending-old or exact active-new at every logical request fault","status":"passed","title":"reopens pending-old or exact active-new at every logical request fault","duration":7371.261584,"failureMessages":[],"meta":{}}],"startTime":1788463235347,"endTime":1788463244598.2615,"status":"passed","message":"","name":"/Users/aristotle/Documents/Projects/ts-drp-1/tests/phase-6a-creator-adoption-commit-red.test.ts"},{"assertionResults":[{"ancestorTitles":["D.108b read-only creator-successor adoption RED"],"fullName":"D.108b read-only creator-successor adoption RED freezes the exact tests-only and GREEN owner rosters","status":"passed","title":"freezes the exact tests-only and GREEN owner rosters","duration":1.432459000000108,"failureMessages":[],"meta":{}},{"ancestorTitles":["D.108b read-only creator-successor adoption RED"],"fullName":"D.108b read-only creator-successor adoption RED freezes the exact v3-live-generation-2 grammar and compact-history carrier","status":"passed","title":"freezes the exact v3-live-generation-2 grammar and compact-history carrier","duration":6.229750000000422,"failureMessages":[],"meta":{}},{"ancestorTitles":["D.108b read-only creator-successor adoption RED"],"fullName":"D.108b read-only creator-successor adoption RED enumerates every registered CutValue field and every cross-owner causal mutant","status":"passed","title":"enumerates every registered CutValue field and every cross-owner causal mutant","duration":3.775749999999789,"failureMessages":[],"meta":{}},{"ancestorTitles":["D.108b read-only creator-successor adoption RED"],"fullName":"D.108b read-only creator-successor adoption RED pins owner-bound one-use intent behavior independently of serialization","status":"passed","title":"pins owner-bound one-use intent behavior independently of serialization","duration":0.4105829999998605,"failureMessages":[],"meta":{}},{"ancestorTitles":["D.108b read-only creator-successor adoption RED"],"fullName":"D.108b read-only creator-successor adoption RED forbids AHE mutation and node-root/chat widening while assigning D.108d2 room ownership","status":"passed","title":"forbids AHE mutation and node-root/chat widening while assigning D.108d2 room ownership","duration":13.04754099999991,"failureMessages":[],"meta":{}},{"ancestorTitles":["D.108b read-only creator-successor adoption RED"],"fullName":"D.108b read-only creator-successor adoption RED executes every CutValue mutant against the genuine certified successor chain","status":"passed","title":"executes every CutValue mutant against the genuine certified successor chain","duration":250.07999999999993,"failureMessages":[],"meta":{}},{"ancestorTitles":["D.108b read-only creator-successor adoption RED"],"fullName":"D.108b read-only creator-successor adoption RED executes swapped Cut/QC/trust, prepare-QC, duplicate-signer and pending-ref mutants","status":"passed","title":"executes swapped Cut/QC/trust, prepare-QC, duplicate-signer and pending-ref mutants","duration":26.970084000000043,"failureMessages":[],"meta":{}},{"ancestorTitles":["D.108b read-only creator-successor adoption RED"],"fullName":"D.108b read-only creator-successor adoption RED executes predecessor-lineage, close-order and append-only history mutants","status":"passed","title":"executes predecessor-lineage, close-order and append-only history mutants","duration":0.7190000000000509,"failureMessages":[],"meta":{}},{"ancestorTitles":["D.108b read-only creator-successor adoption RED"],"fullName":"D.108b read-only creator-successor adoption RED replays the genuine durable journal/issuance pair and rejects missing local-issued custody","status":"passed","title":"replays the genuine durable journal/issuance pair and rejects missing local-issued custody","duration":1.7282500000001164,"failureMessages":[],"meta":{}},{"ancestorTitles":["D.108b read-only creator-successor adoption RED"],"fullName":"D.108b read-only creator-successor adoption RED executes manifest, chunk, payload, catalog and artifact cross-pair mutants","status":"passed","title":"executes manifest, chunk, payload, catalog and artifact cross-pair mutants","duration":4.158042000000023,"failureMessages":[],"meta":{}},{"ancestorTitles":["D.108b read-only creator-successor adoption RED"],"fullName":"D.108b read-only creator-successor adoption RED detects a durable vertex appended after the sealed journal snapshot","status":"passed","title":"detects a durable vertex appended after the sealed journal snapshot","duration":9.176375000000007,"failureMessages":[],"meta":{}},{"ancestorTitles":["D.108b read-only creator-successor adoption RED"],"fullName":"D.108b read-only creator-successor adoption RED derives the exact canonical generation-2 projection and reopens its compact history","status":"passed","title":"derives the exact canonical generation-2 projection and reopens its compact history","duration":5.760124999999789,"failureMessages":[],"meta":{}},{"ancestorTitles":["D.108b read-only creator-successor adoption RED"],"fullName":"D.108b read-only creator-successor adoption RED has one composite readiness gate for the genuine future verifier","status":"passed","title":"has one composite readiness gate for the genuine future verifier","duration":941.5279589999996,"failureMessages":[],"meta":{}}],"startTime":1788463235963,"endTime":1788463237228.528,"status":"passed","message":"","name":"/Users/aristotle/Documents/Projects/ts-drp-1/tests/phase-6a-creator-adoption-red.test.ts"},{"assertionResults":[{"ancestorTitles":["D.108d1 creator successor activation RED"],"fullName":"D.108d1 creator successor activation RED freezes the D.108e2a activation boundary and its single topic owner","status":"passed","title":"freezes the D.108e2a activation boundary and its single topic owner","duration":758.3380829999996,"failureMessages":[],"meta":{}},{"ancestorTitles":["D.108d1 creator successor activation RED"],"fullName":"D.108d1 creator successor activation RED rejects a hostile cold authentication profile before every downstream effect","status":"passed","title":"rejects a hostile cold authentication profile before every downstream effect","duration":11.647707999999966,"failureMessages":[],"meta":{}},{"ancestorTitles":["D.108d1 creator successor activation RED"],"fullName":"D.108d1 creator successor activation RED freezes exactly seven RED and eight GREEN owners","status":"passed","title":"freezes exactly seven RED and eight GREEN owners","duration":2.8939589999999953,"failureMessages":[],"meta":{}},{"ancestorTitles":["D.108d1 creator successor activation RED"],"fullName":"D.108d1 creator successor activation RED retains the pre-D.108d1b cold input only as a malformed negative beside the authoritative local-author roster","status":"passed","title":"retains the pre-D.108d1b cold input only as a malformed negative beside the authoritative local-author roster","duration":0.4055839999996351,"failureMessages":[],"meta":{}},{"ancestorTitles":["D.108d1 creator successor activation RED"],"fullName":"D.108d1 creator successor activation RED derives the exact epoch-one identity and pending epoch-zero lineage independently","status":"passed","title":"derives the exact epoch-one identity and pending epoch-zero lineage independently","duration":646.6023749999999,"failureMessages":[],"meta":{}},{"ancestorTitles":["D.108d1 creator successor activation RED"],"fullName":"D.108d1 creator successor activation RED keeps the root and products outside D.108d1","status":"passed","title":"keeps the root and products outside D.108d1","duration":4.959708000000319,"failureMessages":[],"meta":{}},{"ancestorTitles":["D.108d1 creator successor activation RED"],"fullName":"D.108d1 creator successor activation RED pins the complete zero-skip GREEN inventory","status":"passed","title":"pins the complete zero-skip GREEN inventory","duration":1.1518749999995634,"failureMessages":[],"meta":{}},{"ancestorTitles":["D.108d1 creator successor activation RED"],"fullName":"D.108d1 creator successor activation RED imports the shipped successor activation owner without a source-pattern readiness gate","status":"passed","title":"imports the shipped successor activation owner without a source-pattern readiness gate","duration":0.3392919999996593,"failureMessages":[],"meta":{}},{"ancestorTitles":["D.108d1 creator successor activation RED"],"fullName":"D.108d1 creator successor activation RED genuine successor imports its verified snapshot before epoch-one activation","status":"passed","title":"genuine successor imports its verified snapshot before epoch-one activation","duration":499.5661249999994,"failureMessages":[],"meta":{}},{"ancestorTitles":["D.108d1 creator successor activation RED"],"fullName":"D.108d1 creator successor activation RED private custody alone selects installEpochAnchor","status":"passed","title":"private custody alone selects installEpochAnchor","duration":3284.0175409999993,"failureMessages":[],"meta":{}},{"ancestorTitles":["D.108d1 creator successor activation RED"],"fullName":"D.108d1 creator successor activation RED divergent genesis identity fails before every live effect","status":"passed","title":"divergent genesis identity fails before every live effect","duration":1100.5197910000006,"failureMessages":[],"meta":{}},{"ancestorTitles":["D.108d1 creator successor activation RED"],"fullName":"D.108d1 creator successor activation RED pending epoch-zero outbox is classified and never published as epoch one","status":"passed","title":"pending epoch-zero outbox is classified and never published as epoch one","duration":259.70779199999924,"failureMessages":[],"meta":{}},{"ancestorTitles":["D.108d1 creator successor activation RED"],"fullName":"D.108d1 creator successor activation RED old handle registration author and prepared capability are terminal","status":"passed","title":"old handle registration author and prepared capability are terminal","duration":248.31845899999826,"failureMessages":[],"meta":{}},{"ancestorTitles":["D.108d1 creator successor activation RED"],"fullName":"D.108d1 creator successor activation RED hot duplicate returns the same handle before a second source claim","status":"passed","title":"hot duplicate returns the same handle before a second source claim","duration":257.47491699999955,"failureMessages":[],"meta":{}},{"ancestorTitles":["D.108d1 creator successor activation RED"],"fullName":"D.108d1 creator successor activation RED conflicting hot duplicate bindings fail closed","status":"passed","title":"conflicting hot duplicate bindings fail closed","duration":253.72716700000092,"failureMessages":[],"meta":{}},{"ancestorTitles":["D.108d1 creator successor activation RED"],"fullName":"D.108d1 creator successor activation RED post-adoption activation failure cleans up and fresh reverify performs no second swapHead","status":"passed","title":"post-adoption activation failure cleans up and fresh reverify performs no second swapHead","duration":332.1608329999999,"failureMessages":[],"meta":{}},{"ancestorTitles":["D.108d1 creator successor activation RED"],"fullName":"D.108d1 creator successor activation RED TTL expiry performs one bounded full reverify attempt","status":"passed","title":"TTL expiry performs one bounded full reverify attempt","duration":868.211292,"failureMessages":[],"meta":{}}],"startTime":1788463235628,"endTime":1788463244160.2112,"status":"passed","message":"","name":"/Users/aristotle/Documents/Projects/ts-drp-1/tests/phase-6a-creator-successor-activation-red.test.ts"},{"assertionResults":[{"ancestorTitles":["D.108a successor-epoch live substrate RED"],"fullName":"D.108a successor-epoch live substrate RED freezes exactly five RED and six GREEN owners without a new product API","status":"passed","title":"freezes exactly five RED and six GREEN owners without a new product API","duration":2.945875000000001,"failureMessages":[],"meta":{}},{"ancestorTitles":["D.108a successor-epoch live substrate RED"],"fullName":"D.108a successor-epoch live substrate RED constructs one exact canonical non-genesis anchor and epoch-one vertex independently","status":"passed","title":"constructs one exact canonical non-genesis anchor and epoch-one vertex independently","duration":11.031332999999961,"failureMessages":[],"meta":{}},{"ancestorTitles":["D.108a successor-epoch live substrate RED"],"fullName":"D.108a successor-epoch live substrate RED preserves installGenesis as a genesis-only operation","status":"passed","title":"preserves installGenesis as a genesis-only operation","duration":132.25549999999998,"failureMessages":[],"meta":{}},{"ancestorTitles":["D.108a successor-epoch live substrate RED"],"fullName":"D.108a successor-epoch live substrate RED [RED readiness] requires the six successor representation owners together","status":"passed","title":"[RED readiness] requires the six successor representation owners together","duration":0.21058299999998553,"failureMessages":[],"meta":{}},{"ancestorTitles":["D.108a successor-epoch live substrate RED"],"fullName":"D.108a successor-epoch live substrate RED keeps epoch-zero and epoch-one rows isolated in one durable store","status":"passed","title":"keeps epoch-zero and epoch-one rows isolated in one durable store","duration":32.828291000000036,"failureMessages":[],"meta":{}},{"ancestorTitles":["D.108a successor-epoch live substrate RED"],"fullName":"D.108a successor-epoch live substrate RED rejects hostile, noncanonical and unsafe successor epoch inputs closed","status":"passed","title":"rejects hostile, noncanonical and unsafe successor epoch inputs closed","duration":33.486500000000035,"failureMessages":[],"meta":{}}],"startTime":1788463237431,"endTime":1788463237643.4866,"status":"passed","message":"","name":"/Users/aristotle/Documents/Projects/ts-drp-1/tests/phase-6a-creator-successor-epoch-red.test.ts"},{"assertionResults":[{"ancestorTitles":["D.109c shared AHE-reclamation causal RED"],"fullName":"D.109c shared AHE-reclamation causal RED freezes the exact path, error, lineage, corruption, reference, count and crash rosters","status":"passed","title":"freezes the exact path, error, lineage, corruption, reference, count and crash rosters","duration":4.004707999999994,"failureMessages":[],"meta":{}},{"ancestorTitles":["D.109c shared AHE-reclamation causal RED"],"fullName":"D.109c shared AHE-reclamation causal RED pins the unchanged 12-key facade, ephemeral memory owner and D.109a lineage predicates","status":"passed","title":"pins the unchanged 12-key facade, ephemeral memory owner and D.109a lineage predicates","duration":7.710874999999987,"failureMessages":[],"meta":{}},{"ancestorTitles":["D.109c shared AHE-reclamation causal RED"],"fullName":"D.109c shared AHE-reclamation causal RED freezes the current storage export map before the additive maintenance subpath","status":"passed","title":"freezes the current storage export map before the additive maintenance subpath","duration":0.2890419999999949,"failureMessages":[],"meta":{}},{"ancestorTitles":["D.109c shared AHE-reclamation causal RED"],"fullName":"D.109c shared AHE-reclamation causal RED keeps the four authorized live census amendments readiness-conditional","status":"passed","title":"keeps the four authorized live census amendments readiness-conditional","duration":7.771374999999978,"failureMessages":[],"meta":{}},{"ancestorTitles":["D.109c shared AHE-reclamation causal RED"],"fullName":"D.109c shared AHE-reclamation causal RED [RED readiness] requires the shared maintenance contract and classifier owner","status":"passed","title":"[RED readiness] requires the shared maintenance contract and classifier owner","duration":0.3547079999999596,"failureMessages":[],"meta":{}},{"ancestorTitles":["D.109c shared AHE-reclamation causal RED"],"fullName":"D.109c shared AHE-reclamation causal RED publishes only the exact closed shared error registry","status":"passed","title":"publishes only the exact closed shared error registry","duration":79.82345800000002,"failureMessages":[],"meta":{}},{"ancestorTitles":["D.109c shared AHE-reclamation causal RED"],"fullName":"D.109c shared AHE-reclamation causal RED captures the frozen D.109a AHE subset without aliases or runtime authority","status":"passed","title":"captures the frozen D.109a AHE subset without aliases or runtime authority","duration":1.8852080000000342,"failureMessages":[],"meta":{}},{"ancestorTitles":["D.109c shared AHE-reclamation causal RED"],"fullName":"D.109c shared AHE-reclamation causal RED classifies one lineage, preserves shared blobs and produces a frozen replay receipt","status":"passed","title":"classifies one lineage, preserves shared blobs and produces a frozen replay receipt","duration":7.293625000000077,"failureMessages":[],"meta":{}},{"ancestorTitles":["D.109c shared AHE-reclamation causal RED"],"fullName":"D.109c shared AHE-reclamation causal RED proves the honest memory facade remains non-authoritative","status":"passed","title":"proves the honest memory facade remains non-authoritative","duration":0.7224579999999605,"failureMessages":[],"meta":{}}],"startTime":1788463236689,"endTime":1788463236799.7224,"status":"passed","message":"","name":"/Users/aristotle/Documents/Projects/ts-drp-1/tests/phase-6b-ahe-reclamation-red.test.ts"},{"assertionResults":[{"ancestorTitles":["D.110c-0c1a creator issuance-retirement checkpoint RED"],"fullName":"D.110c-0c1a creator issuance-retirement checkpoint RED requires one authenticated retirement carrier after a genuine dense creator close","status":"passed","title":"requires one authenticated retirement carrier after a genuine dense creator close","duration":1200.7307500000002,"failureMessages":[],"meta":{}},{"ancestorTitles":["D.110c-0c1a creator issuance-retirement checkpoint RED"],"fullName":"D.110c-0c1a creator issuance-retirement checkpoint RED replaces the authenticated epoch-one carrier when the admitted boundary does not advance","status":"passed","title":"replaces the authenticated epoch-one carrier when the admitted boundary does not advance","duration":3011.8866249999996,"failureMessages":[],"meta":{}},{"ancestorTitles":["D.110c-0c1a creator issuance-retirement checkpoint RED"],"fullName":"D.110c-0c1a creator issuance-retirement checkpoint RED fails closed for every frozen issuance-boundary derivation mutant","status":"passed","title":"fails closed for every frozen issuance-boundary derivation mutant","duration":295.1155840000001,"failureMessages":[],"meta":{}}],"startTime":1788463235038,"endTime":1788463239546.1155,"status":"passed","message":"","name":"/Users/aristotle/Documents/Projects/ts-drp-1/tests/phase-6b-d110c-0c1a-retirement-checkpoint-red.test.ts"},{"assertionResults":[{"ancestorTitles":["D.110c-0c1b committed-issuance recovery-required RED"],"fullName":"D.110c-0c1b committed-issuance recovery-required RED refuses a pre-bound close after a durable issue is omitted from live admission","status":"passed","title":"refuses a pre-bound close after a durable issue is omitted from live admission","duration":904.3405,"failureMessages":[],"meta":{}},{"ancestorTitles":["D.110c-0c1b committed-issuance recovery-required RED"],"fullName":"D.110c-0c1b committed-issuance recovery-required RED halts a no-policy plane when the real issuance commit has an unknown return outcome","status":"passed","title":"halts a no-policy plane when the real issuance commit has an unknown return outcome","duration":398.22470799999996,"failureMessages":[],"meta":{}},{"ancestorTitles":["D.110c-0c1b committed-issuance recovery-required RED"],"fullName":"D.110c-0c1b committed-issuance recovery-required RED releases a pre-durable byte-capacity reservation and preserves genuine close","status":"passed","title":"releases a pre-durable byte-capacity reservation and preserves genuine close","duration":421.4127090000002,"failureMessages":[],"meta":{}}],"startTime":1788463239052,"endTime":1788463240776.4126,"status":"passed","message":"","name":"/Users/aristotle/Documents/Projects/ts-drp-1/tests/phase-6b-d110c-0c1b-committed-issuance-red.test.ts"},{"assertionResults":[{"ancestorTitles":["D.110c-0c1f2 bounded multi-author issuance frontier"],"fullName":"D.110c-0c1f2 bounded multi-author issuance frontier authenticates the exact creator-signed frontiers from a genuine two-writer close","status":"passed","title":"authenticates the exact creator-signed frontiers from a genuine two-writer close","duration":546.103167,"failureMessages":[],"meta":{}}],"startTime":1788463239512,"endTime":1788463240058.1033,"status":"passed","message":"","name":"/Users/aristotle/Documents/Projects/ts-drp-1/tests/phase-6b-d110c-0c1f2-multi-author-frontier.test.ts"},{"assertionResults":[{"ancestorTitles":["D.110c-0c1f4 exact pinned-genesis bootstrap policy"],"fullName":"D.110c-0c1f4 exact pinned-genesis bootstrap policy accepts only the four frozen recovery key combinations","status":"passed","title":"accepts only the four frozen recovery key combinations","duration":174.73620900000003,"failureMessages":[],"meta":{}},{"ancestorTitles":["D.110c-0c1f4 exact pinned-genesis bootstrap policy"],"fullName":"D.110c-0c1f4 exact pinned-genesis bootstrap policy rejects malformed bounded policy bytes before consuming the prepared capability","status":"passed","title":"rejects malformed bounded policy bytes before consuming the prepared capability","duration":54.138417000000004,"failureMessages":[],"meta":{}},{"ancestorTitles":["D.110c-0c1f4 exact pinned-genesis bootstrap policy"],"fullName":"D.110c-0c1f4 exact pinned-genesis bootstrap policy freezes the one shared exact predicate and its custody boundaries","status":"passed","title":"freezes the one shared exact predicate and its custody boundaries","duration":1.7391250000000582,"failureMessages":[],"meta":{}}],"startTime":1788463238109,"endTime":1788463238339.739,"status":"passed","message":"","name":"/Users/aristotle/Documents/Projects/ts-drp-1/tests/phase-6b-d110c-0c1f4-bootstrap-policy.test.ts"},{"assertionResults":[{"ancestorTitles":["D.110c-a authenticated repeat-close carrier RED"],"fullName":"D.110c-a authenticated repeat-close carrier RED extends authenticated compact history through one genuine adopted epoch-one close","status":"passed","title":"extends authenticated compact history through one genuine adopted epoch-one close","duration":3553.2232080000003,"failureMessages":[],"meta":{}}],"startTime":1788463238394,"endTime":1788463241947.2231,"status":"passed","message":"","name":"/Users/aristotle/Documents/Projects/ts-drp-1/tests/phase-6b-d110c-a-repeat-close-red.test.ts"},{"assertionResults":[{"ancestorTitles":["D.110c-b general hot adoption GREEN"],"fullName":"D.110c-b general hot adoption GREEN advances the genuine epoch-one close to one exact epoch-two active owner","status":"passed","title":"advances the genuine epoch-one close to one exact epoch-two active owner","duration":5048.505709,"failureMessages":[],"meta":{}}],"startTime":1788463238643,"endTime":1788463243691.5056,"status":"passed","message":"","name":"/Users/aristotle/Documents/Projects/ts-drp-1/tests/phase-6b-d110c-b-hot-adoption.test.ts"},{"assertionResults":[{"ancestorTitles":["D.109b issuance-retention causal RED"],"fullName":"D.109b issuance-retention causal RED freezes the exact RED/GREEN owners, semantic matrix, page edges, native mutants, migration cases and crash edges","status":"passed","title":"freezes the exact RED/GREEN owners, semantic matrix, page edges, native mutants, migration cases and crash edges","duration":3.0347080000000233,"failureMessages":[],"meta":{}},{"ancestorTitles":["D.109b issuance-retention causal RED"],"fullName":"D.109b issuance-retention causal RED [RED readiness] requires the shared maintenance owner, resolver, watermark observation and pruned error","status":"passed","title":"[RED readiness] requires the shared maintenance owner, resolver, watermark observation and pruned error","duration":0.3056250000000773,"failureMessages":[],"meta":{}},{"ancestorTitles":["D.109b issuance-retention causal RED"],"fullName":"D.109b issuance-retention causal RED resolves only the exact genuine facade and returns detached frozen inspection state","status":"passed","title":"resolves only the exact genuine facade and returns detached frozen inspection state","duration":164.21687500000007,"failureMessages":[],"meta":{}},{"ancestorTitles":["D.109b issuance-retention causal RED"],"fullName":"D.109b issuance-retention causal RED atomically removes a published prefix and replays the same lost-receipt input as a no-op","status":"passed","title":"atomically removes a published prefix and replays the same lost-receipt input as a no-op","duration":30.175291000000016,"failureMessages":[],"meta":{}},{"ancestorTitles":["D.109b issuance-retention causal RED"],"fullName":"D.109b issuance-retention causal RED keeps a valid pending prefix non-poisoning and a newer pending suffix outside the selected range","status":"passed","title":"keeps a valid pending prefix non-poisoning and a newer pending suffix outside the selected range","duration":5.82158400000003,"failureMessages":[],"meta":{}},{"ancestorTitles":["D.109b issuance-retention causal RED"],"fullName":"D.109b issuance-retention causal RED rejects accessor input before mutation and captures mutable input by value","status":"passed","title":"rejects accessor input before mutation and captures mutable input by value","duration":1.4232500000000528,"failureMessages":[],"meta":{}},{"ancestorTitles":["D.109b issuance-retention causal RED"],"fullName":"D.109b issuance-retention causal RED refuses stale lineage and stale watermark without poisoning the store","status":"passed","title":"refuses stale lineage and stale watermark without poisoning the store","duration":4.161292000000003,"failureMessages":[],"meta":{}},{"ancestorTitles":["D.109b issuance-retention causal RED"],"fullName":"D.109b issuance-retention causal RED supports a later closed epoch after a prior prefix was pruned","status":"passed","title":"supports a later closed epoch after a prior prefix was pruned","duration":6.318249999999921,"failureMessages":[],"meta":{}},{"ancestorTitles":["D.109b issuance-retention causal RED"],"fullName":"D.109b issuance-retention causal RED preserves null-watermark polarity across the complete absence matrix","status":"passed","title":"preserves null-watermark polarity across the complete absence matrix","duration":1.1097089999999525,"failureMessages":[],"meta":{}},{"ancestorTitles":["D.109b issuance-retention causal RED"],"fullName":"D.109b issuance-retention causal RED walks the exact bounded-page edge 64 without retaining the selected prefix","status":"passed","title":"walks the exact bounded-page edge 64 without retaining the selected prefix","duration":17.846499999999992,"failureMessages":[],"meta":{}},{"ancestorTitles":["D.109b issuance-retention causal RED"],"fullName":"D.109b issuance-retention causal RED walks the exact bounded-page edge 65 without retaining the selected prefix","status":"passed","title":"walks the exact bounded-page edge 65 without retaining the selected prefix","duration":13.367792000000009,"failureMessages":[],"meta":{}},{"ancestorTitles":["D.109b issuance-retention causal RED"],"fullName":"D.109b issuance-retention causal RED walks the exact bounded-page edge 128 without retaining the selected prefix","status":"passed","title":"walks the exact bounded-page edge 128 without retaining the selected prefix","duration":20.963167,"failureMessages":[],"meta":{}},{"ancestorTitles":["D.109b issuance-retention causal RED"],"fullName":"D.109b issuance-retention causal RED walks the exact bounded-page edge 129 without retaining the selected prefix","status":"passed","title":"walks the exact bounded-page edge 129 without retaining the selected prefix","duration":10.600708000000168,"failureMessages":[],"meta":{}}],"startTime":1788463234062,"endTime":1788463234341.6006,"status":"passed","message":"","name":"/Users/aristotle/Documents/Projects/ts-drp-1/tests/phase-6b-issuance-retention-red.test.ts"},{"assertionResults":[{"ancestorTitles":["D.109d receipt-gated installed-v3 runtime reclamation RED"],"fullName":"D.109d receipt-gated installed-v3 runtime reclamation RED freezes the original RED owners and corrected GREEN owner set","status":"passed","title":"freezes the original RED owners and corrected GREEN owner set","duration":1.5834169999998267,"failureMessages":[],"meta":{}},{"ancestorTitles":["D.109d receipt-gated installed-v3 runtime reclamation RED"],"fullName":"D.109d receipt-gated installed-v3 runtime reclamation RED freezes the closed input, result, error and precedence contracts","status":"passed","title":"freezes the closed input, result, error and precedence contracts","duration":0.4944580000001224,"failureMessages":[],"meta":{}},{"ancestorTitles":["D.109d receipt-gated installed-v3 runtime reclamation RED"],"fullName":"D.109d receipt-gated installed-v3 runtime reclamation RED freezes the complete receipt, identity, replay and census matrices","status":"passed","title":"freezes the complete receipt, identity, replay and census matrices","duration":1.5069579999999405,"failureMessages":[],"meta":{}},{"ancestorTitles":["D.109d receipt-gated installed-v3 runtime reclamation RED"],"fullName":"D.109d receipt-gated installed-v3 runtime reclamation RED keeps runtime reclamation internal and the legacy object runtime detached","status":"passed","title":"keeps runtime reclamation internal and the legacy object runtime detached","duration":1.6848330000002534,"failureMessages":[],"meta":{}},{"ancestorTitles":["D.109d receipt-gated installed-v3 runtime reclamation RED"],"fullName":"D.109d receipt-gated installed-v3 runtime reclamation RED [RED readiness] requires the private runtime and creator-close release kernels","status":"passed","title":"[RED readiness] requires the private runtime and creator-close release kernels","duration":0.16133300000001327,"failureMessages":[],"meta":{}},{"ancestorTitles":["D.109d receipt-gated installed-v3 runtime reclamation RED"],"fullName":"D.109d receipt-gated installed-v3 runtime reclamation RED uses genuine close, verify, commit and hot activation identities","status":"passed","title":"uses genuine close, verify, commit and hot activation identities","duration":1522.5797500000003,"failureMessages":[],"meta":{}},{"ancestorTitles":["D.109d receipt-gated installed-v3 runtime reclamation RED"],"fullName":"D.109d receipt-gated installed-v3 runtime reclamation RED enforces the exact refusal matrix and precedence with zero writes","status":"passed","title":"enforces the exact refusal matrix and precedence with zero writes","duration":691.8443339999999,"failureMessages":[],"meta":{}},{"ancestorTitles":["D.109d receipt-gated installed-v3 runtime reclamation RED"],"fullName":"D.109d receipt-gated installed-v3 runtime reclamation RED accepts hot and cold real receipts and latches every authority field","status":"passed","title":"accepts hot and cold real receipts and latches every authority field","duration":1059.2572499999997,"failureMessages":[],"meta":{}},{"ancestorTitles":["D.109d receipt-gated installed-v3 runtime reclamation RED"],"fullName":"D.109d receipt-gated installed-v3 runtime reclamation RED serializes behind successor and predecessor gates with atomic observation","status":"passed","title":"serializes behind successor and predecessor gates with atomic observation","duration":523.4915420000007,"failureMessages":[],"meta":{}},{"ancestorTitles":["D.109d receipt-gated installed-v3 runtime reclamation RED"],"fullName":"D.109d receipt-gated installed-v3 runtime reclamation RED D.109f preserves owner-observed Discord and MMORPG projections with zero deleted durable reads","status":"passed","title":"D.109f preserves owner-observed Discord and MMORPG projections with zero deleted durable reads","duration":1148.9212499999994,"failureMessages":[],"meta":{}},{"ancestorTitles":["D.109d receipt-gated installed-v3 runtime reclamation RED"],"fullName":"D.109d receipt-gated installed-v3 runtime reclamation RED releases every predecessor owner while preserving the live successor","status":"passed","title":"releases every predecessor owner while preserving the live successor","duration":431.65287499999977,"failureMessages":[],"meta":{}},{"ancestorTitles":["D.109d receipt-gated installed-v3 runtime reclamation RED"],"fullName":"D.109d receipt-gated installed-v3 runtime reclamation RED returns frozen replay success and refuses changed authority after release","status":"passed","title":"returns frozen replay success and refuses changed authority after release","duration":351.57524999999987,"failureMessages":[],"meta":{}},{"ancestorTitles":["D.109d receipt-gated installed-v3 runtime reclamation RED"],"fullName":"D.109d receipt-gated installed-v3 runtime reclamation RED keeps precommit construction failure byte-identical and subsequently usable","status":"passed","title":"keeps precommit construction failure byte-identical and subsequently usable","duration":313.8690000000006,"failureMessages":[],"meta":{}}],"startTime":1788463234915,"endTime":1788463240964.869,"status":"passed","message":"","name":"/Users/aristotle/Documents/Projects/ts-drp-1/tests/phase-6b-runtime-reclamation-red.test.ts"},{"assertionResults":[{"ancestorTitles":["D.110c-0c1f2 creator author-issuance frontier carrier"],"fullName":"D.110c-0c1f2 creator author-issuance frontier carrier reproduces the exact legal maximum tuple shape below the unchanged ceiling","status":"passed","title":"reproduces the exact legal maximum tuple shape below the unchanged ceiling","duration":1.805749999999989,"failureMessages":[],"meta":{}},{"ancestorTitles":["D.110c-0c1f2 creator author-issuance frontier carrier"],"fullName":"D.110c-0c1f2 creator author-issuance frontier carrier round-trips the genuine creator-signed carrier and consumes preparation once","status":"passed","title":"round-trips the genuine creator-signed carrier and consumes preparation once","duration":628.6481249999999,"failureMessages":[],"meta":{}},{"ancestorTitles":["D.110c-0c1f2 creator author-issuance frontier carrier"],"fullName":"D.110c-0c1f2 creator author-issuance frontier carrier rejects every malformed tuple/vector form and permits an exact empty writer set","status":"passed","title":"rejects every malformed tuple/vector form and permits an exact empty writer set","duration":351.945291,"failureMessages":[],"meta":{}},{"ancestorTitles":["D.110c-0c1f2 creator author-issuance frontier carrier"],"fullName":"D.110c-0c1f2 creator author-issuance frontier carrier fails closed for every authenticated field, tuple, signature, and size substitution","status":"passed","title":"fails closed for every authenticated field, tuple, signature, and size substitution","duration":232.57387500000004,"failureMessages":[],"meta":{}}],"startTime":1788463236597,"endTime":1788463237812.574,"status":"passed","message":"","name":"/Users/aristotle/Documents/Projects/ts-drp-1/tests/protocol-v3-creator-author-issuance-frontiers.test.ts"},{"assertionResults":[{"ancestorTitles":["D.109c Node AHE-reclamation causal RED"],"fullName":"D.109c Node AHE-reclamation causal RED freezes the native lineage/reference/count and hard-kill matrices","status":"passed","title":"freezes the native lineage/reference/count and hard-kill matrices","duration":1.721708000000035,"failureMessages":[],"meta":{}},{"ancestorTitles":["D.109c Node AHE-reclamation causal RED"],"fullName":"D.109c Node AHE-reclamation causal RED [RED readiness] requires the Node identity owner and atomic reclamation transaction","status":"passed","title":"[RED readiness] requires the Node identity owner and atomic reclamation transaction","duration":0.5468329999999924,"failureMessages":[],"meta":{}},{"ancestorTitles":["D.109c Node AHE-reclamation causal RED"],"fullName":"D.109c Node AHE-reclamation causal RED reclaims a genuine five-generation prefix, reopens and replays idempotently","status":"passed","title":"reclaims a genuine five-generation prefix, reopens and replays idempotently","duration":635.914791,"failureMessages":[],"meta":{}},{"ancestorTitles":["D.109c Node AHE-reclamation causal RED"],"fullName":"D.109c Node AHE-reclamation causal RED resolves only the exact strict facade and denies copy, proxy and memory facades","status":"passed","title":"resolves only the exact strict facade and denies copy, proxy and memory facades","duration":30.780124999999998,"failureMessages":[],"meta":{}},{"ancestorTitles":["D.109c Node AHE-reclamation causal RED"],"fullName":"D.109c Node AHE-reclamation causal RED refuses the frozen native mutant head-different with zero committed deletion","status":"passed","title":"refuses the frozen native mutant head-different with zero committed deletion","duration":29.323040999999876,"failureMessages":[],"meta":{}},{"ancestorTitles":["D.109c Node AHE-reclamation causal RED"],"fullName":"D.109c Node AHE-reclamation causal RED refuses the frozen native mutant revision-stale with zero committed deletion","status":"passed","title":"refuses the frozen native mutant revision-stale with zero committed deletion","duration":55.76974999999993,"failureMessages":[],"meta":{}},{"ancestorTitles":["D.109c Node AHE-reclamation causal RED"],"fullName":"D.109c Node AHE-reclamation causal RED refuses the frozen native mutant active-mismatch with zero committed deletion","status":"passed","title":"refuses the frozen native mutant active-mismatch with zero committed deletion","duration":73.21312499999999,"failureMessages":[],"meta":{}},{"ancestorTitles":["D.109c Node AHE-reclamation causal RED"],"fullName":"D.109c Node AHE-reclamation causal RED refuses the frozen native mutant rollback-insufficient with zero committed deletion","status":"passed","title":"refuses the frozen native mutant rollback-insufficient with zero committed deletion","duration":46.218624999999975,"failureMessages":[],"meta":{}},{"ancestorTitles":["D.109c Node AHE-reclamation causal RED"],"fullName":"D.109c Node AHE-reclamation causal RED refuses the frozen native mutant rollback-wrong-countable-pair with zero committed deletion","status":"passed","title":"refuses the frozen native mutant rollback-wrong-countable-pair with zero committed deletion","duration":59.38241600000015,"failureMessages":[],"meta":{}},{"ancestorTitles":["D.109c Node AHE-reclamation causal RED"],"fullName":"D.109c Node AHE-reclamation causal RED refuses the frozen native mutant identity-duplicate with zero committed deletion","status":"passed","title":"refuses the frozen native mutant identity-duplicate with zero committed deletion","duration":83.89279099999999,"failureMessages":[],"meta":{}},{"ancestorTitles":["D.109c Node AHE-reclamation causal RED"],"fullName":"D.109c Node AHE-reclamation causal RED refuses the frozen native mutant closure-changed with zero committed deletion","status":"passed","title":"refuses the frozen native mutant closure-changed with zero committed deletion","duration":68.82258300000012,"failureMessages":[],"meta":{}},{"ancestorTitles":["D.109c Node AHE-reclamation causal RED"],"fullName":"D.109c Node AHE-reclamation causal RED refuses the frozen native mutant state-changed with zero committed deletion","status":"passed","title":"refuses the frozen native mutant state-changed with zero committed deletion","duration":79.05770800000005,"failureMessages":[],"meta":{}},{"ancestorTitles":["D.109c Node AHE-reclamation causal RED"],"fullName":"D.109c Node AHE-reclamation causal RED refuses the frozen native mutant floor-wrong with zero committed deletion","status":"passed","title":"refuses the frozen native mutant floor-wrong with zero committed deletion","duration":60.969916999999896,"failureMessages":[],"meta":{}},{"ancestorTitles":["D.109c Node AHE-reclamation causal RED"],"fullName":"D.109c Node AHE-reclamation causal RED refuses the frozen native mutant former-parent-wrong with zero committed deletion","status":"passed","title":"refuses the frozen native mutant former-parent-wrong with zero committed deletion","duration":63.04183299999977,"failureMessages":[],"meta":{}},{"ancestorTitles":["D.109c Node AHE-reclamation causal RED"],"fullName":"D.109c Node AHE-reclamation causal RED refuses the frozen native mutant lineage-gap with zero committed deletion","status":"passed","title":"refuses the frozen native mutant lineage-gap with zero committed deletion","duration":97.61474999999973,"failureMessages":[],"meta":{}},{"ancestorTitles":["D.109c Node AHE-reclamation causal RED"],"fullName":"D.109c Node AHE-reclamation causal RED refuses the frozen native mutant lineage-cycle with zero committed deletion","status":"passed","title":"refuses the frozen native mutant lineage-cycle with zero committed deletion","duration":86.47454199999993,"failureMessages":[],"meta":{}},{"ancestorTitles":["D.109c Node AHE-reclamation causal RED"],"fullName":"D.109c Node AHE-reclamation causal RED refuses the frozen native mutant surviving-branch with zero committed deletion","status":"passed","title":"refuses the frozen native mutant surviving-branch with zero committed deletion","duration":35.57362499999999,"failureMessages":[],"meta":{}},{"ancestorTitles":["D.109c Node AHE-reclamation causal RED"],"fullName":"D.109c Node AHE-reclamation causal RED refuses the frozen native mutant extra-target-row with zero committed deletion","status":"passed","title":"refuses the frozen native mutant extra-target-row with zero committed deletion","duration":34.33800000000019,"failureMessages":[],"meta":{}},{"ancestorTitles":["D.109c Node AHE-reclamation causal RED"],"fullName":"D.109c Node AHE-reclamation causal RED refuses the frozen native mutant post-state-dangling-parent with zero committed deletion","status":"passed","title":"refuses the frozen native mutant post-state-dangling-parent with zero committed deletion","duration":40.28874999999971,"failureMessages":[],"meta":{}},{"ancestorTitles":["D.109c Node AHE-reclamation causal RED"],"fullName":"D.109c Node AHE-reclamation causal RED refuses the frozen native mutant retained-blob-missing with zero committed deletion","status":"passed","title":"refuses the frozen native mutant retained-blob-missing with zero committed deletion","duration":45.730583000000024,"failureMessages":[],"meta":{}},{"ancestorTitles":["D.109c Node AHE-reclamation causal RED"],"fullName":"D.109c Node AHE-reclamation causal RED refuses the frozen native mutant retained-blob-corrupt with zero committed deletion","status":"passed","title":"refuses the frozen native mutant retained-blob-corrupt with zero committed deletion","duration":37.239374999999654,"failureMessages":[],"meta":{}},{"ancestorTitles":["D.109c Node AHE-reclamation causal RED"],"fullName":"D.109c Node AHE-reclamation causal RED refuses the frozen native mutant promotion-missing with zero committed deletion","status":"passed","title":"refuses the frozen native mutant promotion-missing with zero committed deletion","duration":58.51079200000004,"failureMessages":[],"meta":{}},{"ancestorTitles":["D.109c Node AHE-reclamation causal RED"],"fullName":"D.109c Node AHE-reclamation causal RED refuses the frozen native mutant promotion-extra with zero committed deletion","status":"passed","title":"refuses the frozen native mutant promotion-extra with zero committed deletion","duration":88.281833,"failureMessages":[],"meta":{}},{"ancestorTitles":["D.109c Node AHE-reclamation causal RED"],"fullName":"D.109c Node AHE-reclamation causal RED refuses the frozen native mutant promotion-wrong-digest with zero committed deletion","status":"passed","title":"refuses the frozen native mutant promotion-wrong-digest with zero committed deletion","duration":52.87525000000005,"failureMessages":[],"meta":{}},{"ancestorTitles":["D.109c Node AHE-reclamation causal RED"],"fullName":"D.109c Node AHE-reclamation causal RED refuses the frozen native mutant target-generation-malformed with zero committed deletion","status":"passed","title":"refuses the frozen native mutant target-generation-malformed with zero committed deletion","duration":169.0155420000001,"failureMessages":[],"meta":{}},{"ancestorTitles":["D.109c Node AHE-reclamation causal RED"],"fullName":"D.109c Node AHE-reclamation causal RED refuses the frozen native mutant unrelated-generation-malformed with zero committed deletion","status":"passed","title":"refuses the frozen native mutant unrelated-generation-malformed with zero committed deletion","duration":158.35270800000035,"failureMessages":[],"meta":{}},{"ancestorTitles":["D.109c Node AHE-reclamation causal RED"],"fullName":"D.109c Node AHE-reclamation causal RED refuses the frozen native mutant generation-key-record-mismatch with zero committed deletion","status":"passed","title":"refuses the frozen native mutant generation-key-record-mismatch with zero committed deletion","duration":113.24329200000011,"failureMessages":[],"meta":{}},{"ancestorTitles":["D.109c Node AHE-reclamation causal RED"],"fullName":"D.109c Node AHE-reclamation causal RED refuses the frozen native mutant partial-replay with zero committed deletion","status":"passed","title":"refuses the frozen native mutant partial-replay with zero committed deletion","duration":76.90120799999977,"failureMessages":[],"meta":{}},{"ancestorTitles":["D.109c Node AHE-reclamation causal RED"],"fullName":"D.109c Node AHE-reclamation causal RED refuses the frozen native mutant floor-update-count with zero committed deletion","status":"passed","title":"refuses the frozen native mutant floor-update-count with zero committed deletion","duration":134.54016599999977,"failureMessages":[],"meta":{}},{"ancestorTitles":["D.109c Node AHE-reclamation causal RED"],"fullName":"D.109c Node AHE-reclamation causal RED refuses the frozen native mutant promotion-delete-count with zero committed deletion","status":"passed","title":"refuses the frozen native mutant promotion-delete-count with zero committed deletion","duration":163.82279199999994,"failureMessages":[],"meta":{}},{"ancestorTitles":["D.109c Node AHE-reclamation causal RED"],"fullName":"D.109c Node AHE-reclamation causal RED refuses the frozen native mutant generation-delete-count with zero committed deletion","status":"passed","title":"refuses the frozen native mutant generation-delete-count with zero committed deletion","duration":223.04624999999987,"failureMessages":[],"meta":{}},{"ancestorTitles":["D.109c Node AHE-reclamation causal RED"],"fullName":"D.109c Node AHE-reclamation causal RED refuses the frozen native mutant blob-delete-count with zero committed deletion","status":"passed","title":"refuses the frozen native mutant blob-delete-count with zero committed deletion","duration":239.76012500000024,"failureMessages":[],"meta":{}},{"ancestorTitles":["D.109c Node AHE-reclamation causal RED"],"fullName":"D.109c Node AHE-reclamation causal RED proves the frozen native reference case retained-shared-blob","status":"passed","title":"proves the frozen native reference case retained-shared-blob","duration":168.6952080000001,"failureMessages":[],"meta":{}},{"ancestorTitles":["D.109c Node AHE-reclamation causal RED"],"fullName":"D.109c Node AHE-reclamation causal RED proves the frozen native reference case cross-object-shared-blob","status":"passed","title":"proves the frozen native reference case cross-object-shared-blob","duration":226.91625000000022,"failureMessages":[],"meta":{}},{"ancestorTitles":["D.109c Node AHE-reclamation causal RED"],"fullName":"D.109c Node AHE-reclamation causal RED proves the frozen native reference case candidate-only-blob","status":"passed","title":"proves the frozen native reference case candidate-only-blob","duration":115.74879099999998,"failureMessages":[],"meta":{}},{"ancestorTitles":["D.109c Node AHE-reclamation causal RED"],"fullName":"D.109c Node AHE-reclamation causal RED proves the frozen native reference case unrelated-orphan-retained","status":"passed","title":"proves the frozen native reference case unrelated-orphan-retained","duration":48.35320799999954,"failureMessages":[],"meta":{}},{"ancestorTitles":["D.109c Node AHE-reclamation causal RED"],"fullName":"D.109c Node AHE-reclamation causal RED proves the frozen native reference case staged-partial-promotions","status":"passed","title":"proves the frozen native reference case staged-partial-promotions","duration":66.96387499999946,"failureMessages":[],"meta":{}},{"ancestorTitles":["D.109c Node AHE-reclamation causal RED"],"fullName":"D.109c Node AHE-reclamation causal RED proves the frozen native reference case discarded-partial-promotions","status":"passed","title":"proves the frozen native reference case discarded-partial-promotions","duration":52.51204200000029,"failureMessages":[],"meta":{}},{"ancestorTitles":["D.109c Node AHE-reclamation causal RED"],"fullName":"D.109c Node AHE-reclamation causal RED owns six genuine SIGKILL edges with old XOR complete-new reopen state","status":"passed","title":"owns six genuine SIGKILL edges with old XOR complete-new reopen state","duration":1124.0124589999996,"failureMessages":[],"meta":{}}],"startTime":1788463233244,"endTime":1788463238196.0125,"status":"passed","message":"","name":"/Users/aristotle/Documents/Projects/ts-drp-1/packages/storage-node/tests/phase-6b-ahe-reclamation-red.test.ts"},{"assertionResults":[{"ancestorTitles":["D.109b Node issuance-retention RED"],"fullName":"D.109b Node issuance-retention RED freezes the ten migration cases and six genuine process-death boundaries","status":"passed","title":"freezes the ten migration cases and six genuine process-death boundaries","duration":2.041541999999936,"failureMessages":[],"meta":{}},{"ancestorTitles":["D.109b Node issuance-retention RED"],"fullName":"D.109b Node issuance-retention RED [RED readiness] requires the Node maintenance owner and v2 watermark schema","status":"passed","title":"[RED readiness] requires the Node maintenance owner and v2 watermark schema","duration":0.421416000000022,"failureMessages":[],"meta":{}},{"ancestorTitles":["D.109b Node issuance-retention RED"],"fullName":"D.109b Node issuance-retention RED prunes and reopens the same derived authority without changing its facade","status":"passed","title":"prunes and reopens the same derived authority without changing its facade","duration":117.946458,"failureMessages":[],"meta":{}},{"ancestorTitles":["D.109b Node issuance-retention RED"],"fullName":"D.109b Node issuance-retention RED refuses native mutant canonical-malformed with zero pruning writes","status":"passed","title":"refuses native mutant canonical-malformed with zero pruning writes","duration":17.686375000000112,"failureMessages":[],"meta":{}},{"ancestorTitles":["D.109b Node issuance-retention RED"],"fullName":"D.109b Node issuance-retention RED refuses native mutant vertex-kind-wrong with zero pruning writes","status":"passed","title":"refuses native mutant vertex-kind-wrong with zero pruning writes","duration":16.497124999999983,"failureMessages":[],"meta":{}},{"ancestorTitles":["D.109b Node issuance-retention RED"],"fullName":"D.109b Node issuance-retention RED refuses native mutant protocol-major-wrong with zero pruning writes","status":"passed","title":"refuses native mutant protocol-major-wrong with zero pruning writes","duration":11.001042000000098,"failureMessages":[],"meta":{}},{"ancestorTitles":["D.109b Node issuance-retention RED"],"fullName":"D.109b Node issuance-retention RED refuses native mutant scope-wrong with zero pruning writes","status":"passed","title":"refuses native mutant scope-wrong with zero pruning writes","duration":36.46574999999996,"failureMessages":[],"meta":{}},{"ancestorTitles":["D.109b Node issuance-retention RED"],"fullName":"D.109b Node issuance-retention RED refuses native mutant ordinal-wrong with zero pruning writes","status":"passed","title":"refuses native mutant ordinal-wrong with zero pruning writes","duration":30.996083,"failureMessages":[],"meta":{}},{"ancestorTitles":["D.109b Node issuance-retention RED"],"fullName":"D.109b Node issuance-retention RED refuses native mutant epoch-wrong with zero pruning writes","status":"passed","title":"refuses native mutant epoch-wrong with zero pruning writes","duration":18.50741699999992,"failureMessages":[],"meta":{}},{"ancestorTitles":["D.109b Node issuance-retention RED"],"fullName":"D.109b Node issuance-retention RED refuses native mutant issued-only with zero pruning writes","status":"passed","title":"refuses native mutant issued-only with zero pruning writes","duration":12.878375000000005,"failureMessages":[],"meta":{}},{"ancestorTitles":["D.109b Node issuance-retention RED"],"fullName":"D.109b Node issuance-retention RED refuses native mutant outbox-only with zero pruning writes","status":"passed","title":"refuses native mutant outbox-only with zero pruning writes","duration":11.935333999999898,"failureMessages":[],"meta":{}},{"ancestorTitles":["D.109b Node issuance-retention RED"],"fullName":"D.109b Node issuance-retention RED refuses native mutant digest-mismatch with zero pruning writes","status":"passed","title":"refuses native mutant digest-mismatch with zero pruning writes","duration":26.65462500000001,"failureMessages":[],"meta":{}},{"ancestorTitles":["D.109b Node issuance-retention RED"],"fullName":"D.109b Node issuance-retention RED refuses native mutant sequence-gap with zero pruning writes","status":"passed","title":"refuses native mutant sequence-gap with zero pruning writes","duration":18.402333999999996,"failureMessages":[],"meta":{}},{"ancestorTitles":["D.109b Node issuance-retention RED"],"fullName":"D.109b Node issuance-retention RED refuses native mutant epoch-regression with zero pruning writes","status":"passed","title":"refuses native mutant epoch-regression with zero pruning writes","duration":87.52887499999986,"failureMessages":[],"meta":{}},{"ancestorTitles":["D.109b Node issuance-retention RED"],"fullName":"D.109b Node issuance-retention RED rolls back the injected delete-count-mismatch owner-count mutant","status":"passed","title":"rolls back the injected delete-count-mismatch owner-count mutant","duration":11.909040999999888,"failureMessages":[],"meta":{}},{"ancestorTitles":["D.109b Node issuance-retention RED"],"fullName":"D.109b Node issuance-retention RED rolls back the injected watermark-update-count-mismatch owner-count mutant","status":"passed","title":"rolls back the injected watermark-update-count-mismatch owner-count mutant","duration":22.02208399999995,"failureMessages":[],"meta":{}},{"ancestorTitles":["D.109b Node issuance-retention RED"],"fullName":"D.109b Node issuance-retention RED serializes two live handles and rejects a genuinely stale watermark extension","status":"passed","title":"serializes two live handles and rejects a genuinely stale watermark extension","duration":109.01733300000001,"failureMessages":[],"meta":{}},{"ancestorTitles":["D.109b Node issuance-retention RED"],"fullName":"D.109b Node issuance-retention RED migrates the exact v1 authority in place and preserves every issuance row","status":"passed","title":"migrates the exact v1 authority in place and preserves every issuance row","duration":87.0942500000001,"failureMessages":[],"meta":{}},{"ancestorTitles":["D.109b Node issuance-retention RED"],"fullName":"D.109b Node issuance-retention RED rolls back a failed v1 migration and admits two racing v1 openers exactly once","status":"passed","title":"rolls back a failed v1 migration and admits two racing v1 openers exactly once","duration":146.85345900000016,"failureMessages":[],"meta":{}},{"ancestorTitles":["D.109b Node issuance-retention RED"],"fullName":"D.109b Node issuance-retention RED rejects unknown versions and catalogs without repairing either authority","status":"passed","title":"rejects unknown versions and catalogs without repairing either authority","duration":21.492083000000093,"failureMessages":[],"meta":{}},{"ancestorTitles":["D.109b Node issuance-retention RED"],"fullName":"D.109b Node issuance-retention RED recovers old XOR complete-new state at every frozen hard-kill edge","status":"passed","title":"recovers old XOR complete-new state at every frozen hard-kill edge","duration":919.9741669999999,"failureMessages":[],"meta":{}}],"startTime":1788463233144,"endTime":1788463234871.974,"status":"passed","message":"","name":"/Users/aristotle/Documents/Projects/ts-drp-1/packages/storage-node/tests/phase-6b-issuance-retention-red.test.ts"}]}