{"numTotalTestSuites":2,"numPassedTestSuites":2,"numFailedTestSuites":0,"numPendingTestSuites":0,"numTotalTests":1,"numPassedTests":1,"numFailedTests":0,"numPendingTests":0,"numTodoTests":0,"snapshot":{"added":0,"failure":false,"filesAdded":0,"filesRemoved":0,"filesRemovedList":[],"filesUnmatched":0,"filesUpdated":0,"matched":0,"total":0,"unchecked":0,"uncheckedKeysByFile":[],"unmatched":0,"updated":0,"didUpdate":false},"startTime":1788325055185,"success":true,"testResults":[{"assertionResults":[{"ancestorTitles":["D.110c-0a epoch-relative seal-authority causal RED"],"fullName":"D.110c-0a epoch-relative seal-authority causal RED opens the genuine adopted epoch-one creator trust under the same authorized finality key","status":"passed","title":"opens the genuine adopted epoch-one creator trust under the same authorized finality key","duration":6.259666999999922,"failureMessages":[],"meta":{}}],"startTime":1788325056185,"endTime":1788325056191.2598,"status":"passed","message":"","name":"/Users/aristotle/Documents/Projects/ts-drp-1/tests/phase-6b-d110c-0a-authority-red.test.ts"}]}