{"numTotalTestSuites":2,"numPassedTestSuites":2,"numFailedTestSuites":0,"numPendingTestSuites":0,"numTotalTests":1,"numPassedTests":1,"numFailedTests":0,"numPendingTests":0,"numTodoTests":0,"snapshot":{"added":0,"failure":false,"filesAdded":0,"filesRemoved":0,"filesRemovedList":[],"filesUnmatched":0,"filesUpdated":0,"matched":0,"total":0,"unchecked":0,"uncheckedKeysByFile":[],"unmatched":0,"updated":0,"didUpdate":false},"startTime":1788325738112,"success":true,"testResults":[{"assertionResults":[{"ancestorTitles":["D.110c-0a browser epoch-custody causal RED"],"fullName":"D.110c-0a browser epoch-custody causal RED uses schema-v3 epoch keys while refusing or misselecting the epoch-one diagnostic carriers","status":"passed","title":"uses schema-v3 epoch keys while refusing or misselecting the epoch-one diagnostic carriers","duration":56.749874999999975,"failureMessages":[],"meta":{}}],"startTime":1788325739167,"endTime":1788325739223.7498,"status":"passed","message":"","name":"/Users/aristotle/Documents/Projects/ts-drp-1/tests/phase-6b-d110c-0a-browser-custody-red.test.ts"}]}