{"numTotalTestSuites":2,"numPassedTestSuites":0,"numFailedTestSuites":2,"numPendingTestSuites":0,"numTotalTests":3,"numPassedTests":0,"numFailedTests":3,"numPendingTests":0,"numTodoTests":0,"snapshot":{"added":0,"failure":false,"filesAdded":0,"filesRemoved":0,"filesRemovedList":[],"filesUnmatched":0,"filesUpdated":0,"matched":0,"total":0,"unchecked":0,"uncheckedKeysByFile":[],"unmatched":0,"updated":0,"didUpdate":false},"startTime":1788379846369,"success":false,"testResults":[{"assertionResults":[{"ancestorTitles":["D.110c-0b1 bounded checkpoint and control-proof causal RED"],"fullName":"D.110c-0b1 bounded checkpoint and control-proof causal RED cannot open the genuine epoch-two checkpoint from pinned genesis and its immediate pair","status":"failed","title":"cannot open the genuine epoch-two checkpoint from pinned genesis and its immediate pair","duration":3.414250000000038,"failureMessages":["TypeError: D110C_0B1_CHECKPOINT_OPENER_MISSING\n    at requireMissingSubpath (/Users/aristotle/Documents/Projects/ts-drp-1/tests/phase-6b-d110c-0b1-bounded-checkpoint-red.test.ts:33:9)\n    at processTicksAndRejections (node:internal/process/task_queues:105:5)\n    at /Users/aristotle/Documents/Projects/ts-drp-1/tests/phase-6b-d110c-0b1-bounded-checkpoint-red.test.ts:55:3\n    at file:///Users/aristotle/Documents/Projects/ts-drp-1/node_modules/.pnpm/@vitest+runner@3.1.1/node_modules/@vitest/runner/dist/index.js:595:20"],"meta":{}},{"ancestorTitles":["D.110c-0b1 bounded checkpoint and control-proof causal RED"],"fullName":"D.110c-0b1 bounded checkpoint and control-proof causal RED retains the stale proof pair and predecessor ACL under the existing additive advance","status":"failed","title":"retains the stale proof pair and predecessor ACL under the existing additive advance","duration":1.9728749999999309,"failureMessages":["TypeError: D110C_0B1_BOUNDED_ADVANCE_MISSING\n    at requireMissingSubpath (/Users/aristotle/Documents/Projects/ts-drp-1/tests/phase-6b-d110c-0b1-bounded-checkpoint-red.test.ts:33:9)\n    at processTicksAndRejections (node:internal/process/task_queues:105:5)\n    at /Users/aristotle/Documents/Projects/ts-drp-1/tests/phase-6b-d110c-0b1-bounded-checkpoint-red.test.ts:78:3\n    at file:///Users/aristotle/Documents/Projects/ts-drp-1/node_modules/.pnpm/@vitest+runner@3.1.1/node_modules/@vitest/runner/dist/index.js:595:20"],"meta":{}},{"ancestorTitles":["D.110c-0b1 bounded checkpoint and control-proof causal RED"],"fullName":"D.110c-0b1 bounded checkpoint and control-proof causal RED cannot cold reopen the genuine active epoch-two room through the epoch-zero-one owner","status":"failed","title":"cannot cold reopen the genuine active epoch-two room through the epoch-zero-one owner","duration":0.759375000000091,"failureMessages":["TypeError: D110C_0B1_COLD_REOPEN_EPOCH_PINNED\n    at /Users/aristotle/Documents/Projects/ts-drp-1/tests/phase-6b-d110c-0b1-bounded-checkpoint-red.test.ts:91:9\n    at file:///Users/aristotle/Documents/Projects/ts-drp-1/node_modules/.pnpm/@vitest+runner@3.1.1/node_modules/@vitest/runner/dist/index.js:103:11\n    at file:///Users/aristotle/Documents/Projects/ts-drp-1/node_modules/.pnpm/@vitest+runner@3.1.1/node_modules/@vitest/runner/dist/index.js:595:26\n    at file:///Users/aristotle/Documents/Projects/ts-drp-1/node_modules/.pnpm/@vitest+runner@3.1.1/node_modules/@vitest/runner/dist/index.js:877:20\n    at new Promise (<anonymous>)\n    at runWithTimeout (file:///Users/aristotle/Documents/Projects/ts-drp-1/node_modules/.pnpm/@vitest+runner@3.1.1/node_modules/@vitest/runner/dist/index.js:850:10)\n    at runTest (file:///Users/aristotle/Documents/Projects/ts-drp-1/node_modules/.pnpm/@vitest+runner@3.1.1/node_modules/@vitest/runner/dist/index.js:1345:12)\n    at processTicksAndRejections (node:internal/process/task_queues:105:5)\n    at runSuite (file:///Users/aristotle/Documents/Projects/ts-drp-1/node_modules/.pnpm/@vitest+runner@3.1.1/node_modules/@vitest/runner/dist/index.js:1491:8)\n    at runSuite (file:///Users/aristotle/Documents/Projects/ts-drp-1/node_modules/.pnpm/@vitest+runner@3.1.1/node_modules/@vitest/runner/dist/index.js:1491:8)"],"meta":{}}],"startTime":1788379848345,"endTime":1788379848350.7593,"status":"failed","message":"","name":"/Users/aristotle/Documents/Projects/ts-drp-1/tests/phase-6b-d110c-0b1-bounded-checkpoint-red.test.ts"}]}