{"numTotalTestSuites":6,"numPassedTestSuites":6,"numFailedTestSuites":0,"numPendingTestSuites":0,"numTotalTests":45,"numPassedTests":45,"numFailedTests":0,"numPendingTests":0,"numTodoTests":0,"snapshot":{"added":0,"failure":false,"filesAdded":0,"filesRemoved":0,"filesRemovedList":[],"filesUnmatched":0,"filesUpdated":0,"matched":0,"total":0,"unchecked":0,"uncheckedKeysByFile":[],"unmatched":0,"updated":0,"didUpdate":false},"startTime":1788216142721,"success":true,"testResults":[{"assertionResults":[{"ancestorTitles":["D.109a closed-epoch cleanup eligibility RED"],"fullName":"D.109a closed-epoch cleanup eligibility RED freezes one tests-only RED owner, one internal GREEN owner, the policy vector, and refusal precedence","status":"passed","title":"freezes one tests-only RED owner, one internal GREEN owner, the policy vector, and refusal precedence","duration":1.4584999999999582,"failureMessages":[],"meta":{}},{"ancestorTitles":["D.109a closed-epoch cleanup eligibility RED"],"fullName":"D.109a closed-epoch cleanup eligibility RED proves the dangling-parent mutant and exact local lineage-floor normalization","status":"passed","title":"proves the dangling-parent mutant and exact local lineage-floor normalization","duration":2.8107500000000982,"failureMessages":[],"meta":{}},{"ancestorTitles":["D.109a closed-epoch cleanup eligibility RED"],"fullName":"D.109a closed-epoch cleanup eligibility RED keeps the candidate package-internal and free of deletion effects","status":"passed","title":"keeps the candidate package-internal and free of deletion effects","duration":1.714334000000008,"failureMessages":[],"meta":{}},{"ancestorTitles":["D.109a closed-epoch cleanup eligibility RED"],"fullName":"D.109a closed-epoch cleanup eligibility RED [RED readiness] requires the sole closed-epoch cleanup planner","status":"passed","title":"[RED readiness] requires the sole closed-epoch cleanup planner","duration":0.13629199999991215,"failureMessages":[],"meta":{}},{"ancestorTitles":["D.109a closed-epoch cleanup eligibility RED"],"fullName":"D.109a closed-epoch cleanup eligibility RED returns the exact immutable active/two-ancestor/floor plan","status":"passed","title":"returns the exact immutable active/two-ancestor/floor plan","duration":11.50262500000008,"failureMessages":[],"meta":{}},{"ancestorTitles":["D.109a closed-epoch cleanup eligibility RED"],"fullName":"D.109a closed-epoch cleanup eligibility RED continues planning from a numeric pruning watermark across restart and a later epoch","status":"passed","title":"continues planning from a numeric pruning watermark across restart and a later epoch","duration":2.86591599999997,"failureMessages":[],"meta":{}},{"ancestorTitles":["D.109a closed-epoch cleanup eligibility RED"],"fullName":"D.109a closed-epoch cleanup eligibility RED rejects every causal mutant with the exact closed reason","status":"passed","title":"rejects every causal mutant with the exact closed reason","duration":1.8017499999998563,"failureMessages":[],"meta":{}},{"ancestorTitles":["D.109a closed-epoch cleanup eligibility RED"],"fullName":"D.109a closed-epoch cleanup eligibility RED refuses gaps, surviving branches, wrong floor parents, and incomplete closures","status":"passed","title":"refuses gaps, surviving branches, wrong floor parents, and incomplete closures","duration":1.458084000000099,"failureMessages":[],"meta":{}},{"ancestorTitles":["D.109a closed-epoch cleanup eligibility RED"],"fullName":"D.109a closed-epoch cleanup eligibility RED applies exact refusal precedence","status":"passed","title":"applies exact refusal precedence","duration":0.48183300000005147,"failureMessages":[],"meta":{}},{"ancestorTitles":["D.109a closed-epoch cleanup eligibility RED"],"fullName":"D.109a closed-epoch cleanup eligibility RED is permutation-invariant and returns detached output","status":"passed","title":"is permutation-invariant and returns detached output","duration":1.4099579999999605,"failureMessages":[],"meta":{}},{"ancestorTitles":["D.109a closed-epoch cleanup eligibility RED"],"fullName":"D.109a closed-epoch cleanup eligibility RED accepts genuine Phase-6a close/adoption material without reopening verification","status":"passed","title":"accepts genuine Phase-6a close/adoption material without reopening verification","duration":293.0288330000001,"failureMessages":[],"meta":{}}],"startTime":1788216145031,"endTime":1788216145350.0288,"status":"passed","message":"","name":"/Users/aristotle/Documents/Projects/ts-drp-1/tests/phase-6b-cleanup-eligibility-red.test.ts"},{"assertionResults":[{"ancestorTitles":["D.109b issuance-retention causal RED"],"fullName":"D.109b issuance-retention causal RED freezes the exact RED/GREEN owners, semantic matrix, page edges, native mutants, migration cases and crash edges","status":"passed","title":"freezes the exact RED/GREEN owners, semantic matrix, page edges, native mutants, migration cases and crash edges","duration":1.819332999999972,"failureMessages":[],"meta":{}},{"ancestorTitles":["D.109b issuance-retention causal RED"],"fullName":"D.109b issuance-retention causal RED [RED readiness] requires the shared maintenance owner, resolver, watermark observation and pruned error","status":"passed","title":"[RED readiness] requires the shared maintenance owner, resolver, watermark observation and pruned error","duration":0.2200420000000065,"failureMessages":[],"meta":{}},{"ancestorTitles":["D.109b issuance-retention causal RED"],"fullName":"D.109b issuance-retention causal RED resolves only the exact genuine facade and returns detached frozen inspection state","status":"passed","title":"resolves only the exact genuine facade and returns detached frozen inspection state","duration":34.089541999999994,"failureMessages":[],"meta":{}},{"ancestorTitles":["D.109b issuance-retention causal RED"],"fullName":"D.109b issuance-retention causal RED atomically removes a published prefix and replays the same lost-receipt input as a no-op","status":"passed","title":"atomically removes a published prefix and replays the same lost-receipt input as a no-op","duration":7.282374999999973,"failureMessages":[],"meta":{}},{"ancestorTitles":["D.109b issuance-retention causal RED"],"fullName":"D.109b issuance-retention causal RED keeps a valid pending prefix non-poisoning and a newer pending suffix outside the selected range","status":"passed","title":"keeps a valid pending prefix non-poisoning and a newer pending suffix outside the selected range","duration":2.2532500000000084,"failureMessages":[],"meta":{}},{"ancestorTitles":["D.109b issuance-retention causal RED"],"fullName":"D.109b issuance-retention causal RED rejects accessor input before mutation and captures mutable input by value","status":"passed","title":"rejects accessor input before mutation and captures mutable input by value","duration":0.5869999999999891,"failureMessages":[],"meta":{}},{"ancestorTitles":["D.109b issuance-retention causal RED"],"fullName":"D.109b issuance-retention causal RED refuses stale lineage and stale watermark without poisoning the store","status":"passed","title":"refuses stale lineage and stale watermark without poisoning the store","duration":1.07650000000001,"failureMessages":[],"meta":{}},{"ancestorTitles":["D.109b issuance-retention causal RED"],"fullName":"D.109b issuance-retention causal RED supports a later closed epoch after a prior prefix was pruned","status":"passed","title":"supports a later closed epoch after a prior prefix was pruned","duration":1.0053330000000074,"failureMessages":[],"meta":{}},{"ancestorTitles":["D.109b issuance-retention causal RED"],"fullName":"D.109b issuance-retention causal RED preserves null-watermark polarity across the complete absence matrix","status":"passed","title":"preserves null-watermark polarity across the complete absence matrix","duration":0.49925000000001774,"failureMessages":[],"meta":{}},{"ancestorTitles":["D.109b issuance-retention causal RED"],"fullName":"D.109b issuance-retention causal RED walks the exact bounded-page edge 64 without retaining the selected prefix","status":"passed","title":"walks the exact bounded-page edge 64 without retaining the selected prefix","duration":6.679334000000011,"failureMessages":[],"meta":{}},{"ancestorTitles":["D.109b issuance-retention causal RED"],"fullName":"D.109b issuance-retention causal RED walks the exact bounded-page edge 65 without retaining the selected prefix","status":"passed","title":"walks the exact bounded-page edge 65 without retaining the selected prefix","duration":5.379959000000014,"failureMessages":[],"meta":{}},{"ancestorTitles":["D.109b issuance-retention causal RED"],"fullName":"D.109b issuance-retention causal RED walks the exact bounded-page edge 128 without retaining the selected prefix","status":"passed","title":"walks the exact bounded-page edge 128 without retaining the selected prefix","duration":8.176832999999988,"failureMessages":[],"meta":{}},{"ancestorTitles":["D.109b issuance-retention causal RED"],"fullName":"D.109b issuance-retention causal RED walks the exact bounded-page edge 129 without retaining the selected prefix","status":"passed","title":"walks the exact bounded-page edge 129 without retaining the selected prefix","duration":6.187542000000008,"failureMessages":[],"meta":{}}],"startTime":1788216145540,"endTime":1788216145615.1875,"status":"passed","message":"","name":"/Users/aristotle/Documents/Projects/ts-drp-1/tests/phase-6b-issuance-retention-red.test.ts"},{"assertionResults":[{"ancestorTitles":["D.109b Node issuance-retention RED"],"fullName":"D.109b Node issuance-retention RED freezes the ten migration cases and six genuine process-death boundaries","status":"passed","title":"freezes the ten migration cases and six genuine process-death boundaries","duration":1.7524999999999977,"failureMessages":[],"meta":{}},{"ancestorTitles":["D.109b Node issuance-retention RED"],"fullName":"D.109b Node issuance-retention RED [RED readiness] requires the Node maintenance owner and v2 watermark schema","status":"passed","title":"[RED readiness] requires the Node maintenance owner and v2 watermark schema","duration":0.41712499999999864,"failureMessages":[],"meta":{}},{"ancestorTitles":["D.109b Node issuance-retention RED"],"fullName":"D.109b Node issuance-retention RED prunes and reopens the same derived authority without changing its facade","status":"passed","title":"prunes and reopens the same derived authority without changing its facade","duration":68.553833,"failureMessages":[],"meta":{}},{"ancestorTitles":["D.109b Node issuance-retention RED"],"fullName":"D.109b Node issuance-retention RED refuses native mutant canonical-malformed with zero pruning writes","status":"passed","title":"refuses native mutant canonical-malformed with zero pruning writes","duration":11.124792000000014,"failureMessages":[],"meta":{}},{"ancestorTitles":["D.109b Node issuance-retention RED"],"fullName":"D.109b Node issuance-retention RED refuses native mutant vertex-kind-wrong with zero pruning writes","status":"passed","title":"refuses native mutant vertex-kind-wrong with zero pruning writes","duration":10.323083999999994,"failureMessages":[],"meta":{}},{"ancestorTitles":["D.109b Node issuance-retention RED"],"fullName":"D.109b Node issuance-retention RED refuses native mutant protocol-major-wrong with zero pruning writes","status":"passed","title":"refuses native mutant protocol-major-wrong with zero pruning writes","duration":11.043458999999984,"failureMessages":[],"meta":{}},{"ancestorTitles":["D.109b Node issuance-retention RED"],"fullName":"D.109b Node issuance-retention RED refuses native mutant scope-wrong with zero pruning writes","status":"passed","title":"refuses native mutant scope-wrong with zero pruning writes","duration":10.48399999999998,"failureMessages":[],"meta":{}},{"ancestorTitles":["D.109b Node issuance-retention RED"],"fullName":"D.109b Node issuance-retention RED refuses native mutant ordinal-wrong with zero pruning writes","status":"passed","title":"refuses native mutant ordinal-wrong with zero pruning writes","duration":8.819667000000038,"failureMessages":[],"meta":{}},{"ancestorTitles":["D.109b Node issuance-retention RED"],"fullName":"D.109b Node issuance-retention RED refuses native mutant epoch-wrong with zero pruning writes","status":"passed","title":"refuses native mutant epoch-wrong with zero pruning writes","duration":11.964875000000006,"failureMessages":[],"meta":{}},{"ancestorTitles":["D.109b Node issuance-retention RED"],"fullName":"D.109b Node issuance-retention RED refuses native mutant issued-only with zero pruning writes","status":"passed","title":"refuses native mutant issued-only with zero pruning writes","duration":10.307332999999971,"failureMessages":[],"meta":{}},{"ancestorTitles":["D.109b Node issuance-retention RED"],"fullName":"D.109b Node issuance-retention RED refuses native mutant outbox-only with zero pruning writes","status":"passed","title":"refuses native mutant outbox-only with zero pruning writes","duration":11.016875000000027,"failureMessages":[],"meta":{}},{"ancestorTitles":["D.109b Node issuance-retention RED"],"fullName":"D.109b Node issuance-retention RED refuses native mutant digest-mismatch with zero pruning writes","status":"passed","title":"refuses native mutant digest-mismatch with zero pruning writes","duration":8.698334000000045,"failureMessages":[],"meta":{}},{"ancestorTitles":["D.109b Node issuance-retention RED"],"fullName":"D.109b Node issuance-retention RED refuses native mutant sequence-gap with zero pruning writes","status":"passed","title":"refuses native mutant sequence-gap with zero pruning writes","duration":11.327625000000012,"failureMessages":[],"meta":{}},{"ancestorTitles":["D.109b Node issuance-retention RED"],"fullName":"D.109b Node issuance-retention RED refuses native mutant epoch-regression with zero pruning writes","status":"passed","title":"refuses native mutant epoch-regression with zero pruning writes","duration":9.35525000000007,"failureMessages":[],"meta":{}},{"ancestorTitles":["D.109b Node issuance-retention RED"],"fullName":"D.109b Node issuance-retention RED rolls back the injected delete-count-mismatch owner-count mutant","status":"passed","title":"rolls back the injected delete-count-mismatch owner-count mutant","duration":5.793291999999951,"failureMessages":[],"meta":{}},{"ancestorTitles":["D.109b Node issuance-retention RED"],"fullName":"D.109b Node issuance-retention RED rolls back the injected watermark-update-count-mismatch owner-count mutant","status":"passed","title":"rolls back the injected watermark-update-count-mismatch owner-count mutant","duration":5.510083000000009,"failureMessages":[],"meta":{}},{"ancestorTitles":["D.109b Node issuance-retention RED"],"fullName":"D.109b Node issuance-retention RED serializes two live handles and rejects a genuinely stale watermark extension","status":"passed","title":"serializes two live handles and rejects a genuinely stale watermark extension","duration":7.012291000000005,"failureMessages":[],"meta":{}},{"ancestorTitles":["D.109b Node issuance-retention RED"],"fullName":"D.109b Node issuance-retention RED migrates the exact v1 authority in place and preserves every issuance row","status":"passed","title":"migrates the exact v1 authority in place and preserves every issuance row","duration":10.967040999999995,"failureMessages":[],"meta":{}},{"ancestorTitles":["D.109b Node issuance-retention RED"],"fullName":"D.109b Node issuance-retention RED rolls back a failed v1 migration and admits two racing v1 openers exactly once","status":"passed","title":"rolls back a failed v1 migration and admits two racing v1 openers exactly once","duration":76.99179200000003,"failureMessages":[],"meta":{}},{"ancestorTitles":["D.109b Node issuance-retention RED"],"fullName":"D.109b Node issuance-retention RED rejects unknown versions and catalogs without repairing either authority","status":"passed","title":"rejects unknown versions and catalogs without repairing either authority","duration":11.039459000000079,"failureMessages":[],"meta":{}},{"ancestorTitles":["D.109b Node issuance-retention RED"],"fullName":"D.109b Node issuance-retention RED recovers old XOR complete-new state at every frozen hard-kill edge","status":"passed","title":"recovers old XOR complete-new state at every frozen hard-kill edge","duration":397.2549579999999,"failureMessages":[],"meta":{}}],"startTime":1788216143236,"endTime":1788216143936.255,"status":"passed","message":"","name":"/Users/aristotle/Documents/Projects/ts-drp-1/packages/storage-node/tests/phase-6b-issuance-retention-red.test.ts"}]}