{"numTotalTestSuites":2,"numPassedTestSuites":0,"numFailedTestSuites":2,"numPendingTestSuites":0,"numTotalTests":1,"numPassedTests":0,"numFailedTests":1,"numPendingTests":0,"numTodoTests":0,"snapshot":{"added":0,"failure":false,"filesAdded":0,"filesRemoved":0,"filesRemovedList":[],"filesUnmatched":0,"filesUpdated":0,"matched":0,"total":0,"unchecked":0,"uncheckedKeysByFile":[],"unmatched":0,"updated":0,"didUpdate":false},"startTime":1788370535845,"success":false,"testResults":[{"assertionResults":[{"ancestorTitles":["D.110c-b general hot adoption GREEN"],"fullName":"D.110c-b general hot adoption GREEN advances the genuine epoch-one close to one exact epoch-two active owner","status":"failed","title":"advances the genuine epoch-one close to one exact epoch-two active owner","duration":2631.787625,"failureMessages":["TypeError: D109D_HOT_ACTIVATION_FAILED:authority-unavailable\n    at openD109dFixture (/Users/aristotle/Documents/Projects/ts-drp-1/tests/fixtures/phase-6b/runtime-reclamation-contract.ts:247:10)\n    at openD110cARepeatCloseFixture (/Users/aristotle/Documents/Projects/ts-drp-1/tests/fixtures/phase-6b-d110c-a/repeat-close-contract.ts:418:14)\n    at runD110cBPostTransferMutants (/Users/aristotle/Documents/Projects/ts-drp-1/tests/fixtures/phase-6b-d110c-b/hot-adoption-contract.ts:81:29)\n    at /Users/aristotle/Documents/Projects/ts-drp-1/tests/phase-6b-d110c-b-hot-adoption.test.ts:68:25\n    at file:///Users/aristotle/Documents/Projects/ts-drp-1/node_modules/.pnpm/@vitest+runner@3.1.1/node_modules/@vitest/runner/dist/index.js:595:20"],"meta":{}}],"startTime":1788370536771,"endTime":1788370539402.7876,"status":"failed","message":"","name":"/Users/aristotle/Documents/Projects/ts-drp-1/tests/phase-6b-d110c-b-hot-adoption.test.ts"}]}