{"numTotalTestSuites":2,"numPassedTestSuites":0,"numFailedTestSuites":2,"numPendingTestSuites":0,"numTotalTests":1,"numPassedTests":0,"numFailedTests":1,"numPendingTests":0,"numTodoTests":0,"snapshot":{"added":0,"failure":false,"filesAdded":0,"filesRemoved":0,"filesRemovedList":[],"filesUnmatched":0,"filesUpdated":0,"matched":0,"total":0,"unchecked":0,"uncheckedKeysByFile":[],"unmatched":0,"updated":0,"didUpdate":false},"startTime":1788370368333,"success":false,"testResults":[{"assertionResults":[{"ancestorTitles":["D.110c-b general hot adoption GREEN"],"fullName":"D.110c-b general hot adoption GREEN advances the genuine epoch-one close to one exact epoch-two active owner","status":"failed","title":"advances the genuine epoch-one close to one exact epoch-two active owner","duration":2294.4588329999997,"failureMessages":["AssertionError: expected { descriptor: { …(31) }, …(2) } to match object { lifecycle: 'verified', ok: true }\n(33 matching properties omitted from actual)\n    at Proxy.<anonymous> (file:///Users/aristotle/Documents/Projects/ts-drp-1/node_modules/.pnpm/@vitest+expect@3.1.1/node_modules/@vitest/expect/dist/index.js:1066:10)\n    at Proxy.<anonymous> (file:///Users/aristotle/Documents/Projects/ts-drp-1/node_modules/.pnpm/@vitest+expect@3.1.1/node_modules/@vitest/expect/dist/index.js:944:14)\n    at Proxy.methodWrapper (file:///Users/aristotle/Documents/Projects/ts-drp-1/node_modules/.pnpm/chai@5.2.0/node_modules/chai/chai.js:1618:25)\n    at /Users/aristotle/Documents/Projects/ts-drp-1/tests/phase-6b-d110c-b-hot-adoption.test.ts:21:34\n    at file:///Users/aristotle/Documents/Projects/ts-drp-1/node_modules/.pnpm/@vitest+runner@3.1.1/node_modules/@vitest/runner/dist/index.js:595:20"],"meta":{}}],"startTime":1788370369132,"endTime":1788370371426.4587,"status":"failed","message":"","name":"/Users/aristotle/Documents/Projects/ts-drp-1/tests/phase-6b-d110c-b-hot-adoption.test.ts"}]}