{"numTotalTestSuites":2,"numPassedTestSuites":0,"numFailedTestSuites":2,"numPendingTestSuites":0,"numTotalTests":1,"numPassedTests":0,"numFailedTests":1,"numPendingTests":0,"numTodoTests":0,"snapshot":{"added":0,"failure":false,"filesAdded":0,"filesRemoved":0,"filesRemovedList":[],"filesUnmatched":0,"filesUpdated":0,"matched":0,"total":0,"unchecked":0,"uncheckedKeysByFile":[],"unmatched":0,"updated":0,"didUpdate":false},"startTime":1788370420081,"success":false,"testResults":[{"assertionResults":[{"ancestorTitles":["D.110c-b general hot adoption GREEN"],"fullName":"D.110c-b general hot adoption GREEN advances the genuine epoch-one close to one exact epoch-two active owner","status":"failed","title":"advances the genuine epoch-one close to one exact epoch-two active owner","duration":2378.1643750000003,"failureMessages":["AssertionError: expected { …(3) } to deeply equal { kind: 'published', ok: true }\n    at /Users/aristotle/Documents/Projects/ts-drp-1/tests/phase-6b-d110c-b-hot-adoption.test.ts:64:31\n    at file:///Users/aristotle/Documents/Projects/ts-drp-1/node_modules/.pnpm/@vitest+runner@3.1.1/node_modules/@vitest/runner/dist/index.js:595:20"],"meta":{}}],"startTime":1788370420936,"endTime":1788370423314.1643,"status":"failed","message":"","name":"/Users/aristotle/Documents/Projects/ts-drp-1/tests/phase-6b-d110c-b-hot-adoption.test.ts"}]}