{"numTotalTestSuites":4,"numPassedTestSuites":4,"numFailedTestSuites":0,"numPendingTestSuites":0,"numTotalTests":48,"numPassedTests":48,"numFailedTests":0,"numPendingTests":0,"numTodoTests":0,"snapshot":{"added":0,"failure":false,"filesAdded":0,"filesRemoved":0,"filesRemovedList":[],"filesUnmatched":0,"filesUpdated":0,"matched":0,"total":0,"unchecked":0,"uncheckedKeysByFile":[],"unmatched":0,"updated":0,"didUpdate":false},"startTime":1788224677843,"success":true,"testResults":[{"assertionResults":[{"ancestorTitles":["D.109c shared AHE-reclamation causal RED"],"fullName":"D.109c shared AHE-reclamation causal RED freezes the exact path, error, lineage, corruption, reference, count and crash rosters","status":"passed","title":"freezes the exact path, error, lineage, corruption, reference, count and crash rosters","duration":2.059750000000008,"failureMessages":[],"meta":{}},{"ancestorTitles":["D.109c shared AHE-reclamation causal RED"],"fullName":"D.109c shared AHE-reclamation causal RED pins the unchanged 12-key facade, ephemeral memory owner and D.109a lineage predicates","status":"passed","title":"pins the unchanged 12-key facade, ephemeral memory owner and D.109a lineage predicates","duration":3.2378330000000233,"failureMessages":[],"meta":{}},{"ancestorTitles":["D.109c shared AHE-reclamation causal RED"],"fullName":"D.109c shared AHE-reclamation causal RED freezes the current storage export map before the additive maintenance subpath","status":"passed","title":"freezes the current storage export map before the additive maintenance subpath","duration":0.571708000000001,"failureMessages":[],"meta":{}},{"ancestorTitles":["D.109c shared AHE-reclamation causal RED"],"fullName":"D.109c shared AHE-reclamation causal RED keeps the four authorized live census amendments readiness-conditional","status":"passed","title":"keeps the four authorized live census amendments readiness-conditional","duration":2.6335000000000264,"failureMessages":[],"meta":{}},{"ancestorTitles":["D.109c shared AHE-reclamation causal RED"],"fullName":"D.109c shared AHE-reclamation causal RED [RED readiness] requires the shared maintenance contract and classifier owner","status":"passed","title":"[RED readiness] requires the shared maintenance contract and classifier owner","duration":0.25979200000000446,"failureMessages":[],"meta":{}},{"ancestorTitles":["D.109c shared AHE-reclamation causal RED"],"fullName":"D.109c shared AHE-reclamation causal RED publishes only the exact closed shared error registry","status":"passed","title":"publishes only the exact closed shared error registry","duration":34.20266700000002,"failureMessages":[],"meta":{}},{"ancestorTitles":["D.109c shared AHE-reclamation causal RED"],"fullName":"D.109c shared AHE-reclamation causal RED captures the frozen D.109a AHE subset without aliases or runtime authority","status":"passed","title":"captures the frozen D.109a AHE subset without aliases or runtime authority","duration":1.9682919999999626,"failureMessages":[],"meta":{}},{"ancestorTitles":["D.109c shared AHE-reclamation causal RED"],"fullName":"D.109c shared AHE-reclamation causal RED classifies one lineage, preserves shared blobs and produces a frozen replay receipt","status":"passed","title":"classifies one lineage, preserves shared blobs and produces a frozen replay receipt","duration":6.192874999999958,"failureMessages":[],"meta":{}},{"ancestorTitles":["D.109c shared AHE-reclamation causal RED"],"fullName":"D.109c shared AHE-reclamation causal RED proves the honest memory facade remains non-authoritative","status":"passed","title":"proves the honest memory facade remains non-authoritative","duration":0.7298339999999826,"failureMessages":[],"meta":{}}],"startTime":1788224680621,"endTime":1788224680673.7297,"status":"passed","message":"","name":"/Users/aristotle/Documents/Projects/ts-drp-1/tests/phase-6b-ahe-reclamation-red.test.ts"},{"assertionResults":[{"ancestorTitles":["D.109c Node AHE-reclamation causal RED"],"fullName":"D.109c Node AHE-reclamation causal RED freezes the native lineage/reference/count and hard-kill matrices","status":"passed","title":"freezes the native lineage/reference/count and hard-kill matrices","duration":1.3258749999999964,"failureMessages":[],"meta":{}},{"ancestorTitles":["D.109c Node AHE-reclamation causal RED"],"fullName":"D.109c Node AHE-reclamation causal RED [RED readiness] requires the Node identity owner and atomic reclamation transaction","status":"passed","title":"[RED readiness] requires the Node identity owner and atomic reclamation transaction","duration":0.5557499999999891,"failureMessages":[],"meta":{}},{"ancestorTitles":["D.109c Node AHE-reclamation causal RED"],"fullName":"D.109c Node AHE-reclamation causal RED reclaims a genuine five-generation prefix, reopens and replays idempotently","status":"passed","title":"reclaims a genuine five-generation prefix, reopens and replays idempotently","duration":181.27270800000002,"failureMessages":[],"meta":{}},{"ancestorTitles":["D.109c Node AHE-reclamation causal RED"],"fullName":"D.109c Node AHE-reclamation causal RED resolves only the exact strict facade and denies copy, proxy and memory facades","status":"passed","title":"resolves only the exact strict facade and denies copy, proxy and memory facades","duration":28.00591700000001,"failureMessages":[],"meta":{}},{"ancestorTitles":["D.109c Node AHE-reclamation causal RED"],"fullName":"D.109c Node AHE-reclamation causal RED refuses the frozen native mutant head-different with zero committed deletion","status":"passed","title":"refuses the frozen native mutant head-different with zero committed deletion","duration":27.57854100000003,"failureMessages":[],"meta":{}},{"ancestorTitles":["D.109c Node AHE-reclamation causal RED"],"fullName":"D.109c Node AHE-reclamation causal RED refuses the frozen native mutant revision-stale with zero committed deletion","status":"passed","title":"refuses the frozen native mutant revision-stale with zero committed deletion","duration":29.260667000000012,"failureMessages":[],"meta":{}},{"ancestorTitles":["D.109c Node AHE-reclamation causal RED"],"fullName":"D.109c Node AHE-reclamation causal RED refuses the frozen native mutant active-mismatch with zero committed deletion","status":"passed","title":"refuses the frozen native mutant active-mismatch with zero committed deletion","duration":101.77766700000006,"failureMessages":[],"meta":{}},{"ancestorTitles":["D.109c Node AHE-reclamation causal RED"],"fullName":"D.109c Node AHE-reclamation causal RED refuses the frozen native mutant rollback-insufficient with zero committed deletion","status":"passed","title":"refuses the frozen native mutant rollback-insufficient with zero committed deletion","duration":31.243999999999915,"failureMessages":[],"meta":{}},{"ancestorTitles":["D.109c Node AHE-reclamation causal RED"],"fullName":"D.109c Node AHE-reclamation causal RED refuses the frozen native mutant rollback-wrong-countable-pair with zero committed deletion","status":"passed","title":"refuses the frozen native mutant rollback-wrong-countable-pair with zero committed deletion","duration":29.39429199999995,"failureMessages":[],"meta":{}},{"ancestorTitles":["D.109c Node AHE-reclamation causal RED"],"fullName":"D.109c Node AHE-reclamation causal RED refuses the frozen native mutant identity-duplicate with zero committed deletion","status":"passed","title":"refuses the frozen native mutant identity-duplicate with zero committed deletion","duration":29.617042000000083,"failureMessages":[],"meta":{}},{"ancestorTitles":["D.109c Node AHE-reclamation causal RED"],"fullName":"D.109c Node AHE-reclamation causal RED refuses the frozen native mutant closure-changed with zero committed deletion","status":"passed","title":"refuses the frozen native mutant closure-changed with zero committed deletion","duration":43.19612500000005,"failureMessages":[],"meta":{}},{"ancestorTitles":["D.109c Node AHE-reclamation causal RED"],"fullName":"D.109c Node AHE-reclamation causal RED refuses the frozen native mutant state-changed with zero committed deletion","status":"passed","title":"refuses the frozen native mutant state-changed with zero committed deletion","duration":29.666499999999928,"failureMessages":[],"meta":{}},{"ancestorTitles":["D.109c Node AHE-reclamation causal RED"],"fullName":"D.109c Node AHE-reclamation causal RED refuses the frozen native mutant floor-wrong with zero committed deletion","status":"passed","title":"refuses the frozen native mutant floor-wrong with zero committed deletion","duration":26.552958999999987,"failureMessages":[],"meta":{}},{"ancestorTitles":["D.109c Node AHE-reclamation causal RED"],"fullName":"D.109c Node AHE-reclamation causal RED refuses the frozen native mutant former-parent-wrong with zero committed deletion","status":"passed","title":"refuses the frozen native mutant former-parent-wrong with zero committed deletion","duration":27.456457999999998,"failureMessages":[],"meta":{}},{"ancestorTitles":["D.109c Node AHE-reclamation causal RED"],"fullName":"D.109c Node AHE-reclamation causal RED refuses the frozen native mutant lineage-gap with zero committed deletion","status":"passed","title":"refuses the frozen native mutant lineage-gap with zero committed deletion","duration":34.72483399999999,"failureMessages":[],"meta":{}},{"ancestorTitles":["D.109c Node AHE-reclamation causal RED"],"fullName":"D.109c Node AHE-reclamation causal RED refuses the frozen native mutant lineage-cycle with zero committed deletion","status":"passed","title":"refuses the frozen native mutant lineage-cycle with zero committed deletion","duration":29.02245800000003,"failureMessages":[],"meta":{}},{"ancestorTitles":["D.109c Node AHE-reclamation causal RED"],"fullName":"D.109c Node AHE-reclamation causal RED refuses the frozen native mutant surviving-branch with zero committed deletion","status":"passed","title":"refuses the frozen native mutant surviving-branch with zero committed deletion","duration":27.85279099999991,"failureMessages":[],"meta":{}},{"ancestorTitles":["D.109c Node AHE-reclamation causal RED"],"fullName":"D.109c Node AHE-reclamation causal RED refuses the frozen native mutant extra-target-row with zero committed deletion","status":"passed","title":"refuses the frozen native mutant extra-target-row with zero committed deletion","duration":25.397333000000003,"failureMessages":[],"meta":{}},{"ancestorTitles":["D.109c Node AHE-reclamation causal RED"],"fullName":"D.109c Node AHE-reclamation causal RED refuses the frozen native mutant post-state-dangling-parent with zero committed deletion","status":"passed","title":"refuses the frozen native mutant post-state-dangling-parent with zero committed deletion","duration":25.78958399999999,"failureMessages":[],"meta":{}},{"ancestorTitles":["D.109c Node AHE-reclamation causal RED"],"fullName":"D.109c Node AHE-reclamation causal RED refuses the frozen native mutant retained-blob-missing with zero committed deletion","status":"passed","title":"refuses the frozen native mutant retained-blob-missing with zero committed deletion","duration":26.387542000000167,"failureMessages":[],"meta":{}},{"ancestorTitles":["D.109c Node AHE-reclamation causal RED"],"fullName":"D.109c Node AHE-reclamation causal RED refuses the frozen native mutant retained-blob-corrupt with zero committed deletion","status":"passed","title":"refuses the frozen native mutant retained-blob-corrupt with zero committed deletion","duration":24.772290999999996,"failureMessages":[],"meta":{}},{"ancestorTitles":["D.109c Node AHE-reclamation causal RED"],"fullName":"D.109c Node AHE-reclamation causal RED refuses the frozen native mutant promotion-missing with zero committed deletion","status":"passed","title":"refuses the frozen native mutant promotion-missing with zero committed deletion","duration":25.216249999999945,"failureMessages":[],"meta":{}},{"ancestorTitles":["D.109c Node AHE-reclamation causal RED"],"fullName":"D.109c Node AHE-reclamation causal RED refuses the frozen native mutant promotion-extra with zero committed deletion","status":"passed","title":"refuses the frozen native mutant promotion-extra with zero committed deletion","duration":24.1170410000002,"failureMessages":[],"meta":{}},{"ancestorTitles":["D.109c Node AHE-reclamation causal RED"],"fullName":"D.109c Node AHE-reclamation causal RED refuses the frozen native mutant promotion-wrong-digest with zero committed deletion","status":"passed","title":"refuses the frozen native mutant promotion-wrong-digest with zero committed deletion","duration":23.517750000000206,"failureMessages":[],"meta":{}},{"ancestorTitles":["D.109c Node AHE-reclamation causal RED"],"fullName":"D.109c Node AHE-reclamation causal RED refuses the frozen native mutant target-generation-malformed with zero committed deletion","status":"passed","title":"refuses the frozen native mutant target-generation-malformed with zero committed deletion","duration":23.37258399999996,"failureMessages":[],"meta":{}},{"ancestorTitles":["D.109c Node AHE-reclamation causal RED"],"fullName":"D.109c Node AHE-reclamation causal RED refuses the frozen native mutant unrelated-generation-malformed with zero committed deletion","status":"passed","title":"refuses the frozen native mutant unrelated-generation-malformed with zero committed deletion","duration":22.894875000000184,"failureMessages":[],"meta":{}},{"ancestorTitles":["D.109c Node AHE-reclamation causal RED"],"fullName":"D.109c Node AHE-reclamation causal RED refuses the frozen native mutant generation-key-record-mismatch with zero committed deletion","status":"passed","title":"refuses the frozen native mutant generation-key-record-mismatch with zero committed deletion","duration":22.77862499999992,"failureMessages":[],"meta":{}},{"ancestorTitles":["D.109c Node AHE-reclamation causal RED"],"fullName":"D.109c Node AHE-reclamation causal RED refuses the frozen native mutant partial-replay with zero committed deletion","status":"passed","title":"refuses the frozen native mutant partial-replay with zero committed deletion","duration":23.17800000000011,"failureMessages":[],"meta":{}},{"ancestorTitles":["D.109c Node AHE-reclamation causal RED"],"fullName":"D.109c Node AHE-reclamation causal RED refuses the frozen native mutant floor-update-count with zero committed deletion","status":"passed","title":"refuses the frozen native mutant floor-update-count with zero committed deletion","duration":23.045333000000028,"failureMessages":[],"meta":{}},{"ancestorTitles":["D.109c Node AHE-reclamation causal RED"],"fullName":"D.109c Node AHE-reclamation causal RED refuses the frozen native mutant promotion-delete-count with zero committed deletion","status":"passed","title":"refuses the frozen native mutant promotion-delete-count with zero committed deletion","duration":22.384958000000097,"failureMessages":[],"meta":{}},{"ancestorTitles":["D.109c Node AHE-reclamation causal RED"],"fullName":"D.109c Node AHE-reclamation causal RED refuses the frozen native mutant generation-delete-count with zero committed deletion","status":"passed","title":"refuses the frozen native mutant generation-delete-count with zero committed deletion","duration":23.39758299999994,"failureMessages":[],"meta":{}},{"ancestorTitles":["D.109c Node AHE-reclamation causal RED"],"fullName":"D.109c Node AHE-reclamation causal RED refuses the frozen native mutant blob-delete-count with zero committed deletion","status":"passed","title":"refuses the frozen native mutant blob-delete-count with zero committed deletion","duration":24.212792000000036,"failureMessages":[],"meta":{}},{"ancestorTitles":["D.109c Node AHE-reclamation causal RED"],"fullName":"D.109c Node AHE-reclamation causal RED proves the frozen native reference case retained-shared-blob","status":"passed","title":"proves the frozen native reference case retained-shared-blob","duration":23.298416999999972,"failureMessages":[],"meta":{}},{"ancestorTitles":["D.109c Node AHE-reclamation causal RED"],"fullName":"D.109c Node AHE-reclamation causal RED proves the frozen native reference case cross-object-shared-blob","status":"passed","title":"proves the frozen native reference case cross-object-shared-blob","duration":27.006667000000107,"failureMessages":[],"meta":{}},{"ancestorTitles":["D.109c Node AHE-reclamation causal RED"],"fullName":"D.109c Node AHE-reclamation causal RED proves the frozen native reference case candidate-only-blob","status":"passed","title":"proves the frozen native reference case candidate-only-blob","duration":23.323750000000018,"failureMessages":[],"meta":{}},{"ancestorTitles":["D.109c Node AHE-reclamation causal RED"],"fullName":"D.109c Node AHE-reclamation causal RED proves the frozen native reference case unrelated-orphan-retained","status":"passed","title":"proves the frozen native reference case unrelated-orphan-retained","duration":24.691540999999916,"failureMessages":[],"meta":{}},{"ancestorTitles":["D.109c Node AHE-reclamation causal RED"],"fullName":"D.109c Node AHE-reclamation causal RED proves the frozen native reference case staged-partial-promotions","status":"passed","title":"proves the frozen native reference case staged-partial-promotions","duration":34.32141699999988,"failureMessages":[],"meta":{}},{"ancestorTitles":["D.109c Node AHE-reclamation causal RED"],"fullName":"D.109c Node AHE-reclamation causal RED proves the frozen native reference case discarded-partial-promotions","status":"passed","title":"proves the frozen native reference case discarded-partial-promotions","duration":25.42733300000009,"failureMessages":[],"meta":{}},{"ancestorTitles":["D.109c Node AHE-reclamation causal RED"],"fullName":"D.109c Node AHE-reclamation causal RED owns six genuine SIGKILL edges with old XOR complete-new reopen state","status":"passed","title":"owns six genuine SIGKILL edges with old XOR complete-new reopen state","duration":809.9373330000001,"failureMessages":[],"meta":{}}],"startTime":1788224678279,"endTime":1788224680286.9373,"status":"passed","message":"","name":"/Users/aristotle/Documents/Projects/ts-drp-1/packages/storage-node/tests/phase-6b-ahe-reclamation-red.test.ts"}]}