{"numTotalTestSuites":39,"numPassedTestSuites":37,"numFailedTestSuites":2,"numPendingTestSuites":0,"numTotalTests":199,"numPassedTests":197,"numFailedTests":1,"numPendingTests":1,"numTodoTests":0,"snapshot":{"added":0,"failure":false,"filesAdded":0,"filesRemoved":0,"filesRemovedList":[],"filesUnmatched":0,"filesUpdated":0,"matched":0,"total":0,"unchecked":0,"uncheckedKeysByFile":[],"unmatched":0,"updated":0,"didUpdate":false},"startTime":1788224749560,"success":false,"testResults":[{"assertionResults":[{"ancestorTitles":["D.108c one-CAS creator adoption RED"],"fullName":"D.108c one-CAS creator adoption RED freezes exactly ten RED and four GREEN owners","status":"passed","title":"freezes exactly ten RED and four GREEN owners","duration":4.036542000000054,"failureMessages":[],"meta":{}},{"ancestorTitles":["D.108c one-CAS creator adoption RED"],"fullName":"D.108c one-CAS creator adoption RED freezes the closed public contract and finite fault vocabulary","status":"passed","title":"freezes the closed public contract and finite fault vocabulary","duration":0.8709170000000199,"failureMessages":[],"meta":{}},{"ancestorTitles":["D.108c one-CAS creator adoption RED"],"fullName":"D.108c one-CAS creator adoption RED constructs one sorted generation-2 replacement without a manifest ref","status":"passed","title":"constructs one sorted generation-2 replacement without a manifest ref","duration":1.3951250000000073,"failureMessages":[],"meta":{}},{"ancestorTitles":["D.108c one-CAS creator adoption RED"],"fullName":"D.108c one-CAS creator adoption RED classifies exact active-new independently of a retrying generation id","status":"passed","title":"classifies exact active-new independently of a retrying generation id","duration":1.3430000000000177,"failureMessages":[],"meta":{}},{"ancestorTitles":["D.108c one-CAS creator adoption RED"],"fullName":"D.108c one-CAS creator adoption RED keeps root/product/transport/issuance/activation owners outside the GREEN roster","status":"passed","title":"keeps root/product/transport/issuance/activation owners outside the GREEN roster","duration":1.2556660000000193,"failureMessages":[],"meta":{}},{"ancestorTitles":["D.108c one-CAS creator adoption RED"],"fullName":"D.108c one-CAS creator adoption RED [RED readiness] requires all four candidate owners and the non-root package export","status":"passed","title":"[RED readiness] requires all four candidate owners and the non-root package export","duration":0.23216699999994717,"failureMessages":[],"meta":{}},{"ancestorTitles":["D.108c one-CAS creator adoption RED"],"fullName":"D.108c one-CAS creator adoption RED consumes only a genuine owner-bound intent and commits one exact successor","status":"passed","title":"consumes only a genuine owner-bound intent and commits one exact successor","duration":381.564333,"failureMessages":[],"meta":{}},{"ancestorTitles":["D.108c one-CAS creator adoption RED"],"fullName":"D.108c one-CAS creator adoption RED accepts a byte-identical second intent without a second head swap","status":"passed","title":"accepts a byte-identical second intent without a second head swap","duration":247.48233300000004,"failureMessages":[],"meta":{}},{"ancestorTitles":["D.108c one-CAS creator adoption RED"],"fullName":"D.108c one-CAS creator adoption RED reopens pending-old or exact active-new at every logical request fault","status":"passed","title":"reopens pending-old or exact active-new at every logical request fault","duration":6237.310291,"failureMessages":[],"meta":{}}],"startTime":1788224755443,"endTime":1788224762320.3103,"status":"passed","message":"","name":"/Users/aristotle/Documents/Projects/ts-drp-1/tests/phase-6a-creator-adoption-commit-red.test.ts"},{"assertionResults":[{"ancestorTitles":["D.108b read-only creator-successor adoption RED"],"fullName":"D.108b read-only creator-successor adoption RED freezes the exact tests-only and GREEN owner rosters","status":"passed","title":"freezes the exact tests-only and GREEN owner rosters","duration":1.1835840000001099,"failureMessages":[],"meta":{}},{"ancestorTitles":["D.108b read-only creator-successor adoption RED"],"fullName":"D.108b read-only creator-successor adoption RED freezes the exact v3-live-generation-2 grammar and compact-history carrier","status":"passed","title":"freezes the exact v3-live-generation-2 grammar and compact-history carrier","duration":1.2403749999998581,"failureMessages":[],"meta":{}},{"ancestorTitles":["D.108b read-only creator-successor adoption RED"],"fullName":"D.108b read-only creator-successor adoption RED enumerates every registered CutValue field and every cross-owner causal mutant","status":"passed","title":"enumerates every registered CutValue field and every cross-owner causal mutant","duration":0.7039999999999509,"failureMessages":[],"meta":{}},{"ancestorTitles":["D.108b read-only creator-successor adoption RED"],"fullName":"D.108b read-only creator-successor adoption RED pins owner-bound one-use intent behavior independently of serialization","status":"passed","title":"pins owner-bound one-use intent behavior independently of serialization","duration":0.17237500000010186,"failureMessages":[],"meta":{}},{"ancestorTitles":["D.108b read-only creator-successor adoption RED"],"fullName":"D.108b read-only creator-successor adoption RED forbids AHE mutation and node-root/chat widening while assigning D.108d2 room ownership","status":"passed","title":"forbids AHE mutation and node-root/chat widening while assigning D.108d2 room ownership","duration":2.4889160000000174,"failureMessages":[],"meta":{}},{"ancestorTitles":["D.108b read-only creator-successor adoption RED"],"fullName":"D.108b read-only creator-successor adoption RED executes every CutValue mutant against the genuine certified successor chain","status":"passed","title":"executes every CutValue mutant against the genuine certified successor chain","duration":91.11416700000018,"failureMessages":[],"meta":{}},{"ancestorTitles":["D.108b read-only creator-successor adoption RED"],"fullName":"D.108b read-only creator-successor adoption RED executes swapped Cut/QC/trust, prepare-QC, duplicate-signer and pending-ref mutants","status":"passed","title":"executes swapped Cut/QC/trust, prepare-QC, duplicate-signer and pending-ref mutants","duration":21.259915999999976,"failureMessages":[],"meta":{}},{"ancestorTitles":["D.108b read-only creator-successor adoption RED"],"fullName":"D.108b read-only creator-successor adoption RED executes predecessor-lineage, close-order and append-only history mutants","status":"passed","title":"executes predecessor-lineage, close-order and append-only history mutants","duration":0.4906670000000304,"failureMessages":[],"meta":{}},{"ancestorTitles":["D.108b read-only creator-successor adoption RED"],"fullName":"D.108b read-only creator-successor adoption RED replays the genuine durable journal/issuance pair and rejects missing local-issued custody","status":"passed","title":"replays the genuine durable journal/issuance pair and rejects missing local-issued custody","duration":0.8484579999999369,"failureMessages":[],"meta":{}},{"ancestorTitles":["D.108b read-only creator-successor adoption RED"],"fullName":"D.108b read-only creator-successor adoption RED executes manifest, chunk, payload, catalog and artifact cross-pair mutants","status":"passed","title":"executes manifest, chunk, payload, catalog and artifact cross-pair mutants","duration":3.204082999999855,"failureMessages":[],"meta":{}},{"ancestorTitles":["D.108b read-only creator-successor adoption RED"],"fullName":"D.108b read-only creator-successor adoption RED detects a durable vertex appended after the sealed journal snapshot","status":"passed","title":"detects a durable vertex appended after the sealed journal snapshot","duration":2.484708999999839,"failureMessages":[],"meta":{}},{"ancestorTitles":["D.108b read-only creator-successor adoption RED"],"fullName":"D.108b read-only creator-successor adoption RED derives the exact canonical generation-2 projection and reopens its compact history","status":"passed","title":"derives the exact canonical generation-2 projection and reopens its compact history","duration":3.547749999999951,"failureMessages":[],"meta":{}},{"ancestorTitles":["D.108b read-only creator-successor adoption RED"],"fullName":"D.108b read-only creator-successor adoption RED has one composite readiness gate for the genuine future verifier","status":"passed","title":"has one composite readiness gate for the genuine future verifier","duration":361.84508400000004,"failureMessages":[],"meta":{}}],"startTime":1788224751198,"endTime":1788224751688.845,"status":"passed","message":"","name":"/Users/aristotle/Documents/Projects/ts-drp-1/tests/phase-6a-creator-adoption-red.test.ts"},{"assertionResults":[{"ancestorTitles":["D.109a closed-epoch cleanup eligibility RED"],"fullName":"D.109a closed-epoch cleanup eligibility RED freezes one tests-only RED owner, one internal GREEN owner, the policy vector, and refusal precedence","status":"passed","title":"freezes one tests-only RED owner, one internal GREEN owner, the policy vector, and refusal precedence","duration":2.0659160000000156,"failureMessages":[],"meta":{}},{"ancestorTitles":["D.109a closed-epoch cleanup eligibility RED"],"fullName":"D.109a closed-epoch cleanup eligibility RED proves the dangling-parent mutant and exact local lineage-floor normalization","status":"passed","title":"proves the dangling-parent mutant and exact local lineage-floor normalization","duration":3.4071669999999585,"failureMessages":[],"meta":{}},{"ancestorTitles":["D.109a closed-epoch cleanup eligibility RED"],"fullName":"D.109a closed-epoch cleanup eligibility RED keeps the candidate package-internal and free of deletion effects","status":"passed","title":"keeps the candidate package-internal and free of deletion effects","duration":1.1733749999999645,"failureMessages":[],"meta":{}},{"ancestorTitles":["D.109a closed-epoch cleanup eligibility RED"],"fullName":"D.109a closed-epoch cleanup eligibility RED [RED readiness] requires the sole closed-epoch cleanup planner","status":"passed","title":"[RED readiness] requires the sole closed-epoch cleanup planner","duration":0.07995800000003328,"failureMessages":[],"meta":{}},{"ancestorTitles":["D.109a closed-epoch cleanup eligibility RED"],"fullName":"D.109a closed-epoch cleanup eligibility RED returns the exact immutable active/two-ancestor/floor plan","status":"passed","title":"returns the exact immutable active/two-ancestor/floor plan","duration":17.750165999999922,"failureMessages":[],"meta":{}},{"ancestorTitles":["D.109a closed-epoch cleanup eligibility RED"],"fullName":"D.109a closed-epoch cleanup eligibility RED continues planning from a numeric pruning watermark across restart and a later epoch","status":"passed","title":"continues planning from a numeric pruning watermark across restart and a later epoch","duration":3.124333999999976,"failureMessages":[],"meta":{}},{"ancestorTitles":["D.109a closed-epoch cleanup eligibility RED"],"fullName":"D.109a closed-epoch cleanup eligibility RED rejects every causal mutant with the exact closed reason","status":"passed","title":"rejects every causal mutant with the exact closed reason","duration":1.9147499999999127,"failureMessages":[],"meta":{}},{"ancestorTitles":["D.109a closed-epoch cleanup eligibility RED"],"fullName":"D.109a closed-epoch cleanup eligibility RED refuses gaps, surviving branches, wrong floor parents, and incomplete closures","status":"passed","title":"refuses gaps, surviving branches, wrong floor parents, and incomplete closures","duration":1.2229580000000624,"failureMessages":[],"meta":{}},{"ancestorTitles":["D.109a closed-epoch cleanup eligibility RED"],"fullName":"D.109a closed-epoch cleanup eligibility RED applies exact refusal precedence","status":"passed","title":"applies exact refusal precedence","duration":0.7853329999999232,"failureMessages":[],"meta":{}},{"ancestorTitles":["D.109a closed-epoch cleanup eligibility RED"],"fullName":"D.109a closed-epoch cleanup eligibility RED is permutation-invariant and returns detached output","status":"passed","title":"is permutation-invariant and returns detached output","duration":1.3385830000000851,"failureMessages":[],"meta":{}},{"ancestorTitles":["D.109a closed-epoch cleanup eligibility RED"],"fullName":"D.109a closed-epoch cleanup eligibility RED accepts genuine Phase-6a close/adoption material without reopening verification","status":"passed","title":"accepts genuine Phase-6a close/adoption material without reopening verification","duration":489.2343329999999,"failureMessages":[],"meta":{}}],"startTime":1788224752468,"endTime":1788224752990.2344,"status":"passed","message":"","name":"/Users/aristotle/Documents/Projects/ts-drp-1/tests/phase-6b-cleanup-eligibility-red.test.ts"},{"assertionResults":[{"ancestorTitles":["Phase 2a nominal identity and digest boundary"],"fullName":"Phase 2a nominal identity and digest boundary accepts the one canonical creator-bound storage object spelling","status":"passed","title":"accepts the one canonical creator-bound storage object spelling","duration":1.183667000000014,"failureMessages":[],"meta":{}},{"ancestorTitles":["Phase 2a nominal identity and digest boundary"],"fullName":"Phase 2a nominal identity and digest boundary rejects plain, legacy, normalized, or malformed object ID \"legacy-room-id\"","status":"passed","title":"rejects plain, legacy, normalized, or malformed object ID \"legacy-room-id\"","duration":0.26795799999999304,"failureMessages":[],"meta":{}},{"ancestorTitles":["Phase 2a nominal identity and digest boundary"],"fullName":"Phase 2a nominal identity and digest boundary rejects plain, legacy, normalized, or malformed object ID \":aaaaaaaaaaaaaaaaaaaaaaaaaaaaaaaa\"","status":"passed","title":"rejects plain, legacy, normalized, or malformed object ID \":aaaaaaaaaaaaaaaaaaaaaaaaaaaaaaaa\"","duration":0.06845799999999258,"failureMessages":[],"meta":{}},{"ancestorTitles":["Phase 2a nominal identity and digest boundary"],"fullName":"Phase 2a nominal identity and digest boundary rejects plain, legacy, normalized, or malformed object ID \"peer:AAAAAAAAAAAAAAAAAAAAAAAAAAAAAAAA\"","status":"passed","title":"rejects plain, legacy, normalized, or malformed object ID \"peer:AAAAAAAAAAAAAAAAAAAAAAAAAAAAAAAA\"","duration":0.12749999999999773,"failureMessages":[],"meta":{}},{"ancestorTitles":["Phase 2a nominal identity and digest boundary"],"fullName":"Phase 2a nominal identity and digest boundary rejects plain, legacy, normalized, or malformed object ID \"peer:aaaaaaaaaaaaaaaaaaaaaaaaaaaaaaa\"","status":"passed","title":"rejects plain, legacy, normalized, or malformed object ID \"peer:aaaaaaaaaaaaaaaaaaaaaaaaaaaaaaa\"","duration":0.08108400000000415,"failureMessages":[],"meta":{}},{"ancestorTitles":["Phase 2a nominal identity and digest boundary"],"fullName":"Phase 2a nominal identity and digest boundary rejects plain, legacy, normalized, or malformed object ID \"peer:extra:aaaaaaaaaaaaaaaaaaaaaaaaaaaaaaaa\"","status":"passed","title":"rejects plain, legacy, normalized, or malformed object ID \"peer:extra:aaaaaaaaaaaaaaaaaaaaaaaaaaaaaaaa\"","duration":0.1267920000000231,"failureMessages":[],"meta":{}},{"ancestorTitles":["Phase 2a nominal identity and digest boundary"],"fullName":"Phase 2a nominal identity and digest boundary rejects plain, legacy, normalized, or malformed object ID \"peer\\u0000:aaaaaaaaaaaaaaaaaaaaaaaaaaaaaaaa\"","status":"passed","title":"rejects plain, legacy, normalized, or malformed object ID \"peer\\u0000:aaaaaaaaaaaaaaaaaaaaaaaaaaaaaaaa\"","duration":0.0499590000000012,"failureMessages":[],"meta":{}},{"ancestorTitles":["Phase 2a nominal identity and digest boundary"],"fullName":"Phase 2a nominal identity and digest boundary rejects plain, legacy, normalized, or malformed object ID \"peer\\ud800:aaaaaaaaaaaaaaaaaaaaaaaaaaaaaaaa\"","status":"passed","title":"rejects plain, legacy, normalized, or malformed object ID \"peer\\ud800:aaaaaaaaaaaaaaaaaaaaaaaaaaaaaaaa\"","duration":0.03758400000000961,"failureMessages":[],"meta":{}},{"ancestorTitles":["Phase 2a nominal identity and digest boundary"],"fullName":"Phase 2a nominal identity and digest boundary rejects plain, legacy, normalized, or malformed object ID \"ppppppppppppppppppppppppppppppppppppppppppppppppppppppppppppppppppppppppppppppppppppppppppppppppppppppppppppppppppppppppppppppppppppppppppppppppppppppppppppppppppppppppppppppppppppppppppppppppppppppppppppppppppppppppppppppppppppppppppppppppppppppppppppppppppppppppppppppppppppppppppppppppppppppppppppppppppppppppppppppppppppppppppppppppppppppppppppppppppppppppppppppppppppppppppppppppppppppppppppppppppppppppppppppppppppppppppppppppppppppppppppppppppppppppppppppppppppppppppppppppppppppppppppppppppppppppppppppppppppppppppppppppppppppppppppppppppppppppppppppppppppppppppppppppppppppppppppppppppppppppppppppppppppppppppppppppppppppppppppppppppppppppppppppppppppppppppppppppppppppppppppppppppppppppppppppppppppppppppppppppppppppppppppppppppppppppppppppppppppppppppppppppppppppppppppppppppppppppppppppppppppppppppppppppppppppppppppppppppppppppppppppppppppppppppppppppppppppppppppppppppppppppppppppppppppppppppppppppppppppppppppppppppppppppppppppppppppppppppppppppppppppppppppppppppppppppppppppppp:aaaaaaaaaaaaaaaaaaaaaaaaaaaaaaaa\"","status":"passed","title":"rejects plain, legacy, normalized, or malformed object ID \"ppppppppppppppppppppppppppppppppppppppppppppppppppppppppppppppppppppppppppppppppppppppppppppppppppppppppppppppppppppppppppppppppppppppppppppppppppppppppppppppppppppppppppppppppppppppppppppppppppppppppppppppppppppppppppppppppppppppppppppppppppppppppppppppppppppppppppppppppppppppppppppppppppppppppppppppppppppppppppppppppppppppppppppppppppppppppppppppppppppppppppppppppppppppppppppppppppppppppppppppppppppppppppppppppppppppppppppppppppppppppppppppppppppppppppppppppppppppppppppppppppppppppppppppppppppppppppppppppppppppppppppppppppppppppppppppppppppppppppppppppppppppppppppppppppppppppppppppppppppppppppppppppppppppppppppppppppppppppppppppppppppppppppppppppppppppppppppppppppppppppppppppppppppppppppppppppppppppppppppppppppppppppppppppppppppppppppppppppppppppppppppppppppppppppppppppppppppppppppppppppppppppppppppppppppppppppppppppppppppppppppppppppppppppppppppppppppppppppppppppppppppppppppppppppppppppppppppppppppppppppppppppppppppppppppppppppppppppppppppppppppppppppppppppppppppppppppppppppp:aaaaaaaaaaaaaaaaaaaaaaaaaaaaaaaa\"","duration":0.19762499999998795,"failureMessages":[],"meta":{}},{"ancestorTitles":["Phase 2a nominal identity and digest boundary"],"fullName":"Phase 2a nominal identity and digest boundary rejects non-canonical generation/digest spelling \"\"","status":"passed","title":"rejects non-canonical generation/digest spelling \"\"","duration":0.23645799999999895,"failureMessages":[],"meta":{}},{"ancestorTitles":["Phase 2a nominal identity and digest boundary"],"fullName":"Phase 2a nominal identity and digest boundary rejects non-canonical generation/digest spelling \"aaaaaaaaaaaaaaaaaaaaaaaaaaaaaaaaaaaaaaaaaaaaaaaaaaaaaaaaaaaaaaa\"","status":"passed","title":"rejects non-canonical generation/digest spelling \"aaaaaaaaaaaaaaaaaaaaaaaaaaaaaaaaaaaaaaaaaaaaaaaaaaaaaaaaaaaaaaa\"","duration":0.10658399999999801,"failureMessages":[],"meta":{}},{"ancestorTitles":["Phase 2a nominal identity and digest boundary"],"fullName":"Phase 2a nominal identity and digest boundary rejects non-canonical generation/digest spelling \"AAAAAAAAAAAAAAAAAAAAAAAAAAAAAAAAAAAAAAAAAAAAAAAAAAAAAAAAAAAAAAAA\"","status":"passed","title":"rejects non-canonical generation/digest spelling \"AAAAAAAAAAAAAAAAAAAAAAAAAAAAAAAAAAAAAAAAAAAAAAAAAAAAAAAAAAAAAAAA\"","duration":0.04770899999999756,"failureMessages":[],"meta":{}},{"ancestorTitles":["Phase 2a nominal identity and digest boundary"],"fullName":"Phase 2a nominal identity and digest boundary rejects non-canonical generation/digest spelling \"aaaaaaaaaaaaaaaaaaaaaaaaaaaaaaaaaaaaaaaaaaaaaaaaaaaaaaaaaaaaaaag\"","status":"passed","title":"rejects non-canonical generation/digest spelling \"aaaaaaaaaaaaaaaaaaaaaaaaaaaaaaaaaaaaaaaaaaaaaaaaaaaaaaaaaaaaaaag\"","duration":0.04579200000000583,"failureMessages":[],"meta":{}},{"ancestorTitles":["Phase 2a nominal identity and digest boundary"],"fullName":"Phase 2a nominal identity and digest boundary rejects sentinel or unsafe head revision 0","status":"passed","title":"rejects sentinel or unsafe head revision 0","duration":0.04258300000000759,"failureMessages":[],"meta":{}},{"ancestorTitles":["Phase 2a nominal identity and digest boundary"],"fullName":"Phase 2a nominal identity and digest boundary rejects sentinel or unsafe head revision -1","status":"passed","title":"rejects sentinel or unsafe head revision -1","duration":0.026250000000004547,"failureMessages":[],"meta":{}},{"ancestorTitles":["Phase 2a nominal identity and digest boundary"],"fullName":"Phase 2a nominal identity and digest boundary rejects sentinel or unsafe head revision null","status":"passed","title":"rejects sentinel or unsafe head revision null","duration":0.02791700000000219,"failureMessages":[],"meta":{}},{"ancestorTitles":["Phase 2a nominal identity and digest boundary"],"fullName":"Phase 2a nominal identity and digest boundary rejects sentinel or unsafe head revision 9007199254740992","status":"passed","title":"rejects sentinel or unsafe head revision 9007199254740992","duration":0.025417000000004464,"failureMessages":[],"meta":{}},{"ancestorTitles":["Phase 2a nominal identity and digest boundary"],"fullName":"Phase 2a nominal identity and digest boundary rejects sentinel or unsafe head revision 1.5","status":"passed","title":"rejects sentinel or unsafe head revision 1.5","duration":0.07429200000001401,"failureMessages":[],"meta":{}},{"ancestorTitles":["Phase 2a nominal identity and digest boundary"],"fullName":"Phase 2a nominal identity and digest boundary uses distinct storage-only domains and keeps them out of both protocol registries","status":"passed","title":"uses distinct storage-only domains and keeps them out of both protocol registries","duration":2.1435419999999965,"failureMessages":[],"meta":{}},{"ancestorTitles":["Phase 2a nominal identity and digest boundary"],"fullName":"Phase 2a nominal identity and digest boundary canonicalizes closure order before hashing","status":"passed","title":"canonicalizes closure order before hashing","duration":0.9521669999999745,"failureMessages":[],"meta":{}},{"ancestorTitles":["Phase 2a nominal identity and digest boundary"],"fullName":"Phase 2a nominal identity and digest boundary rejects SharedArrayBuffer-backed digest input before hashing","status":"passed","title":"rejects SharedArrayBuffer-backed digest input before hashing","duration":0.22624999999999318,"failureMessages":[],"meta":{}},{"ancestorTitles":["Phase 2a exact persistence codecs"],"fullName":"Phase 2a exact persistence codecs round-trips canonical head and generation records","status":"passed","title":"round-trips canonical head and generation records","duration":1.6545409999999947,"failureMessages":[],"meta":{}},{"ancestorTitles":["Phase 2a exact persistence codecs"],"fullName":"Phase 2a exact persistence codecs maps canonical unknown schema/kind for head without a v0 fallback","status":"passed","title":"maps canonical unknown schema/kind for head without a v0 fallback","duration":0.3377079999999921,"failureMessages":[],"meta":{}},{"ancestorTitles":["Phase 2a exact persistence codecs"],"fullName":"Phase 2a exact persistence codecs maps canonical unknown schema/kind for generation without a v0 fallback","status":"passed","title":"maps canonical unknown schema/kind for generation without a v0 fallback","duration":0.4817499999999768,"failureMessages":[],"meta":{}},{"ancestorTitles":["Phase 2a exact persistence codecs"],"fullName":"Phase 2a exact persistence codecs rejects extra fields and non-canonical/trailing bytes without a partial value","status":"passed","title":"rejects extra fields and non-canonical/trailing bytes without a partial value","duration":0.2957499999999982,"failureMessages":[],"meta":{}},{"ancestorTitles":["Phase 2a exact persistence codecs"],"fullName":"Phase 2a exact persistence codecs rejects non-closed generation bodies and sparse closures","status":"passed","title":"rejects non-closed generation bodies and sparse closures","duration":0.9246250000000202,"failureMessages":[],"meta":{}},{"ancestorTitles":["Phase 2a exact persistence codecs"],"fullName":"Phase 2a exact persistence codecs rejects SharedArrayBuffer before decode","status":"passed","title":"rejects SharedArrayBuffer before decode","duration":0.06483299999999304,"failureMessages":[],"meta":{}},{"ancestorTitles":["Phase 2a exact persistence codecs"],"fullName":"Phase 2a exact persistence codecs encoders reject inherited, accessor, symbol, undefined, and extra fields","status":"passed","title":"encoders reject inherited, accessor, symbol, undefined, and extra fields","duration":0.1388340000000028,"failureMessages":[],"meta":{}},{"ancestorTitles":["Phase 2a exact persistence codecs"],"fullName":"Phase 2a exact persistence codecs decoded values are detached from decoder input and one another","status":"passed","title":"decoded values are detached from decoder input and one another","duration":0.9542920000000095,"failureMessages":[],"meta":{}},{"ancestorTitles":["Phase 2a exact persistence codecs"],"fullName":"Phase 2a exact persistence codecs does not treat an arbitrary canonical body as a legacy record","status":"passed","title":"does not treat an arbitrary canonical body as a legacy record","duration":0.3525419999999997,"failureMessages":[],"meta":{}}],"startTime":1788224771144,"endTime":1788224771155.3525,"status":"passed","message":"","name":"/Users/aristotle/Documents/Projects/ts-drp-1/packages/storage/tests/identity-codec.test.ts"},{"assertionResults":[{"ancestorTitles":["Phase 2a shared contract and honest memory capabilities"],"fullName":"Phase 2a shared contract and honest memory capabilities exports a frozen data-only corpus and common runner","status":"passed","title":"exports a frozen data-only corpus and common runner","duration":9.169457999999992,"failureMessages":[],"meta":{}},{"ancestorTitles":["Phase 2a shared contract and honest memory capabilities"],"fullName":"Phase 2a shared contract and honest memory capabilities runs the common ephemeral scenario against the supplied store","status":"passed","title":"runs the common ephemeral scenario against the supplied store","duration":5.048208000000017,"failureMessages":[],"meta":{}},{"ancestorTitles":["Phase 2a shared contract and honest memory capabilities"],"fullName":"Phase 2a shared contract and honest memory capabilities rejects when a supplied store lies about an observable common step","status":"passed","title":"rejects when a supplied store lies about an observable common step","duration":1.1407920000000047,"failureMessages":[],"meta":{}},{"ancestorTitles":["Phase 2a shared contract and honest memory capabilities"],"fullName":"Phase 2a shared contract and honest memory capabilities does not export the transition owner, harness, or a signing-capability predicate","status":"passed","title":"does not export the transition owner, harness, or a signing-capability predicate","duration":1.056332999999995,"failureMessages":[],"meta":{}},{"ancestorTitles":["Phase 2a shared contract and honest memory capabilities"],"fullName":"Phase 2a shared contract and honest memory capabilities cannot be relabeled strict or signing-eligible by an environment override","status":"passed","title":"cannot be relabeled strict or signing-eligible by an environment override","duration":0.22866600000000403,"failureMessages":[],"meta":{}},{"ancestorTitles":["Phase 2a shared contract and honest memory capabilities"],"fullName":"Phase 2a shared contract and honest memory capabilities keeps the exported memory capability frozen and honest after 'ordinary assignment'","status":"passed","title":"keeps the exported memory capability frozen and honest after 'ordinary assignment'","duration":0.384208000000001,"failureMessages":[],"meta":{}},{"ancestorTitles":["Phase 2a shared contract and honest memory capabilities"],"fullName":"Phase 2a shared contract and honest memory capabilities keeps the exported memory capability frozen and honest after 'Object.defineProperty'","status":"passed","title":"keeps the exported memory capability frozen and honest after 'Object.defineProperty'","duration":0.3835420000000056,"failureMessages":[],"meta":{}},{"ancestorTitles":["Phase 2a shared contract and honest memory capabilities"],"fullName":"Phase 2a shared contract and honest memory capabilities returns DURABILITY_UNAVAILABLE before lookup/integrity for declared promotion","status":"passed","title":"returns DURABILITY_UNAVAILABLE before lookup/integrity for declared promotion","duration":0.3706669999999974,"failureMessages":[],"meta":{}},{"ancestorTitles":["Phase 2a shared contract and honest memory capabilities"],"fullName":"Phase 2a shared contract and honest memory capabilities returns DURABILITY_UNAVAILABLE before lookup/integrity for undeclared promotion","status":"passed","title":"returns DURABILITY_UNAVAILABLE before lookup/integrity for undeclared promotion","duration":0.4627079999999921,"failureMessages":[],"meta":{}},{"ancestorTitles":["Phase 2a shared contract and honest memory capabilities"],"fullName":"Phase 2a shared contract and honest memory capabilities returns DURABILITY_UNAVAILABLE before lookup/integrity for absent promotion","status":"passed","title":"returns DURABILITY_UNAVAILABLE before lookup/integrity for absent promotion","duration":0.29650000000000887,"failureMessages":[],"meta":{}},{"ancestorTitles":["Phase 2a shared contract and honest memory capabilities"],"fullName":"Phase 2a shared contract and honest memory capabilities returns DURABILITY_UNAVAILABLE before lookup/integrity for unknown-generation promotion","status":"passed","title":"returns DURABILITY_UNAVAILABLE before lookup/integrity for unknown-generation promotion","duration":0.13404199999999378,"failureMessages":[],"meta":{}},{"ancestorTitles":["Phase 2a shared contract and honest memory capabilities"],"fullName":"Phase 2a shared contract and honest memory capabilities keeps exported memory completion and adoption impossible","status":"passed","title":"keeps exported memory completion and adoption impossible","duration":0.8149589999999876,"failureMessages":[],"meta":{}},{"ancestorTitles":["Phase 2a shared contract and honest memory capabilities"],"fullName":"Phase 2a shared contract and honest memory capabilities rejects an undeclared cached blob without publishing it","status":"passed","title":"rejects an undeclared cached blob without publishing it","duration":0.15441699999999514,"failureMessages":[],"meta":{}},{"ancestorTitles":["Phase 2a shared contract and honest memory capabilities"],"fullName":"Phase 2a shared contract and honest memory capabilities returns GENERATION_EXISTS for equal, substitute, and extra repeated begin","status":"passed","title":"returns GENERATION_EXISTS for equal, substitute, and extra repeated begin","duration":2.4415419999999983,"failureMessages":[],"meta":{}},{"ancestorTitles":["Phase 2a shared contract and honest memory capabilities"],"fullName":"Phase 2a shared contract and honest memory capabilities copies input before retention and returns fresh blob bytes","status":"passed","title":"copies input before retention and returns fresh blob bytes","duration":0.2813340000000153,"failureMessages":[],"meta":{}},{"ancestorTitles":["Phase 2a shared contract and honest memory capabilities"],"fullName":"Phase 2a shared contract and honest memory capabilities rejects SharedArrayBuffer-backed put before retention","status":"passed","title":"rejects SharedArrayBuffer-backed put before retention","duration":0.22375000000002387,"failureMessages":[],"meta":{}},{"ancestorTitles":["Phase 2a shared contract and honest memory capabilities"],"fullName":"Phase 2a shared contract and honest memory capabilities gives an own data SharedArrayBuffer bytes field precedence over malformed siblings","status":"passed","title":"gives an own data SharedArrayBuffer bytes field precedence over malformed siblings","duration":0.9428340000000048,"failureMessages":[],"meta":{}},{"ancestorTitles":["Phase 2a shared contract and honest memory capabilities"],"fullName":"Phase 2a shared contract and honest memory capabilities rejects an accessor bytes field without invoking it","status":"passed","title":"rejects an accessor bytes field without invoking it","duration":0.34479100000001495,"failureMessages":[],"meta":{}},{"ancestorTitles":["Phase 2a shared contract and honest memory capabilities"],"fullName":"Phase 2a shared contract and honest memory capabilities rejects an inherited bytes field","status":"passed","title":"rejects an inherited bytes field","duration":0.4679169999999999,"failureMessages":[],"meta":{}},{"ancestorTitles":["Phase 2a shared contract and honest memory capabilities"],"fullName":"Phase 2a shared contract and honest memory capabilities rejects an ordinary non-Uint8Array bytes field","status":"passed","title":"rejects an ordinary non-Uint8Array bytes field","duration":0.35216700000000856,"failureMessages":[],"meta":{}},{"ancestorTitles":["Phase 2a shared contract and honest memory capabilities"],"fullName":"Phase 2a shared contract and honest memory capabilities global same-byte races have exactly one insertion and one idempotent success","status":"passed","title":"global same-byte races have exactly one insertion and one idempotent success","duration":0.23449999999999704,"failureMessages":[],"meta":{}},{"ancestorTitles":["Phase 2a shared contract and honest memory capabilities"],"fullName":"Phase 2a shared contract and honest memory capabilities global conflicting-byte races choose one immutable winner","status":"passed","title":"global conflicting-byte races choose one immutable winner","duration":0.4649580000000242,"failureMessages":[],"meta":{}},{"ancestorTitles":["Phase 2a shared contract and honest memory capabilities"],"fullName":"Phase 2a shared contract and honest memory capabilities close is idempotent and every later method returns STORE_CLOSED","status":"passed","title":"close is idempotent and every later method returns STORE_CLOSED","duration":0.3225830000000087,"failureMessages":[],"meta":{}},{"ancestorTitles":["Phase 2a shared contract and honest memory capabilities"],"fullName":"Phase 2a shared contract and honest memory capabilities sorts generation output and isolates returned journal records","status":"passed","title":"sorts generation output and isolates returned journal records","duration":4.044667000000004,"failureMessages":[],"meta":{}}],"startTime":1788224754653,"endTime":1788224754683.0447,"status":"passed","message":"","name":"/Users/aristotle/Documents/Projects/ts-drp-1/packages/storage/tests/memory-contract.test.ts"},{"assertionResults":[{"ancestorTitles":["Phase 2e1 bounded public reads RED"],"fullName":"Phase 2e1 bounded public reads RED replaces the runtime whole-state command with exact head and bounded page loads","status":"passed","title":"replaces the runtime whole-state command with exact head and bounded page loads","duration":1.596749999999986,"failureMessages":[],"meta":{}},{"ancestorTitles":["Phase 2e1 bounded public reads RED"],"fullName":"Phase 2e1 bounded public reads RED returns detached empty/head/page/multipage values and binds an exclusive cursor to its object","status":"passed","title":"returns detached empty/head/page/multipage values and binds an exclusive cursor to its object","duration":8.08208399999998,"failureMessages":[],"meta":{}},{"ancestorTitles":["Phase 2e1 bounded public reads RED"],"fullName":"Phase 2e1 bounded public reads RED rejects every invalid limit or cursor before publishing a backend load","status":"passed","title":"rejects every invalid limit or cursor before publishing a backend load","duration":0.5702499999999873,"failureMessages":[],"meta":{}},{"ancestorTitles":["Phase 2e1 bounded public reads RED"],"fullName":"Phase 2e1 bounded public reads RED keeps public memory pages bounded without invoking the private broad mutation snapshot","status":"passed","title":"keeps public memory pages bounded without invoking the private broad mutation snapshot","duration":31.227374999999995,"failureMessages":[],"meta":{}},{"ancestorTitles":["Phase 2e1 bounded public reads RED"],"fullName":"Phase 2e1 bounded public reads RED does not advertise independently fetched pages as one object snapshot","status":"passed","title":"does not advertise independently fetched pages as one object snapshot","duration":0.6696249999999964,"failureMessages":[],"meta":{}},{"ancestorTitles":["Phase 2e1 command-owned write RED"],"fullName":"Phase 2e1 command-owned write RED retains exact write vocabulary and closed-store precedence without reclaiming 2e3 authority","status":"passed","title":"retains exact write vocabulary and closed-store precedence without reclaiming 2e3 authority","duration":0.8788340000000119,"failureMessages":[],"meta":{}},{"ancestorTitles":["Phase 2e1 command-owned write RED"],"fullName":"Phase 2e1 command-owned write RED deletes the generic whole-state diff owner without replacing it with a test analyzer","status":"passed","title":"deletes the generic whole-state diff owner without replacing it with a test analyzer","duration":1.0166250000000048,"failureMessages":[],"meta":{}}],"startTime":1788224767529,"endTime":1788224767573.0166,"status":"passed","message":"","name":"/Users/aristotle/Documents/Projects/ts-drp-1/packages/storage/tests/phase-2e1-bounded-reads-red.test.ts"},{"assertionResults":[{"ancestorTitles":["Phase 2e2 persisted taxonomy and poison contract RED"],"fullName":"Phase 2e2 persisted taxonomy and poison contract RED adds only the four ratified public lifecycle/recovery reasons","status":"passed","title":"adds only the four ratified public lifecycle/recovery reasons","duration":0.9575000000000102,"failureMessages":[],"meta":{}},{"ancestorTitles":["Phase 2e2 persisted taxonomy and poison contract RED"],"fullName":"Phase 2e2 persisted taxonomy and poison contract RED keeps malformed persisted bytes noncanonical in the shared codecs","status":"passed","title":"keeps malformed persisted bytes noncanonical in the shared codecs","duration":0.7682499999999948,"failureMessages":[],"meta":{}}],"startTime":1788224771532,"endTime":1788224771533.7683,"status":"passed","message":"","name":"/Users/aristotle/Documents/Projects/ts-drp-1/packages/storage/tests/phase-2e2-taxonomy-poison-red.test.ts"},{"assertionResults":[{"ancestorTitles":["Phase 2e3 shared recovery and authority flip RED"],"fullName":"Phase 2e3 shared recovery and authority flip RED publishes the exact bounded recovery method and no closure bytes","status":"passed","title":"publishes the exact bounded recovery method and no closure bytes","duration":1.3621669999999995,"failureMessages":[],"meta":{}},{"ancestorTitles":["Phase 2e3 shared recovery and authority flip RED"],"fullName":"Phase 2e3 shared recovery and authority flip RED returns the exact empty result from internal and public memory owners","status":"passed","title":"returns the exact empty result from internal and public memory owners","duration":0.7464579999999899,"failureMessages":[],"meta":{}},{"ancestorTitles":["Phase 2e3 shared recovery and authority flip RED"],"fullName":"Phase 2e3 shared recovery and authority flip RED returns detached verification-at-snapshot metadata for an active generation","status":"passed","title":"returns detached verification-at-snapshot metadata for an active generation","duration":4.801500000000004,"failureMessages":[],"meta":{}},{"ancestorTitles":["Phase 2e3 shared recovery and authority flip RED"],"fullName":"Phase 2e3 shared recovery and authority flip RED latches an adopted-integrity recovery root as poison and preserves close precedence","status":"passed","title":"latches an adopted-integrity recovery root as poison and preserves close precedence","duration":0.8542909999999893,"failureMessages":[],"meta":{}},{"ancestorTitles":["Phase 2e3 shared recovery and authority flip RED"],"fullName":"Phase 2e3 shared recovery and authority flip RED reproduces the bounded-only revision-reset mutant and requires recovery to kill it","status":"passed","title":"reproduces the bounded-only revision-reset mutant and requires recovery to kill it","duration":1.3968339999999841,"failureMessages":[],"meta":{}},{"ancestorTitles":["Phase 2e3 shared recovery and authority flip RED"],"fullName":"Phase 2e3 shared recovery and authority flip RED rechecks promoted candidate bytes in canonical order before completion","status":"passed","title":"rechecks promoted candidate bytes in canonical order before completion","duration":1.3572079999999858,"failureMessages":[],"meta":{}},{"ancestorTitles":["Phase 2e3 shared recovery and authority flip RED"],"fullName":"Phase 2e3 shared recovery and authority flip RED publishes one runtime-neutral verifier controller and opaque candidate authorization","status":"passed","title":"publishes one runtime-neutral verifier controller and opaque candidate authorization","duration":6.67266699999999,"failureMessages":[],"meta":{}},{"ancestorTitles":["Phase 2e3 shared recovery and authority flip RED"],"fullName":"Phase 2e3 shared recovery and authority flip RED rejects dual, batch and forgeable authority forms with a deterministic mutant control","status":"passed","title":"rejects dual, batch and forgeable authority forms with a deterministic mutant control","duration":0.9894590000000107,"failureMessages":[],"meta":{}}],"startTime":1788224754207,"endTime":1788224754224.9895,"status":"passed","message":"","name":"/Users/aristotle/Documents/Projects/ts-drp-1/packages/storage/tests/phase-2e3-recovery-authority-red.test.ts"},{"assertionResults":[{"ancestorTitles":["Phase 2e3 recovery transient-memory bound RED"],"fullName":"Phase 2e3 recovery transient-memory bound RED walks the full journal but materializes only the late sole adopted closure","status":"passed","title":"walks the full journal but materializes only the late sole adopted closure","duration":19.005916000000013,"failureMessages":[],"meta":{}},{"ancestorTitles":["Phase 2e3 recovery transient-memory bound RED"],"fullName":"Phase 2e3 recovery transient-memory bound RED finds a second late adopted row without materializing any closure","status":"passed","title":"finds a second late adopted row without materializing any closure","duration":9.684791000000018,"failureMessages":[],"meta":{}}],"startTime":1788224771333,"endTime":1788224771361.6848,"status":"passed","message":"","name":"/Users/aristotle/Documents/Projects/ts-drp-1/packages/storage/tests/phase-2e3-recovery-memory-bound-red.test.ts"},{"assertionResults":[{"ancestorTitles":["Phase 2a five-state journal"],"fullName":"Phase 2a five-state journal keeps absent -> Staged as a non-vacuous positive control","status":"passed","title":"keeps absent -> Staged as a non-vacuous positive control","duration":2.3284160000000043,"failureMessages":[],"meta":{}},{"ancestorTitles":["Phase 2a five-state journal"],"fullName":"Phase 2a five-state journal rejects empty before duplicate closure references and preserves state","status":"passed","title":"rejects empty before duplicate closure references and preserves state","duration":0.8771250000000066,"failureMessages":[],"meta":{}},{"ancestorTitles":["Phase 2a five-state journal"],"fullName":"Phase 2a five-state journal never reuses an extant Staged generation key, even for equal/substitute/extra input","status":"passed","title":"never reuses an extant Staged generation key, even for equal/substitute/extra input","duration":0.8360000000000127,"failureMessages":[],"meta":{}},{"ancestorTitles":["Phase 2a five-state journal"],"fullName":"Phase 2a five-state journal never reuses an extant Complete generation key, even for equal/substitute/extra input","status":"passed","title":"never reuses an extant Complete generation key, even for equal/substitute/extra input","duration":0.9002499999999998,"failureMessages":[],"meta":{}},{"ancestorTitles":["Phase 2a five-state journal"],"fullName":"Phase 2a five-state journal never reuses an extant Adopted generation key, even for equal/substitute/extra input","status":"passed","title":"never reuses an extant Adopted generation key, even for equal/substitute/extra input","duration":0.9927500000000009,"failureMessages":[],"meta":{}},{"ancestorTitles":["Phase 2a five-state journal"],"fullName":"Phase 2a five-state journal never reuses an extant Superseded generation key, even for equal/substitute/extra input","status":"passed","title":"never reuses an extant Superseded generation key, even for equal/substitute/extra input","duration":0.3990000000000009,"failureMessages":[],"meta":{}},{"ancestorTitles":["Phase 2a five-state journal"],"fullName":"Phase 2a five-state journal never reuses an extant Discarded generation key, even for equal/substitute/extra input","status":"passed","title":"never reuses an extant Discarded generation key, even for equal/substitute/extra input","duration":0.4193329999999946,"failureMessages":[],"meta":{}},{"ancestorTitles":["Phase 2a five-state journal"],"fullName":"Phase 2a five-state journal completes a three-reference Staged generation with genuine modeled promotion","status":"passed","title":"completes a three-reference Staged generation with genuine modeled promotion","duration":2.499500000000012,"failureMessages":[],"meta":{}},{"ancestorTitles":["Phase 2a five-state journal"],"fullName":"Phase 2a five-state journal accepts declared cache, idempotent promotion, and both legal discard edges","status":"passed","title":"accepts declared cache, idempotent promotion, and both legal discard edges","duration":0.6553750000000207,"failureMessages":[],"meta":{}},{"ancestorTitles":["Phase 2a five-state journal"],"fullName":"Phase 2a five-state journal rejects a three-reference completion when one reference is unpromoted","status":"passed","title":"rejects a three-reference completion when one reference is unpromoted","duration":9.939042,"failureMessages":[],"meta":{}},{"ancestorTitles":["Phase 2a five-state journal"],"fullName":"Phase 2a five-state journal rejects Complete from Complete","status":"passed","title":"rejects Complete from Complete","duration":0.20400000000000773,"failureMessages":[],"meta":{}},{"ancestorTitles":["Phase 2a five-state journal"],"fullName":"Phase 2a five-state journal rejects Complete from Adopted","status":"passed","title":"rejects Complete from Adopted","duration":0.14125000000001364,"failureMessages":[],"meta":{}},{"ancestorTitles":["Phase 2a five-state journal"],"fullName":"Phase 2a five-state journal rejects Complete from Superseded","status":"passed","title":"rejects Complete from Superseded","duration":0.18904100000000312,"failureMessages":[],"meta":{}},{"ancestorTitles":["Phase 2a five-state journal"],"fullName":"Phase 2a five-state journal rejects Complete from Discarded","status":"passed","title":"rejects Complete from Discarded","duration":0.13879099999999767,"failureMessages":[],"meta":{}},{"ancestorTitles":["Phase 2a five-state journal"],"fullName":"Phase 2a five-state journal rejects discard from terminal Adopted","status":"passed","title":"rejects discard from terminal Adopted","duration":0.1635829999999885,"failureMessages":[],"meta":{}},{"ancestorTitles":["Phase 2a five-state journal"],"fullName":"Phase 2a five-state journal rejects discard from terminal Superseded","status":"passed","title":"rejects discard from terminal Superseded","duration":0.12837500000000546,"failureMessages":[],"meta":{}},{"ancestorTitles":["Phase 2a five-state journal"],"fullName":"Phase 2a five-state journal rejects discard from terminal Discarded","status":"passed","title":"rejects discard from terminal Discarded","duration":0.118583000000001,"failureMessages":[],"meta":{}},{"ancestorTitles":["Phase 2a five-state journal"],"fullName":"Phase 2a five-state journal rejects adoption from Staged","status":"passed","title":"rejects adoption from Staged","duration":0.1634999999999991,"failureMessages":[],"meta":{}},{"ancestorTitles":["Phase 2a five-state journal"],"fullName":"Phase 2a five-state journal rejects adoption from Adopted","status":"passed","title":"rejects adoption from Adopted","duration":0.08687500000002046,"failureMessages":[],"meta":{}},{"ancestorTitles":["Phase 2a five-state journal"],"fullName":"Phase 2a five-state journal rejects adoption from Superseded","status":"passed","title":"rejects adoption from Superseded","duration":0.07870900000000347,"failureMessages":[],"meta":{}},{"ancestorTitles":["Phase 2a five-state journal"],"fullName":"Phase 2a five-state journal rejects adoption from Discarded","status":"passed","title":"rejects adoption from Discarded","duration":0.07720799999998462,"failureMessages":[],"meta":{}},{"ancestorTitles":["Phase 2a five-state journal"],"fullName":"Phase 2a five-state journal rejects cache and promotion mutation outside Staged from Complete","status":"passed","title":"rejects cache and promotion mutation outside Staged from Complete","duration":0.25874999999999204,"failureMessages":[],"meta":{}},{"ancestorTitles":["Phase 2a five-state journal"],"fullName":"Phase 2a five-state journal rejects cache and promotion mutation outside Staged from Adopted","status":"passed","title":"rejects cache and promotion mutation outside Staged from Adopted","duration":0.10858399999997914,"failureMessages":[],"meta":{}},{"ancestorTitles":["Phase 2a five-state journal"],"fullName":"Phase 2a five-state journal rejects cache and promotion mutation outside Staged from Superseded","status":"passed","title":"rejects cache and promotion mutation outside Staged from Superseded","duration":0.09950000000000614,"failureMessages":[],"meta":{}},{"ancestorTitles":["Phase 2a five-state journal"],"fullName":"Phase 2a five-state journal rejects cache and promotion mutation outside Staged from Discarded","status":"passed","title":"rejects cache and promotion mutation outside Staged from Discarded","duration":0.10404200000002106,"failureMessages":[],"meta":{}},{"ancestorTitles":["Phase 2a head CAS and atomicity"],"fullName":"Phase 2a head CAS and atomicity exact none-head swap succeeds at revision 1","status":"passed","title":"exact none-head swap succeeds at revision 1","duration":0.926792000000006,"failureMessages":[],"meta":{}},{"ancestorTitles":["Phase 2a head CAS and atomicity"],"fullName":"Phase 2a head CAS and atomicity exact present-head swap supersedes the former generation","status":"passed","title":"exact present-head swap supersedes the former generation","duration":0.764665999999977,"failureMessages":[],"meta":{}},{"ancestorTitles":["Phase 2a head CAS and atomicity"],"fullName":"Phase 2a head CAS and atomicity rejects stale and none-vs-present expected heads without mutation","status":"passed","title":"rejects stale and none-vs-present expected heads without mutation","duration":0.2677500000000066,"failureMessages":[],"meta":{}},{"ancestorTitles":["Phase 2a head CAS and atomicity"],"fullName":"Phase 2a head CAS and atomicity rejects captured-base mismatch after the request matches the current head","status":"passed","title":"rejects captured-base mismatch after the request matches the current head","duration":0.17316600000000903,"failureMessages":[],"meta":{}},{"ancestorTitles":["Phase 2a head CAS and atomicity"],"fullName":"Phase 2a head CAS and atomicity rejects cross-object embedded heads as INVALID_ARGUMENT before lookup","status":"passed","title":"rejects cross-object embedded heads as INVALID_ARGUMENT before lookup","duration":0.08637500000000387,"failureMessages":[],"meta":{}},{"ancestorTitles":["Phase 2a head CAS and atomicity"],"fullName":"Phase 2a head CAS and atomicity linearizes competing exact-CAS swaps with one winner","status":"passed","title":"linearizes competing exact-CAS swaps with one winner","duration":0.9850840000000005,"failureMessages":[],"meta":{}},{"ancestorTitles":["Phase 2a head CAS and atomicity"],"fullName":"Phase 2a head CAS and atomicity rejects maximum-revision increment without wrap or mutation","status":"passed","title":"rejects maximum-revision increment without wrap or mutation","duration":0.19754100000000108,"failureMessages":[],"meta":{}},{"ancestorTitles":["Phase 2a ref-major precedence"],"fullName":"Phase 2a ref-major precedence reports a lower-digest unpromoted ref before a higher-digest missing ref","status":"passed","title":"reports a lower-digest unpromoted ref before a higher-digest missing ref","duration":0.47179199999999355,"failureMessages":[],"meta":{}},{"ancestorTitles":["Phase 2a ref-major precedence"],"fullName":"Phase 2a ref-major precedence returns BLOB_UNPROMOTED when promotion evidence is absent and cached bytes are 'missing'","status":"passed","title":"returns BLOB_UNPROMOTED when promotion evidence is absent and cached bytes are 'missing'","duration":0.4248750000000143,"failureMessages":[],"meta":{}},{"ancestorTitles":["Phase 2a ref-major precedence"],"fullName":"Phase 2a ref-major precedence returns BLOB_UNPROMOTED when promotion evidence is absent and cached bytes are 'corrupt'","status":"passed","title":"returns BLOB_UNPROMOTED when promotion evidence is absent and cached bytes are 'corrupt'","duration":0.4684169999999881,"failureMessages":[],"meta":{}},{"ancestorTitles":["Phase 2a ref-major precedence"],"fullName":"Phase 2a ref-major precedence returns BLOB_UNPROMOTED when promotion evidence is absent and cached bytes are 'valid'","status":"passed","title":"returns BLOB_UNPROMOTED when promotion evidence is absent and cached bytes are 'valid'","duration":0.46666700000000105,"failureMessages":[],"meta":{}},{"ancestorTitles":["Phase 2a ref-major precedence"],"fullName":"Phase 2a ref-major precedence keeps closure digest captured at begin instead of accepting a substitute","status":"passed","title":"keeps closure digest captured at begin instead of accepting a substitute","duration":0.2849170000000072,"failureMessages":[],"meta":{}}],"startTime":1788224754422,"endTime":1788224754450.4666,"status":"passed","message":"","name":"/Users/aristotle/Documents/Projects/ts-drp-1/packages/storage/tests/state-machine.test.ts"},{"assertionResults":[{"ancestorTitles":["Phase 2e1 Node SQLite bounded-read RED"],"fullName":"Phase 2e1 Node SQLite bounded-read RED reads one detached head and deterministic exclusive generation pages across reopen","status":"passed","title":"reads one detached head and deterministic exclusive generation pages across reopen","duration":26.62258299999999,"failureMessages":[],"meta":{}},{"ancestorTitles":["Phase 2e1 Node SQLite bounded-read RED"],"fullName":"Phase 2e1 Node SQLite bounded-read RED fails closed when a physical SQLite generation key disagrees with its canonical record","status":"passed","title":"fails closed when a physical SQLite generation key disagrees with its canonical record","duration":11.253332999999998,"failureMessages":[],"meta":{}},{"ancestorTitles":["Phase 2e1 Node SQLite bounded-read RED"],"fullName":"Phase 2e1 Node SQLite bounded-read RED freezes bounded public SQL while Phase 2e3 owns mutation authority","status":"passed","title":"freezes bounded public SQL while Phase 2e3 owns mutation authority","duration":0.9003329999999892,"failureMessages":[],"meta":{}}],"startTime":1788224767758,"endTime":1788224767796.9004,"status":"passed","message":"","name":"/Users/aristotle/Documents/Projects/ts-drp-1/packages/storage-node/tests/phase-2e1-bounded-reads-red.test.ts"},{"assertionResults":[{"ancestorTitles":["Phase 2e2 Node persisted taxonomy RED"],"fullName":"Phase 2e2 Node persisted taxonomy RED classifies unsupported-generation once and performs zero writes","status":"passed","title":"classifies unsupported-generation once and performs zero writes","duration":23.860457999999994,"failureMessages":[],"meta":{}},{"ancestorTitles":["Phase 2e2 Node persisted taxonomy RED"],"fullName":"Phase 2e2 Node persisted taxonomy RED classifies unsupported-head once and performs zero writes","status":"passed","title":"classifies unsupported-head once and performs zero writes","duration":13.616916000000003,"failureMessages":[],"meta":{}},{"ancestorTitles":["Phase 2e2 Node persisted taxonomy RED"],"fullName":"Phase 2e2 Node persisted taxonomy RED classifies malformed-generation once and performs zero writes","status":"passed","title":"classifies malformed-generation once and performs zero writes","duration":11.731291999999996,"failureMessages":[],"meta":{}},{"ancestorTitles":["Phase 2e2 Node persisted taxonomy RED"],"fullName":"Phase 2e2 Node persisted taxonomy RED classifies malformed-head once and performs zero writes","status":"passed","title":"classifies malformed-head once and performs zero writes","duration":9.778667000000013,"failureMessages":[],"meta":{}},{"ancestorTitles":["Phase 2e2 Node persisted taxonomy RED"],"fullName":"Phase 2e2 Node persisted taxonomy RED classifies absent-head-target once and performs zero writes","status":"passed","title":"classifies absent-head-target once and performs zero writes","duration":16.78816599999999,"failureMessages":[],"meta":{}},{"ancestorTitles":["Phase 2e2 Node persisted taxonomy RED"],"fullName":"Phase 2e2 Node persisted taxonomy RED classifies non-adopted-head-target once and performs zero writes","status":"passed","title":"classifies non-adopted-head-target once and performs zero writes","duration":11.82079200000004,"failureMessages":[],"meta":{}},{"ancestorTitles":["Phase 2e2 Node persisted taxonomy RED"],"fullName":"Phase 2e2 Node persisted taxonomy RED classifies closure-mismatch once and performs zero writes","status":"passed","title":"classifies closure-mismatch once and performs zero writes","duration":9.947125000000028,"failureMessages":[],"meta":{}},{"ancestorTitles":["Phase 2e2 Node persisted taxonomy RED"],"fullName":"Phase 2e2 Node persisted taxonomy RED classifies multiple-adopted once and performs zero writes","status":"passed","title":"classifies multiple-adopted once and performs zero writes","duration":12.040333000000032,"failureMessages":[],"meta":{}},{"ancestorTitles":["Phase 2e2 Node persisted taxonomy RED"],"fullName":"Phase 2e2 Node persisted taxonomy RED classifies physical-key-mismatch once and performs zero writes","status":"passed","title":"classifies physical-key-mismatch once and performs zero writes","duration":10.951833000000022,"failureMessages":[],"meta":{}},{"ancestorTitles":["Phase 2e2 Node persisted taxonomy RED"],"fullName":"Phase 2e2 Node persisted taxonomy RED latches the first persisted root before later calls and lets close outrank poison","status":"passed","title":"latches the first persisted root before later calls and lets close outrank poison","duration":11.479709000000014,"failureMessages":[],"meta":{}},{"ancestorTitles":["Phase 2e2 Node persisted taxonomy RED"],"fullName":"Phase 2e2 Node persisted taxonomy RED keeps caller validation distinct and non-poisoning with zero writes","status":"passed","title":"keeps caller validation distinct and non-poisoning with zero writes","duration":5.615957999999978,"failureMessages":[],"meta":{}},{"ancestorTitles":["Phase 2e2 Node persisted taxonomy RED"],"fullName":"Phase 2e2 Node persisted taxonomy RED rejects an incompatible physical schema at open with no handle or data write","status":"passed","title":"rejects an incompatible physical schema at open with no handle or data write","duration":2.4243340000000444,"failureMessages":[],"meta":{}}],"startTime":1788224767183,"endTime":1788224767323.4243,"status":"passed","message":"","name":"/Users/aristotle/Documents/Projects/ts-drp-1/packages/storage-node/tests/phase-2e2-taxonomy-poison-red.test.ts"},{"assertionResults":[{"ancestorTitles":["Phase 2e3 SQLite atomic recovery RED"],"fullName":"Phase 2e3 SQLite atomic recovery RED positive control keeps caller validation nonpoisoning and close precedence intact","status":"passed","title":"positive control keeps caller validation nonpoisoning and close precedence intact","duration":7.181999999999988,"failureMessages":[],"meta":{}},{"ancestorTitles":["Phase 2e3 SQLite atomic recovery RED"],"fullName":"Phase 2e3 SQLite atomic recovery RED deletes the monolithic Node mutation loader instead of retaining dual authority","status":"passed","title":"deletes the monolithic Node mutation loader instead of retaining dual authority","duration":0.7305829999999958,"failureMessages":[],"meta":{}},{"ancestorTitles":["Phase 2e3 SQLite atomic recovery RED"],"fullName":"Phase 2e3 SQLite atomic recovery RED returns exact empty and detached active verification metadata","status":"passed","title":"returns exact empty and detached active verification metadata","duration":26.73837499999999,"failureMessages":[],"meta":{}},{"ancestorTitles":["Phase 2e3 SQLite atomic recovery RED"],"fullName":"Phase 2e3 SQLite atomic recovery RED walks more than 128 generation rows with bounded page queries in one transaction","status":"passed","title":"walks more than 128 generation rows with bounded page queries in one transaction","duration":53.40895900000001,"failureMessages":[],"meta":{}},{"ancestorTitles":["Phase 2e3 SQLite atomic recovery RED"],"fullName":"Phase 2e3 SQLite atomic recovery RED preserves unsupported-over-noncanonical precedence across recovery pages","status":"passed","title":"preserves unsupported-over-noncanonical precedence across recovery pages","duration":51.158457999999996,"failureMessages":[],"meta":{}},{"ancestorTitles":["Phase 2e3 SQLite atomic recovery RED"],"fullName":"Phase 2e3 SQLite atomic recovery RED recovers before the G1-rev5 head-deletion swap and performs zero writes","status":"passed","title":"recovers before the G1-rev5 head-deletion swap and performs zero writes","duration":19.917709000000002,"failureMessages":[],"meta":{}},{"ancestorTitles":["Phase 2e3 SQLite atomic recovery RED"],"fullName":"Phase 2e3 SQLite atomic recovery RED invalidates a recovered certificate when another handle changes the head","status":"passed","title":"invalidates a recovered certificate when another handle changes the head","duration":19.574208,"failureMessages":[],"meta":{}},{"ancestorTitles":["Phase 2e3 SQLite atomic recovery RED"],"fullName":"Phase 2e3 SQLite atomic recovery RED reverifies a promoted candidate with missing cached bytes","status":"passed","title":"reverifies a promoted candidate with missing cached bytes","duration":19.066374999999994,"failureMessages":[],"meta":{}},{"ancestorTitles":["Phase 2e3 SQLite atomic recovery RED"],"fullName":"Phase 2e3 SQLite atomic recovery RED reverifies a promoted candidate with wrong length cached bytes","status":"passed","title":"reverifies a promoted candidate with wrong length cached bytes","duration":10.052250000000015,"failureMessages":[],"meta":{}},{"ancestorTitles":["Phase 2e3 SQLite atomic recovery RED"],"fullName":"Phase 2e3 SQLite atomic recovery RED reverifies a promoted candidate with wrong digest cached bytes","status":"passed","title":"reverifies a promoted candidate with wrong digest cached bytes","duration":11.150541999999973,"failureMessages":[],"meta":{}},{"ancestorTitles":["Phase 2e3 SQLite atomic recovery RED"],"fullName":"Phase 2e3 SQLite atomic recovery RED reverifies a promoted candidate with wrong type cached bytes","status":"passed","title":"reverifies a promoted candidate with wrong type cached bytes","duration":16.130583,"failureMessages":[],"meta":{}},{"ancestorTitles":["Phase 2e3 SQLite atomic recovery RED"],"fullName":"Phase 2e3 SQLite atomic recovery RED requests two promoted references strictly in closure order","status":"passed","title":"requests two promoted references strictly in closure order","duration":22.86708299999998,"failureMessages":[],"meta":{}},{"ancestorTitles":["Phase 2e3 SQLite atomic recovery RED"],"fullName":"Phase 2e3 SQLite atomic recovery RED stops at the first canonical unpromoted reference without reading a later corrupt blob","status":"passed","title":"stops at the first canonical unpromoted reference without reading a later corrupt blob","duration":11.86541699999998,"failureMessages":[],"meta":{}},{"ancestorTitles":["Phase 2e3 SQLite atomic recovery RED"],"fullName":"Phase 2e3 SQLite atomic recovery RED poisons on the first adopted promotion failure","status":"passed","title":"poisons on the first adopted promotion failure","duration":10.946042000000034,"failureMessages":[],"meta":{}},{"ancestorTitles":["Phase 2e3 SQLite atomic recovery RED"],"fullName":"Phase 2e3 SQLite atomic recovery RED poisons on the first adopted blob failure","status":"passed","title":"poisons on the first adopted blob failure","duration":10.777917000000002,"failureMessages":[],"meta":{}},{"ancestorTitles":["Phase 2e3 SQLite atomic recovery RED"],"fullName":"Phase 2e3 SQLite atomic recovery RED poisons on the first adopted corrupt failure","status":"passed","title":"poisons on the first adopted corrupt failure","duration":12.04204100000004,"failureMessages":[],"meta":{}}],"startTime":1788224753232,"endTime":1788224753536.042,"status":"passed","message":"","name":"/Users/aristotle/Documents/Projects/ts-drp-1/packages/storage-node/tests/phase-2e3-recovery-authority-red.test.ts"},{"assertionResults":[{"ancestorTitles":["Phase 2e4 SQLite lifecycle/backend RED"],"fullName":"Phase 2e4 SQLite lifecycle/backend RED re-verifies unchanged-head state explicitly, poisons one handle, and redetects the root after reopen","status":"passed","title":"re-verifies unchanged-head state explicitly, poisons one handle, and redetects the root after reopen","duration":28.716207999999995,"failureMessages":[],"meta":{}},{"ancestorTitles":["Phase 2e4 SQLite lifecycle/backend RED"],"fullName":"Phase 2e4 SQLite lifecycle/backend RED re-verifies unpromoted physical evidence before swap with zero writes","status":"passed","title":"re-verifies unpromoted physical evidence before swap with zero writes","duration":11.239582999999982,"failureMessages":[],"meta":{}},{"ancestorTitles":["Phase 2e4 SQLite lifecycle/backend RED"],"fullName":"Phase 2e4 SQLite lifecycle/backend RED re-verifies missing physical evidence before swap with zero writes","status":"passed","title":"re-verifies missing physical evidence before swap with zero writes","duration":10.112124999999992,"failureMessages":[],"meta":{}},{"ancestorTitles":["Phase 2e4 SQLite lifecycle/backend RED"],"fullName":"Phase 2e4 SQLite lifecycle/backend RED re-verifies corrupt physical evidence before swap with zero writes","status":"passed","title":"re-verifies corrupt physical evidence before swap with zero writes","duration":9.008834000000007,"failureMessages":[],"meta":{}},{"ancestorTitles":["Phase 2e4 SQLite lifecycle/backend RED"],"fullName":"Phase 2e4 SQLite lifecycle/backend RED invalidates a stale certificate and verifies another handle's adopted closure before evaluating","status":"passed","title":"invalidates a stale certificate and verifies another handle's adopted closure before evaluating","duration":17.291833999999994,"failureMessages":[],"meta":{}},{"ancestorTitles":["Phase 2e4 SQLite lifecycle/backend RED"],"fullName":"Phase 2e4 SQLite lifecycle/backend RED rejects completion without promotion, then permits promotion and retry","status":"passed","title":"rejects completion without promotion, then permits promotion and retry","duration":5.766165999999998,"failureMessages":[],"meta":{}},{"ancestorTitles":["Phase 2e4 SQLite lifecycle/backend RED"],"fullName":"Phase 2e4 SQLite lifecycle/backend RED does not poison on a genuine substrate failure and retries recovery on the next call","status":"passed","title":"does not poison on a genuine substrate failure and retries recovery on the next call","duration":6.283166999999992,"failureMessages":[],"meta":{}},{"ancestorTitles":["Phase 2e4 SQLite lifecycle/backend RED"],"fullName":"Phase 2e4 SQLite lifecycle/backend RED classifies non-byte candidate and adopted blob rows without backend drift","status":"passed","title":"classifies non-byte candidate and adopted blob rows without backend drift","duration":17.125792000000047,"failureMessages":[],"meta":{}},{"ancestorTitles":["Phase 2e4 SQLite lifecycle/backend RED"],"fullName":"Phase 2e4 SQLite lifecycle/backend RED accepts a legitimate null no-head row and rejects a surviving adopted row","status":"passed","title":"accepts a legitimate null no-head row and rejects a surviving adopted row","duration":15.088124999999991,"failureMessages":[],"meta":{}},{"ancestorTitles":["Phase 2e4 SQLite lifecycle/backend RED"],"fullName":"Phase 2e4 SQLite lifecycle/backend RED fails closed at a non-text recovery cursor instead of repeating its page","status":"passed","title":"fails closed at a non-text recovery cursor instead of repeating its page","duration":76.39333399999998,"failureMessages":[],"meta":{}}],"startTime":1788224753747,"endTime":1788224753944.3933,"status":"passed","message":"","name":"/Users/aristotle/Documents/Projects/ts-drp-1/packages/storage-node/tests/phase-2e4-lifecycle-backend-red.test.ts"},{"assertionResults":[{"ancestorTitles":["D.108c real SQLite process-death RED"],"fullName":"D.108c real SQLite process-death RED freezes both native transaction edges for every numbered candidate mutation","status":"passed","title":"freezes both native transaction edges for every numbered candidate mutation","duration":1.635708999999963,"failureMessages":[],"meta":{}},{"ancestorTitles":["D.108c real SQLite process-death RED"],"fullName":"D.108c real SQLite process-death RED recovers pending-old XOR active-new after genuine SIGKILL at every edge","status":"passed","title":"recovers pending-old XOR active-new after genuine SIGKILL at every edge","duration":2754.978958,"failureMessages":[],"meta":{}}],"startTime":1788224768190,"endTime":1788224770945.979,"status":"passed","message":"","name":"/Users/aristotle/Documents/Projects/ts-drp-1/packages/storage-node/tests/phase-6a-creator-adoption-commit-death-red.test.ts"},{"assertionResults":[{"ancestorTitles":["Phase 2c-a Node SQLite strict store RED"],"fullName":"Phase 2c-a Node SQLite strict store RED reports the exact frozen strict capability pair","status":"failed","title":"reports the exact frozen strict capability pair","duration":8.691709000000031,"failureMessages":["AssertionError: expected { Object (engines, exportSubpaths, ...) } to deeply equal { Object (engines, exportSubpaths, ...) }\n    at /Users/aristotle/Documents/Projects/ts-drp-1/packages/storage-node/tests/sqlite-contract-red.test.ts:123:6\n    at file:///Users/aristotle/Documents/Projects/ts-drp-1/node_modules/.pnpm/@vitest+runner@3.1.1/node_modules/@vitest/runner/dist/index.js:595:20"],"meta":{}},{"ancestorTitles":["Phase 2c-a Node SQLite strict store RED"],"fullName":"Phase 2c-a Node SQLite strict store RED passes the common shared contract and executes its frozen strict branch","status":"passed","title":"passes the common shared contract and executes its frozen strict branch","duration":33.392124999999965,"failureMessages":[],"meta":{}},{"ancestorTitles":["Phase 2c-a Node SQLite strict store RED"],"fullName":"Phase 2c-a Node SQLite strict store RED persists distinct structural object-generation tuples and blob bytes across close and reopen","status":"passed","title":"persists distinct structural object-generation tuples and blob bytes across close and reopen","duration":10.47358300000002,"failureMessages":[],"meta":{}},{"ancestorTitles":["Phase 2c-a Node SQLite strict store RED"],"fullName":"Phase 2c-a Node SQLite strict store RED creates a structural composite-key schema with WAL, FULL synchronous, foreign keys, and integrity","status":"passed","title":"creates a structural composite-key schema with WAL, FULL synchronous, foreign keys, and integrity","duration":7.066874999999982,"failureMessages":[],"meta":{}},{"ancestorTitles":["Phase 2c-a Node SQLite strict store RED"],"fullName":"Phase 2c-a Node SQLite strict store RED rolls back and publishes nothing when a mutation fails immediately before commit","status":"passed","title":"rolls back and publishes nothing when a mutation fails immediately before commit","duration":5.042374999999993,"failureMessages":[],"meta":{}},{"ancestorTitles":["Phase 2c-a Node SQLite strict store RED"],"fullName":"Phase 2c-a Node SQLite strict store RED detaches retained input and every returned byte array","status":"passed","title":"detaches retained input and every returned byte array","duration":4.9793750000000045,"failureMessages":[],"meta":{}},{"ancestorTitles":["Phase 2c-a Node SQLite strict store RED"],"fullName":"Phase 2c-a Node SQLite strict store RED gives own SharedArrayBuffer bytes precedence over an extra sibling without database mutation","status":"passed","title":"gives own SharedArrayBuffer bytes precedence over an extra sibling without database mutation","duration":5.8253330000000005,"failureMessages":[],"meta":{}},{"ancestorTitles":["Phase 2c-a Node SQLite strict store RED"],"fullName":"Phase 2c-a Node SQLite strict store RED preserves closure reasons and lets STORE_CLOSED outrank semantic closure rejection","status":"passed","title":"preserves closure reasons and lets STORE_CLOSED outrank semantic closure rejection","duration":5.047416999999996,"failureMessages":[],"meta":{}},{"ancestorTitles":["Phase 2c-a Node SQLite strict store RED"],"fullName":"Phase 2c-a Node SQLite strict store RED keeps legacy plain object IDs outside the greenfield adapter","status":"passed","title":"keeps legacy plain object IDs outside the greenfield adapter","duration":2.5509999999999877,"failureMessages":[],"meta":{}}],"startTime":1788224754968,"endTime":1788224755051.551,"status":"failed","message":"","name":"/Users/aristotle/Documents/Projects/ts-drp-1/packages/storage-node/tests/sqlite-contract-red.test.ts"},{"assertionResults":[{"ancestorTitles":["Phase 2c-b SQLite process-death atomicity RED"],"fullName":"Phase 2c-b SQLite process-death atomicity RED freezes one complete statement/commit inventory","status":"passed","title":"freezes one complete statement/commit inventory","duration":0.9774579999999844,"failureMessages":[],"meta":{}},{"ancestorTitles":["Phase 2c-b SQLite process-death atomicity RED"],"fullName":"Phase 2c-b SQLite process-death atomicity RED keeps the bounded repeated crash campaign explicitly opt-in by default","status":"passed","title":"keeps the bounded repeated crash campaign explicitly opt-in by default","duration":0.5126670000000217,"failureMessages":[],"meta":{}},{"ancestorTitles":["Phase 2c-b SQLite process-death atomicity RED"],"fullName":"Phase 2c-b SQLite process-death atomicity RED recovers old XOR complete-new and permits retry at every fast checkpoint","status":"passed","title":"recovers old XOR complete-new and permits retry at every fast checkpoint","duration":4431.397625,"failureMessages":[],"meta":{}},{"ancestorTitles":["Phase 2c-b bounded repeated SIGKILL campaign"],"fullName":"Phase 2c-b bounded repeated SIGKILL campaign repeats the same frozen inventory without widening the durability claim","status":"skipped","title":"repeats the same frozen inventory without widening the durability claim","failureMessages":[],"meta":{}}],"startTime":1788224762544,"endTime":1788224766976.3977,"status":"passed","message":"","name":"/Users/aristotle/Documents/Projects/ts-drp-1/packages/storage-node/tests/sqlite-sigkill-red.test.ts"}]}