{"numTotalTestSuites":39,"numPassedTestSuites":39,"numFailedTestSuites":0,"numPendingTestSuites":0,"numTotalTests":199,"numPassedTests":197,"numFailedTests":0,"numPendingTests":2,"numTodoTests":0,"snapshot":{"added":0,"failure":false,"filesAdded":0,"filesRemoved":0,"filesRemovedList":[],"filesUnmatched":0,"filesUpdated":0,"matched":0,"total":0,"unchecked":0,"uncheckedKeysByFile":[],"unmatched":0,"updated":0,"didUpdate":false},"startTime":1788224824870,"success":true,"testResults":[{"assertionResults":[{"ancestorTitles":["D.108c one-CAS creator adoption RED"],"fullName":"D.108c one-CAS creator adoption RED freezes exactly ten RED and four GREEN owners","status":"passed","title":"freezes exactly ten RED and four GREEN owners","duration":6.696459000000004,"failureMessages":[],"meta":{}},{"ancestorTitles":["D.108c one-CAS creator adoption RED"],"fullName":"D.108c one-CAS creator adoption RED freezes the closed public contract and finite fault vocabulary","status":"passed","title":"freezes the closed public contract and finite fault vocabulary","duration":0.8479159999999979,"failureMessages":[],"meta":{}},{"ancestorTitles":["D.108c one-CAS creator adoption RED"],"fullName":"D.108c one-CAS creator adoption RED constructs one sorted generation-2 replacement without a manifest ref","status":"passed","title":"constructs one sorted generation-2 replacement without a manifest ref","duration":2.7134590000000003,"failureMessages":[],"meta":{}},{"ancestorTitles":["D.108c one-CAS creator adoption RED"],"fullName":"D.108c one-CAS creator adoption RED classifies exact active-new independently of a retrying generation id","status":"passed","title":"classifies exact active-new independently of a retrying generation id","duration":1.5048329999999623,"failureMessages":[],"meta":{}},{"ancestorTitles":["D.108c one-CAS creator adoption RED"],"fullName":"D.108c one-CAS creator adoption RED keeps root/product/transport/issuance/activation owners outside the GREEN roster","status":"passed","title":"keeps root/product/transport/issuance/activation owners outside the GREEN roster","duration":2.2454159999999774,"failureMessages":[],"meta":{}},{"ancestorTitles":["D.108c one-CAS creator adoption RED"],"fullName":"D.108c one-CAS creator adoption RED [RED readiness] requires all four candidate owners and the non-root package export","status":"passed","title":"[RED readiness] requires all four candidate owners and the non-root package export","duration":0.143416000000002,"failureMessages":[],"meta":{}},{"ancestorTitles":["D.108c one-CAS creator adoption RED"],"fullName":"D.108c one-CAS creator adoption RED consumes only a genuine owner-bound intent and commits one exact successor","status":"passed","title":"consumes only a genuine owner-bound intent and commits one exact successor","duration":362.34654100000006,"failureMessages":[],"meta":{}},{"ancestorTitles":["D.108c one-CAS creator adoption RED"],"fullName":"D.108c one-CAS creator adoption RED accepts a byte-identical second intent without a second head swap","status":"passed","title":"accepts a byte-identical second intent without a second head swap","duration":198.7065419999999,"failureMessages":[],"meta":{}},{"ancestorTitles":["D.108c one-CAS creator adoption RED"],"fullName":"D.108c one-CAS creator adoption RED reopens pending-old or exact active-new at every logical request fault","status":"passed","title":"reopens pending-old or exact active-new at every logical request fault","duration":3402.2484999999997,"failureMessages":[],"meta":{}}],"startTime":1788224831374,"endTime":1788224835351.2485,"status":"passed","message":"","name":"/Users/aristotle/Documents/Projects/ts-drp-1/tests/phase-6a-creator-adoption-commit-red.test.ts"},{"assertionResults":[{"ancestorTitles":["D.108b read-only creator-successor adoption RED"],"fullName":"D.108b read-only creator-successor adoption RED freezes the exact tests-only and GREEN owner rosters","status":"passed","title":"freezes the exact tests-only and GREEN owner rosters","duration":1.0960000000000036,"failureMessages":[],"meta":{}},{"ancestorTitles":["D.108b read-only creator-successor adoption RED"],"fullName":"D.108b read-only creator-successor adoption RED freezes the exact v3-live-generation-2 grammar and compact-history carrier","status":"passed","title":"freezes the exact v3-live-generation-2 grammar and compact-history carrier","duration":1.082792000000154,"failureMessages":[],"meta":{}},{"ancestorTitles":["D.108b read-only creator-successor adoption RED"],"fullName":"D.108b read-only creator-successor adoption RED enumerates every registered CutValue field and every cross-owner causal mutant","status":"passed","title":"enumerates every registered CutValue field and every cross-owner causal mutant","duration":0.7200830000001588,"failureMessages":[],"meta":{}},{"ancestorTitles":["D.108b read-only creator-successor adoption RED"],"fullName":"D.108b read-only creator-successor adoption RED pins owner-bound one-use intent behavior independently of serialization","status":"passed","title":"pins owner-bound one-use intent behavior independently of serialization","duration":0.3073340000000826,"failureMessages":[],"meta":{}},{"ancestorTitles":["D.108b read-only creator-successor adoption RED"],"fullName":"D.108b read-only creator-successor adoption RED forbids AHE mutation and node-root/chat widening while assigning D.108d2 room ownership","status":"passed","title":"forbids AHE mutation and node-root/chat widening while assigning D.108d2 room ownership","duration":2.574957999999924,"failureMessages":[],"meta":{}},{"ancestorTitles":["D.108b read-only creator-successor adoption RED"],"fullName":"D.108b read-only creator-successor adoption RED executes every CutValue mutant against the genuine certified successor chain","status":"passed","title":"executes every CutValue mutant against the genuine certified successor chain","duration":91.02766599999995,"failureMessages":[],"meta":{}},{"ancestorTitles":["D.108b read-only creator-successor adoption RED"],"fullName":"D.108b read-only creator-successor adoption RED executes swapped Cut/QC/trust, prepare-QC, duplicate-signer and pending-ref mutants","status":"passed","title":"executes swapped Cut/QC/trust, prepare-QC, duplicate-signer and pending-ref mutants","duration":24.21445800000015,"failureMessages":[],"meta":{}},{"ancestorTitles":["D.108b read-only creator-successor adoption RED"],"fullName":"D.108b read-only creator-successor adoption RED executes predecessor-lineage, close-order and append-only history mutants","status":"passed","title":"executes predecessor-lineage, close-order and append-only history mutants","duration":0.8453750000001037,"failureMessages":[],"meta":{}},{"ancestorTitles":["D.108b read-only creator-successor adoption RED"],"fullName":"D.108b read-only creator-successor adoption RED replays the genuine durable journal/issuance pair and rejects missing local-issued custody","status":"passed","title":"replays the genuine durable journal/issuance pair and rejects missing local-issued custody","duration":1.209916000000021,"failureMessages":[],"meta":{}},{"ancestorTitles":["D.108b read-only creator-successor adoption RED"],"fullName":"D.108b read-only creator-successor adoption RED executes manifest, chunk, payload, catalog and artifact cross-pair mutants","status":"passed","title":"executes manifest, chunk, payload, catalog and artifact cross-pair mutants","duration":3.9715419999999995,"failureMessages":[],"meta":{}},{"ancestorTitles":["D.108b read-only creator-successor adoption RED"],"fullName":"D.108b read-only creator-successor adoption RED detects a durable vertex appended after the sealed journal snapshot","status":"passed","title":"detects a durable vertex appended after the sealed journal snapshot","duration":2.3560829999998987,"failureMessages":[],"meta":{}},{"ancestorTitles":["D.108b read-only creator-successor adoption RED"],"fullName":"D.108b read-only creator-successor adoption RED derives the exact canonical generation-2 projection and reopens its compact history","status":"passed","title":"derives the exact canonical generation-2 projection and reopens its compact history","duration":3.5835829999998623,"failureMessages":[],"meta":{}},{"ancestorTitles":["D.108b read-only creator-successor adoption RED"],"fullName":"D.108b read-only creator-successor adoption RED has one composite readiness gate for the genuine future verifier","status":"passed","title":"has one composite readiness gate for the genuine future verifier","duration":427.8943330000002,"failureMessages":[],"meta":{}}],"startTime":1788224826785,"endTime":1788224827345.8943,"status":"passed","message":"","name":"/Users/aristotle/Documents/Projects/ts-drp-1/tests/phase-6a-creator-adoption-red.test.ts"},{"assertionResults":[{"ancestorTitles":["D.109a closed-epoch cleanup eligibility RED"],"fullName":"D.109a closed-epoch cleanup eligibility RED freezes one tests-only RED owner, one internal GREEN owner, the policy vector, and refusal precedence","status":"passed","title":"freezes one tests-only RED owner, one internal GREEN owner, the policy vector, and refusal precedence","duration":1.8640829999999937,"failureMessages":[],"meta":{}},{"ancestorTitles":["D.109a closed-epoch cleanup eligibility RED"],"fullName":"D.109a closed-epoch cleanup eligibility RED proves the dangling-parent mutant and exact local lineage-floor normalization","status":"passed","title":"proves the dangling-parent mutant and exact local lineage-floor normalization","duration":6.717833999999982,"failureMessages":[],"meta":{}},{"ancestorTitles":["D.109a closed-epoch cleanup eligibility RED"],"fullName":"D.109a closed-epoch cleanup eligibility RED keeps the candidate package-internal and free of deletion effects","status":"passed","title":"keeps the candidate package-internal and free of deletion effects","duration":1.6642089999999712,"failureMessages":[],"meta":{}},{"ancestorTitles":["D.109a closed-epoch cleanup eligibility RED"],"fullName":"D.109a closed-epoch cleanup eligibility RED [RED readiness] requires the sole closed-epoch cleanup planner","status":"passed","title":"[RED readiness] requires the sole closed-epoch cleanup planner","duration":0.09125000000000227,"failureMessages":[],"meta":{}},{"ancestorTitles":["D.109a closed-epoch cleanup eligibility RED"],"fullName":"D.109a closed-epoch cleanup eligibility RED returns the exact immutable active/two-ancestor/floor plan","status":"passed","title":"returns the exact immutable active/two-ancestor/floor plan","duration":22.36741599999999,"failureMessages":[],"meta":{}},{"ancestorTitles":["D.109a closed-epoch cleanup eligibility RED"],"fullName":"D.109a closed-epoch cleanup eligibility RED continues planning from a numeric pruning watermark across restart and a later epoch","status":"passed","title":"continues planning from a numeric pruning watermark across restart and a later epoch","duration":3.070083000000011,"failureMessages":[],"meta":{}},{"ancestorTitles":["D.109a closed-epoch cleanup eligibility RED"],"fullName":"D.109a closed-epoch cleanup eligibility RED rejects every causal mutant with the exact closed reason","status":"passed","title":"rejects every causal mutant with the exact closed reason","duration":2.5230419999999754,"failureMessages":[],"meta":{}},{"ancestorTitles":["D.109a closed-epoch cleanup eligibility RED"],"fullName":"D.109a closed-epoch cleanup eligibility RED refuses gaps, surviving branches, wrong floor parents, and incomplete closures","status":"passed","title":"refuses gaps, surviving branches, wrong floor parents, and incomplete closures","duration":2.131416999999999,"failureMessages":[],"meta":{}},{"ancestorTitles":["D.109a closed-epoch cleanup eligibility RED"],"fullName":"D.109a closed-epoch cleanup eligibility RED applies exact refusal precedence","status":"passed","title":"applies exact refusal precedence","duration":0.8696250000000418,"failureMessages":[],"meta":{}},{"ancestorTitles":["D.109a closed-epoch cleanup eligibility RED"],"fullName":"D.109a closed-epoch cleanup eligibility RED is permutation-invariant and returns detached output","status":"passed","title":"is permutation-invariant and returns detached output","duration":1.473165999999992,"failureMessages":[],"meta":{}},{"ancestorTitles":["D.109a closed-epoch cleanup eligibility RED"],"fullName":"D.109a closed-epoch cleanup eligibility RED accepts genuine Phase-6a close/adoption material without reopening verification","status":"passed","title":"accepts genuine Phase-6a close/adoption material without reopening verification","duration":389.84516700000006,"failureMessages":[],"meta":{}}],"startTime":1788224827822,"endTime":1788224828255.8452,"status":"passed","message":"","name":"/Users/aristotle/Documents/Projects/ts-drp-1/tests/phase-6b-cleanup-eligibility-red.test.ts"},{"assertionResults":[{"ancestorTitles":["Phase 2a nominal identity and digest boundary"],"fullName":"Phase 2a nominal identity and digest boundary accepts the one canonical creator-bound storage object spelling","status":"passed","title":"accepts the one canonical creator-bound storage object spelling","duration":0.8613339999999994,"failureMessages":[],"meta":{}},{"ancestorTitles":["Phase 2a nominal identity and digest boundary"],"fullName":"Phase 2a nominal identity and digest boundary rejects plain, legacy, normalized, or malformed object ID \"legacy-room-id\"","status":"passed","title":"rejects plain, legacy, normalized, or malformed object ID \"legacy-room-id\"","duration":0.25516600000000267,"failureMessages":[],"meta":{}},{"ancestorTitles":["Phase 2a nominal identity and digest boundary"],"fullName":"Phase 2a nominal identity and digest boundary rejects plain, legacy, normalized, or malformed object ID \":aaaaaaaaaaaaaaaaaaaaaaaaaaaaaaaa\"","status":"passed","title":"rejects plain, legacy, normalized, or malformed object ID \":aaaaaaaaaaaaaaaaaaaaaaaaaaaaaaaa\"","duration":0.06612499999999955,"failureMessages":[],"meta":{}},{"ancestorTitles":["Phase 2a nominal identity and digest boundary"],"fullName":"Phase 2a nominal identity and digest boundary rejects plain, legacy, normalized, or malformed object ID \"peer:AAAAAAAAAAAAAAAAAAAAAAAAAAAAAAAA\"","status":"passed","title":"rejects plain, legacy, normalized, or malformed object ID \"peer:AAAAAAAAAAAAAAAAAAAAAAAAAAAAAAAA\"","duration":0.10004200000000196,"failureMessages":[],"meta":{}},{"ancestorTitles":["Phase 2a nominal identity and digest boundary"],"fullName":"Phase 2a nominal identity and digest boundary rejects plain, legacy, normalized, or malformed object ID \"peer:aaaaaaaaaaaaaaaaaaaaaaaaaaaaaaa\"","status":"passed","title":"rejects plain, legacy, normalized, or malformed object ID \"peer:aaaaaaaaaaaaaaaaaaaaaaaaaaaaaaa\"","duration":0.04933299999999008,"failureMessages":[],"meta":{}},{"ancestorTitles":["Phase 2a nominal identity and digest boundary"],"fullName":"Phase 2a nominal identity and digest boundary rejects plain, legacy, normalized, or malformed object ID \"peer:extra:aaaaaaaaaaaaaaaaaaaaaaaaaaaaaaaa\"","status":"passed","title":"rejects plain, legacy, normalized, or malformed object ID \"peer:extra:aaaaaaaaaaaaaaaaaaaaaaaaaaaaaaaa\"","duration":0.11074999999999591,"failureMessages":[],"meta":{}},{"ancestorTitles":["Phase 2a nominal identity and digest boundary"],"fullName":"Phase 2a nominal identity and digest boundary rejects plain, legacy, normalized, or malformed object ID \"peer\\u0000:aaaaaaaaaaaaaaaaaaaaaaaaaaaaaaaa\"","status":"passed","title":"rejects plain, legacy, normalized, or malformed object ID \"peer\\u0000:aaaaaaaaaaaaaaaaaaaaaaaaaaaaaaaa\"","duration":0.04362500000002001,"failureMessages":[],"meta":{}},{"ancestorTitles":["Phase 2a nominal identity and digest boundary"],"fullName":"Phase 2a nominal identity and digest boundary rejects plain, legacy, normalized, or malformed object ID \"peer\\ud800:aaaaaaaaaaaaaaaaaaaaaaaaaaaaaaaa\"","status":"passed","title":"rejects plain, legacy, normalized, or malformed object ID \"peer\\ud800:aaaaaaaaaaaaaaaaaaaaaaaaaaaaaaaa\"","duration":0.03408300000000963,"failureMessages":[],"meta":{}},{"ancestorTitles":["Phase 2a nominal identity and digest boundary"],"fullName":"Phase 2a nominal identity and digest boundary rejects plain, legacy, normalized, or malformed object ID \"ppppppppppppppppppppppppppppppppppppppppppppppppppppppppppppppppppppppppppppppppppppppppppppppppppppppppppppppppppppppppppppppppppppppppppppppppppppppppppppppppppppppppppppppppppppppppppppppppppppppppppppppppppppppppppppppppppppppppppppppppppppppppppppppppppppppppppppppppppppppppppppppppppppppppppppppppppppppppppppppppppppppppppppppppppppppppppppppppppppppppppppppppppppppppppppppppppppppppppppppppppppppppppppppppppppppppppppppppppppppppppppppppppppppppppppppppppppppppppppppppppppppppppppppppppppppppppppppppppppppppppppppppppppppppppppppppppppppppppppppppppppppppppppppppppppppppppppppppppppppppppppppppppppppppppppppppppppppppppppppppppppppppppppppppppppppppppppppppppppppppppppppppppppppppppppppppppppppppppppppppppppppppppppppppppppppppppppppppppppppppppppppppppppppppppppppppppppppppppppppppppppppppppppppppppppppppppppppppppppppppppppppppppppppppppppppppppppppppppppppppppppppppppppppppppppppppppppppppppppppppppppppppppppppppppppppppppppppppppppppppppppppppppppppppppppppppppppppppp:aaaaaaaaaaaaaaaaaaaaaaaaaaaaaaaa\"","status":"passed","title":"rejects plain, legacy, normalized, or malformed object ID \"ppppppppppppppppppppppppppppppppppppppppppppppppppppppppppppppppppppppppppppppppppppppppppppppppppppppppppppppppppppppppppppppppppppppppppppppppppppppppppppppppppppppppppppppppppppppppppppppppppppppppppppppppppppppppppppppppppppppppppppppppppppppppppppppppppppppppppppppppppppppppppppppppppppppppppppppppppppppppppppppppppppppppppppppppppppppppppppppppppppppppppppppppppppppppppppppppppppppppppppppppppppppppppppppppppppppppppppppppppppppppppppppppppppppppppppppppppppppppppppppppppppppppppppppppppppppppppppppppppppppppppppppppppppppppppppppppppppppppppppppppppppppppppppppppppppppppppppppppppppppppppppppppppppppppppppppppppppppppppppppppppppppppppppppppppppppppppppppppppppppppppppppppppppppppppppppppppppppppppppppppppppppppppppppppppppppppppppppppppppppppppppppppppppppppppppppppppppppppppppppppppppppppppppppppppppppppppppppppppppppppppppppppppppppppppppppppppppppppppppppppppppppppppppppppppppppppppppppppppppppppppppppppppppppppppppppppppppppppppppppppppppppppppppppppppppppppppppppppp:aaaaaaaaaaaaaaaaaaaaaaaaaaaaaaaa\"","duration":0.19654199999999378,"failureMessages":[],"meta":{}},{"ancestorTitles":["Phase 2a nominal identity and digest boundary"],"fullName":"Phase 2a nominal identity and digest boundary rejects non-canonical generation/digest spelling \"\"","status":"passed","title":"rejects non-canonical generation/digest spelling \"\"","duration":0.19249999999999545,"failureMessages":[],"meta":{}},{"ancestorTitles":["Phase 2a nominal identity and digest boundary"],"fullName":"Phase 2a nominal identity and digest boundary rejects non-canonical generation/digest spelling \"aaaaaaaaaaaaaaaaaaaaaaaaaaaaaaaaaaaaaaaaaaaaaaaaaaaaaaaaaaaaaaa\"","status":"passed","title":"rejects non-canonical generation/digest spelling \"aaaaaaaaaaaaaaaaaaaaaaaaaaaaaaaaaaaaaaaaaaaaaaaaaaaaaaaaaaaaaaa\"","duration":0.09604200000001129,"failureMessages":[],"meta":{}},{"ancestorTitles":["Phase 2a nominal identity and digest boundary"],"fullName":"Phase 2a nominal identity and digest boundary rejects non-canonical generation/digest spelling \"AAAAAAAAAAAAAAAAAAAAAAAAAAAAAAAAAAAAAAAAAAAAAAAAAAAAAAAAAAAAAAAA\"","status":"passed","title":"rejects non-canonical generation/digest spelling \"AAAAAAAAAAAAAAAAAAAAAAAAAAAAAAAAAAAAAAAAAAAAAAAAAAAAAAAAAAAAAAAA\"","duration":0.04504199999999514,"failureMessages":[],"meta":{}},{"ancestorTitles":["Phase 2a nominal identity and digest boundary"],"fullName":"Phase 2a nominal identity and digest boundary rejects non-canonical generation/digest spelling \"aaaaaaaaaaaaaaaaaaaaaaaaaaaaaaaaaaaaaaaaaaaaaaaaaaaaaaaaaaaaaaag\"","status":"passed","title":"rejects non-canonical generation/digest spelling \"aaaaaaaaaaaaaaaaaaaaaaaaaaaaaaaaaaaaaaaaaaaaaaaaaaaaaaaaaaaaaaag\"","duration":0.049374999999997726,"failureMessages":[],"meta":{}},{"ancestorTitles":["Phase 2a nominal identity and digest boundary"],"fullName":"Phase 2a nominal identity and digest boundary rejects sentinel or unsafe head revision 0","status":"passed","title":"rejects sentinel or unsafe head revision 0","duration":0.033458999999993466,"failureMessages":[],"meta":{}},{"ancestorTitles":["Phase 2a nominal identity and digest boundary"],"fullName":"Phase 2a nominal identity and digest boundary rejects sentinel or unsafe head revision -1","status":"passed","title":"rejects sentinel or unsafe head revision -1","duration":0.025958000000002812,"failureMessages":[],"meta":{}},{"ancestorTitles":["Phase 2a nominal identity and digest boundary"],"fullName":"Phase 2a nominal identity and digest boundary rejects sentinel or unsafe head revision null","status":"passed","title":"rejects sentinel or unsafe head revision null","duration":0.025832999999977346,"failureMessages":[],"meta":{}},{"ancestorTitles":["Phase 2a nominal identity and digest boundary"],"fullName":"Phase 2a nominal identity and digest boundary rejects sentinel or unsafe head revision 9007199254740992","status":"passed","title":"rejects sentinel or unsafe head revision 9007199254740992","duration":0.023291000000000395,"failureMessages":[],"meta":{}},{"ancestorTitles":["Phase 2a nominal identity and digest boundary"],"fullName":"Phase 2a nominal identity and digest boundary rejects sentinel or unsafe head revision 1.5","status":"passed","title":"rejects sentinel or unsafe head revision 1.5","duration":0.022249999999985448,"failureMessages":[],"meta":{}},{"ancestorTitles":["Phase 2a nominal identity and digest boundary"],"fullName":"Phase 2a nominal identity and digest boundary uses distinct storage-only domains and keeps them out of both protocol registries","status":"passed","title":"uses distinct storage-only domains and keeps them out of both protocol registries","duration":1.9160829999999862,"failureMessages":[],"meta":{}},{"ancestorTitles":["Phase 2a nominal identity and digest boundary"],"fullName":"Phase 2a nominal identity and digest boundary canonicalizes closure order before hashing","status":"passed","title":"canonicalizes closure order before hashing","duration":0.6899159999999824,"failureMessages":[],"meta":{}},{"ancestorTitles":["Phase 2a nominal identity and digest boundary"],"fullName":"Phase 2a nominal identity and digest boundary rejects SharedArrayBuffer-backed digest input before hashing","status":"passed","title":"rejects SharedArrayBuffer-backed digest input before hashing","duration":0.04512499999998454,"failureMessages":[],"meta":{}},{"ancestorTitles":["Phase 2a exact persistence codecs"],"fullName":"Phase 2a exact persistence codecs round-trips canonical head and generation records","status":"passed","title":"round-trips canonical head and generation records","duration":1.2705409999999802,"failureMessages":[],"meta":{}},{"ancestorTitles":["Phase 2a exact persistence codecs"],"fullName":"Phase 2a exact persistence codecs maps canonical unknown schema/kind for head without a v0 fallback","status":"passed","title":"maps canonical unknown schema/kind for head without a v0 fallback","duration":0.20395800000000008,"failureMessages":[],"meta":{}},{"ancestorTitles":["Phase 2a exact persistence codecs"],"fullName":"Phase 2a exact persistence codecs maps canonical unknown schema/kind for generation without a v0 fallback","status":"passed","title":"maps canonical unknown schema/kind for generation without a v0 fallback","duration":0.3680829999999844,"failureMessages":[],"meta":{}},{"ancestorTitles":["Phase 2a exact persistence codecs"],"fullName":"Phase 2a exact persistence codecs rejects extra fields and non-canonical/trailing bytes without a partial value","status":"passed","title":"rejects extra fields and non-canonical/trailing bytes without a partial value","duration":0.26975000000001614,"failureMessages":[],"meta":{}},{"ancestorTitles":["Phase 2a exact persistence codecs"],"fullName":"Phase 2a exact persistence codecs rejects non-closed generation bodies and sparse closures","status":"passed","title":"rejects non-closed generation bodies and sparse closures","duration":0.5391670000000204,"failureMessages":[],"meta":{}},{"ancestorTitles":["Phase 2a exact persistence codecs"],"fullName":"Phase 2a exact persistence codecs rejects SharedArrayBuffer before decode","status":"passed","title":"rejects SharedArrayBuffer before decode","duration":0.04116700000000151,"failureMessages":[],"meta":{}},{"ancestorTitles":["Phase 2a exact persistence codecs"],"fullName":"Phase 2a exact persistence codecs encoders reject inherited, accessor, symbol, undefined, and extra fields","status":"passed","title":"encoders reject inherited, accessor, symbol, undefined, and extra fields","duration":0.1267090000000053,"failureMessages":[],"meta":{}},{"ancestorTitles":["Phase 2a exact persistence codecs"],"fullName":"Phase 2a exact persistence codecs decoded values are detached from decoder input and one another","status":"passed","title":"decoded values are detached from decoder input and one another","duration":0.9295829999999796,"failureMessages":[],"meta":{}},{"ancestorTitles":["Phase 2a exact persistence codecs"],"fullName":"Phase 2a exact persistence codecs does not treat an arbitrary canonical body as a legacy record","status":"passed","title":"does not treat an arbitrary canonical body as a legacy record","duration":0.3841249999999832,"failureMessages":[],"meta":{}}],"startTime":1788224844898,"endTime":1788224844906.9297,"status":"passed","message":"","name":"/Users/aristotle/Documents/Projects/ts-drp-1/packages/storage/tests/identity-codec.test.ts"},{"assertionResults":[{"ancestorTitles":["Phase 2a shared contract and honest memory capabilities"],"fullName":"Phase 2a shared contract and honest memory capabilities exports a frozen data-only corpus and common runner","status":"passed","title":"exports a frozen data-only corpus and common runner","duration":11.079291000000012,"failureMessages":[],"meta":{}},{"ancestorTitles":["Phase 2a shared contract and honest memory capabilities"],"fullName":"Phase 2a shared contract and honest memory capabilities runs the common ephemeral scenario against the supplied store","status":"passed","title":"runs the common ephemeral scenario against the supplied store","duration":4.959624999999988,"failureMessages":[],"meta":{}},{"ancestorTitles":["Phase 2a shared contract and honest memory capabilities"],"fullName":"Phase 2a shared contract and honest memory capabilities rejects when a supplied store lies about an observable common step","status":"passed","title":"rejects when a supplied store lies about an observable common step","duration":1.6642089999999996,"failureMessages":[],"meta":{}},{"ancestorTitles":["Phase 2a shared contract and honest memory capabilities"],"fullName":"Phase 2a shared contract and honest memory capabilities does not export the transition owner, harness, or a signing-capability predicate","status":"passed","title":"does not export the transition owner, harness, or a signing-capability predicate","duration":1.116500000000002,"failureMessages":[],"meta":{}},{"ancestorTitles":["Phase 2a shared contract and honest memory capabilities"],"fullName":"Phase 2a shared contract and honest memory capabilities cannot be relabeled strict or signing-eligible by an environment override","status":"passed","title":"cannot be relabeled strict or signing-eligible by an environment override","duration":0.13766600000002427,"failureMessages":[],"meta":{}},{"ancestorTitles":["Phase 2a shared contract and honest memory capabilities"],"fullName":"Phase 2a shared contract and honest memory capabilities keeps the exported memory capability frozen and honest after 'ordinary assignment'","status":"passed","title":"keeps the exported memory capability frozen and honest after 'ordinary assignment'","duration":0.608791000000025,"failureMessages":[],"meta":{}},{"ancestorTitles":["Phase 2a shared contract and honest memory capabilities"],"fullName":"Phase 2a shared contract and honest memory capabilities keeps the exported memory capability frozen and honest after 'Object.defineProperty'","status":"passed","title":"keeps the exported memory capability frozen and honest after 'Object.defineProperty'","duration":0.15783400000000825,"failureMessages":[],"meta":{}},{"ancestorTitles":["Phase 2a shared contract and honest memory capabilities"],"fullName":"Phase 2a shared contract and honest memory capabilities returns DURABILITY_UNAVAILABLE before lookup/integrity for declared promotion","status":"passed","title":"returns DURABILITY_UNAVAILABLE before lookup/integrity for declared promotion","duration":0.28104199999998514,"failureMessages":[],"meta":{}},{"ancestorTitles":["Phase 2a shared contract and honest memory capabilities"],"fullName":"Phase 2a shared contract and honest memory capabilities returns DURABILITY_UNAVAILABLE before lookup/integrity for undeclared promotion","status":"passed","title":"returns DURABILITY_UNAVAILABLE before lookup/integrity for undeclared promotion","duration":0.45033300000000054,"failureMessages":[],"meta":{}},{"ancestorTitles":["Phase 2a shared contract and honest memory capabilities"],"fullName":"Phase 2a shared contract and honest memory capabilities returns DURABILITY_UNAVAILABLE before lookup/integrity for absent promotion","status":"passed","title":"returns DURABILITY_UNAVAILABLE before lookup/integrity for absent promotion","duration":0.2523750000000007,"failureMessages":[],"meta":{}},{"ancestorTitles":["Phase 2a shared contract and honest memory capabilities"],"fullName":"Phase 2a shared contract and honest memory capabilities returns DURABILITY_UNAVAILABLE before lookup/integrity for unknown-generation promotion","status":"passed","title":"returns DURABILITY_UNAVAILABLE before lookup/integrity for unknown-generation promotion","duration":0.12870799999998894,"failureMessages":[],"meta":{}},{"ancestorTitles":["Phase 2a shared contract and honest memory capabilities"],"fullName":"Phase 2a shared contract and honest memory capabilities keeps exported memory completion and adoption impossible","status":"passed","title":"keeps exported memory completion and adoption impossible","duration":0.8499170000000049,"failureMessages":[],"meta":{}},{"ancestorTitles":["Phase 2a shared contract and honest memory capabilities"],"fullName":"Phase 2a shared contract and honest memory capabilities rejects an undeclared cached blob without publishing it","status":"passed","title":"rejects an undeclared cached blob without publishing it","duration":0.17300000000000182,"failureMessages":[],"meta":{}},{"ancestorTitles":["Phase 2a shared contract and honest memory capabilities"],"fullName":"Phase 2a shared contract and honest memory capabilities returns GENERATION_EXISTS for equal, substitute, and extra repeated begin","status":"passed","title":"returns GENERATION_EXISTS for equal, substitute, and extra repeated begin","duration":2.6228749999999934,"failureMessages":[],"meta":{}},{"ancestorTitles":["Phase 2a shared contract and honest memory capabilities"],"fullName":"Phase 2a shared contract and honest memory capabilities copies input before retention and returns fresh blob bytes","status":"passed","title":"copies input before retention and returns fresh blob bytes","duration":0.5091670000000192,"failureMessages":[],"meta":{}},{"ancestorTitles":["Phase 2a shared contract and honest memory capabilities"],"fullName":"Phase 2a shared contract and honest memory capabilities rejects SharedArrayBuffer-backed put before retention","status":"passed","title":"rejects SharedArrayBuffer-backed put before retention","duration":0.14587499999998954,"failureMessages":[],"meta":{}},{"ancestorTitles":["Phase 2a shared contract and honest memory capabilities"],"fullName":"Phase 2a shared contract and honest memory capabilities gives an own data SharedArrayBuffer bytes field precedence over malformed siblings","status":"passed","title":"gives an own data SharedArrayBuffer bytes field precedence over malformed siblings","duration":0.7462090000000217,"failureMessages":[],"meta":{}},{"ancestorTitles":["Phase 2a shared contract and honest memory capabilities"],"fullName":"Phase 2a shared contract and honest memory capabilities rejects an accessor bytes field without invoking it","status":"passed","title":"rejects an accessor bytes field without invoking it","duration":0.5077919999999949,"failureMessages":[],"meta":{}},{"ancestorTitles":["Phase 2a shared contract and honest memory capabilities"],"fullName":"Phase 2a shared contract and honest memory capabilities rejects an inherited bytes field","status":"passed","title":"rejects an inherited bytes field","duration":0.7056249999999977,"failureMessages":[],"meta":{}},{"ancestorTitles":["Phase 2a shared contract and honest memory capabilities"],"fullName":"Phase 2a shared contract and honest memory capabilities rejects an ordinary non-Uint8Array bytes field","status":"passed","title":"rejects an ordinary non-Uint8Array bytes field","duration":0.26420799999999645,"failureMessages":[],"meta":{}},{"ancestorTitles":["Phase 2a shared contract and honest memory capabilities"],"fullName":"Phase 2a shared contract and honest memory capabilities global same-byte races have exactly one insertion and one idempotent success","status":"passed","title":"global same-byte races have exactly one insertion and one idempotent success","duration":0.2530830000000037,"failureMessages":[],"meta":{}},{"ancestorTitles":["Phase 2a shared contract and honest memory capabilities"],"fullName":"Phase 2a shared contract and honest memory capabilities global conflicting-byte races choose one immutable winner","status":"passed","title":"global conflicting-byte races choose one immutable winner","duration":0.4030840000000069,"failureMessages":[],"meta":{}},{"ancestorTitles":["Phase 2a shared contract and honest memory capabilities"],"fullName":"Phase 2a shared contract and honest memory capabilities close is idempotent and every later method returns STORE_CLOSED","status":"passed","title":"close is idempotent and every later method returns STORE_CLOSED","duration":0.12620799999999122,"failureMessages":[],"meta":{}},{"ancestorTitles":["Phase 2a shared contract and honest memory capabilities"],"fullName":"Phase 2a shared contract and honest memory capabilities sorts generation output and isolates returned journal records","status":"passed","title":"sorts generation output and isolates returned journal records","duration":1.6651250000000175,"failureMessages":[],"meta":{}}],"startTime":1788224830459,"endTime":1788224830488.665,"status":"passed","message":"","name":"/Users/aristotle/Documents/Projects/ts-drp-1/packages/storage/tests/memory-contract.test.ts"},{"assertionResults":[{"ancestorTitles":["Phase 2e1 bounded public reads RED"],"fullName":"Phase 2e1 bounded public reads RED replaces the runtime whole-state command with exact head and bounded page loads","status":"passed","title":"replaces the runtime whole-state command with exact head and bounded page loads","duration":1.6207079999999792,"failureMessages":[],"meta":{}},{"ancestorTitles":["Phase 2e1 bounded public reads RED"],"fullName":"Phase 2e1 bounded public reads RED returns detached empty/head/page/multipage values and binds an exclusive cursor to its object","status":"passed","title":"returns detached empty/head/page/multipage values and binds an exclusive cursor to its object","duration":7.776791000000003,"failureMessages":[],"meta":{}},{"ancestorTitles":["Phase 2e1 bounded public reads RED"],"fullName":"Phase 2e1 bounded public reads RED rejects every invalid limit or cursor before publishing a backend load","status":"passed","title":"rejects every invalid limit or cursor before publishing a backend load","duration":0.3438329999999894,"failureMessages":[],"meta":{}},{"ancestorTitles":["Phase 2e1 bounded public reads RED"],"fullName":"Phase 2e1 bounded public reads RED keeps public memory pages bounded without invoking the private broad mutation snapshot","status":"passed","title":"keeps public memory pages bounded without invoking the private broad mutation snapshot","duration":29.940292,"failureMessages":[],"meta":{}},{"ancestorTitles":["Phase 2e1 bounded public reads RED"],"fullName":"Phase 2e1 bounded public reads RED does not advertise independently fetched pages as one object snapshot","status":"passed","title":"does not advertise independently fetched pages as one object snapshot","duration":0.7715840000000185,"failureMessages":[],"meta":{}},{"ancestorTitles":["Phase 2e1 command-owned write RED"],"fullName":"Phase 2e1 command-owned write RED retains exact write vocabulary and closed-store precedence without reclaiming 2e3 authority","status":"passed","title":"retains exact write vocabulary and closed-store precedence without reclaiming 2e3 authority","duration":0.781125000000003,"failureMessages":[],"meta":{}},{"ancestorTitles":["Phase 2e1 command-owned write RED"],"fullName":"Phase 2e1 command-owned write RED deletes the generic whole-state diff owner without replacing it with a test analyzer","status":"passed","title":"deletes the generic whole-state diff owner without replacing it with a test analyzer","duration":0.9882499999999936,"failureMessages":[],"meta":{}}],"startTime":1788224840931,"endTime":1788224840973.9883,"status":"passed","message":"","name":"/Users/aristotle/Documents/Projects/ts-drp-1/packages/storage/tests/phase-2e1-bounded-reads-red.test.ts"},{"assertionResults":[{"ancestorTitles":["Phase 2e2 persisted taxonomy and poison contract RED"],"fullName":"Phase 2e2 persisted taxonomy and poison contract RED adds only the four ratified public lifecycle/recovery reasons","status":"passed","title":"adds only the four ratified public lifecycle/recovery reasons","duration":0.9060839999999928,"failureMessages":[],"meta":{}},{"ancestorTitles":["Phase 2e2 persisted taxonomy and poison contract RED"],"fullName":"Phase 2e2 persisted taxonomy and poison contract RED keeps malformed persisted bytes noncanonical in the shared codecs","status":"passed","title":"keeps malformed persisted bytes noncanonical in the shared codecs","duration":0.6686669999999992,"failureMessages":[],"meta":{}}],"startTime":1788224845257,"endTime":1788224845258.6687,"status":"passed","message":"","name":"/Users/aristotle/Documents/Projects/ts-drp-1/packages/storage/tests/phase-2e2-taxonomy-poison-red.test.ts"},{"assertionResults":[{"ancestorTitles":["Phase 2e3 shared recovery and authority flip RED"],"fullName":"Phase 2e3 shared recovery and authority flip RED publishes the exact bounded recovery method and no closure bytes","status":"passed","title":"publishes the exact bounded recovery method and no closure bytes","duration":1.4665410000000065,"failureMessages":[],"meta":{}},{"ancestorTitles":["Phase 2e3 shared recovery and authority flip RED"],"fullName":"Phase 2e3 shared recovery and authority flip RED returns the exact empty result from internal and public memory owners","status":"passed","title":"returns the exact empty result from internal and public memory owners","duration":0.7970410000000072,"failureMessages":[],"meta":{}},{"ancestorTitles":["Phase 2e3 shared recovery and authority flip RED"],"fullName":"Phase 2e3 shared recovery and authority flip RED returns detached verification-at-snapshot metadata for an active generation","status":"passed","title":"returns detached verification-at-snapshot metadata for an active generation","duration":4.6133330000000115,"failureMessages":[],"meta":{}},{"ancestorTitles":["Phase 2e3 shared recovery and authority flip RED"],"fullName":"Phase 2e3 shared recovery and authority flip RED latches an adopted-integrity recovery root as poison and preserves close precedence","status":"passed","title":"latches an adopted-integrity recovery root as poison and preserves close precedence","duration":0.7779580000000124,"failureMessages":[],"meta":{}},{"ancestorTitles":["Phase 2e3 shared recovery and authority flip RED"],"fullName":"Phase 2e3 shared recovery and authority flip RED reproduces the bounded-only revision-reset mutant and requires recovery to kill it","status":"passed","title":"reproduces the bounded-only revision-reset mutant and requires recovery to kill it","duration":1.174874999999986,"failureMessages":[],"meta":{}},{"ancestorTitles":["Phase 2e3 shared recovery and authority flip RED"],"fullName":"Phase 2e3 shared recovery and authority flip RED rechecks promoted candidate bytes in canonical order before completion","status":"passed","title":"rechecks promoted candidate bytes in canonical order before completion","duration":1.6454579999999908,"failureMessages":[],"meta":{}},{"ancestorTitles":["Phase 2e3 shared recovery and authority flip RED"],"fullName":"Phase 2e3 shared recovery and authority flip RED publishes one runtime-neutral verifier controller and opaque candidate authorization","status":"passed","title":"publishes one runtime-neutral verifier controller and opaque candidate authorization","duration":6.029833000000025,"failureMessages":[],"meta":{}},{"ancestorTitles":["Phase 2e3 shared recovery and authority flip RED"],"fullName":"Phase 2e3 shared recovery and authority flip RED rejects dual, batch and forgeable authority forms with a deterministic mutant control","status":"passed","title":"rejects dual, batch and forgeable authority forms with a deterministic mutant control","duration":1.3494579999999985,"failureMessages":[],"meta":{}}],"startTime":1788224829903,"endTime":1788224829920.3494,"status":"passed","message":"","name":"/Users/aristotle/Documents/Projects/ts-drp-1/packages/storage/tests/phase-2e3-recovery-authority-red.test.ts"},{"assertionResults":[{"ancestorTitles":["Phase 2e3 recovery transient-memory bound RED"],"fullName":"Phase 2e3 recovery transient-memory bound RED walks the full journal but materializes only the late sole adopted closure","status":"passed","title":"walks the full journal but materializes only the late sole adopted closure","duration":16.943332999999996,"failureMessages":[],"meta":{}},{"ancestorTitles":["Phase 2e3 recovery transient-memory bound RED"],"fullName":"Phase 2e3 recovery transient-memory bound RED finds a second late adopted row without materializing any closure","status":"passed","title":"finds a second late adopted row without materializing any closure","duration":8.298708000000005,"failureMessages":[],"meta":{}}],"startTime":1788224845068,"endTime":1788224845093.2988,"status":"passed","message":"","name":"/Users/aristotle/Documents/Projects/ts-drp-1/packages/storage/tests/phase-2e3-recovery-memory-bound-red.test.ts"},{"assertionResults":[{"ancestorTitles":["Phase 2a five-state journal"],"fullName":"Phase 2a five-state journal keeps absent -> Staged as a non-vacuous positive control","status":"passed","title":"keeps absent -> Staged as a non-vacuous positive control","duration":2.3117079999999817,"failureMessages":[],"meta":{}},{"ancestorTitles":["Phase 2a five-state journal"],"fullName":"Phase 2a five-state journal rejects empty before duplicate closure references and preserves state","status":"passed","title":"rejects empty before duplicate closure references and preserves state","duration":0.9836250000000177,"failureMessages":[],"meta":{}},{"ancestorTitles":["Phase 2a five-state journal"],"fullName":"Phase 2a five-state journal never reuses an extant Staged generation key, even for equal/substitute/extra input","status":"passed","title":"never reuses an extant Staged generation key, even for equal/substitute/extra input","duration":1.00270900000001,"failureMessages":[],"meta":{}},{"ancestorTitles":["Phase 2a five-state journal"],"fullName":"Phase 2a five-state journal never reuses an extant Complete generation key, even for equal/substitute/extra input","status":"passed","title":"never reuses an extant Complete generation key, even for equal/substitute/extra input","duration":0.8329999999999984,"failureMessages":[],"meta":{}},{"ancestorTitles":["Phase 2a five-state journal"],"fullName":"Phase 2a five-state journal never reuses an extant Adopted generation key, even for equal/substitute/extra input","status":"passed","title":"never reuses an extant Adopted generation key, even for equal/substitute/extra input","duration":0.8483750000000043,"failureMessages":[],"meta":{}},{"ancestorTitles":["Phase 2a five-state journal"],"fullName":"Phase 2a five-state journal never reuses an extant Superseded generation key, even for equal/substitute/extra input","status":"passed","title":"never reuses an extant Superseded generation key, even for equal/substitute/extra input","duration":0.4534169999999733,"failureMessages":[],"meta":{}},{"ancestorTitles":["Phase 2a five-state journal"],"fullName":"Phase 2a five-state journal never reuses an extant Discarded generation key, even for equal/substitute/extra input","status":"passed","title":"never reuses an extant Discarded generation key, even for equal/substitute/extra input","duration":0.333500000000015,"failureMessages":[],"meta":{}},{"ancestorTitles":["Phase 2a five-state journal"],"fullName":"Phase 2a five-state journal completes a three-reference Staged generation with genuine modeled promotion","status":"passed","title":"completes a three-reference Staged generation with genuine modeled promotion","duration":2.125249999999994,"failureMessages":[],"meta":{}},{"ancestorTitles":["Phase 2a five-state journal"],"fullName":"Phase 2a five-state journal accepts declared cache, idempotent promotion, and both legal discard edges","status":"passed","title":"accepts declared cache, idempotent promotion, and both legal discard edges","duration":0.9293750000000216,"failureMessages":[],"meta":{}},{"ancestorTitles":["Phase 2a five-state journal"],"fullName":"Phase 2a five-state journal rejects a three-reference completion when one reference is unpromoted","status":"passed","title":"rejects a three-reference completion when one reference is unpromoted","duration":37.45350000000002,"failureMessages":[],"meta":{}},{"ancestorTitles":["Phase 2a five-state journal"],"fullName":"Phase 2a five-state journal rejects Complete from Complete","status":"passed","title":"rejects Complete from Complete","duration":5.410792000000015,"failureMessages":[],"meta":{}},{"ancestorTitles":["Phase 2a five-state journal"],"fullName":"Phase 2a five-state journal rejects Complete from Adopted","status":"passed","title":"rejects Complete from Adopted","duration":0.9822910000000036,"failureMessages":[],"meta":{}},{"ancestorTitles":["Phase 2a five-state journal"],"fullName":"Phase 2a five-state journal rejects Complete from Superseded","status":"passed","title":"rejects Complete from Superseded","duration":0.6237920000000088,"failureMessages":[],"meta":{}},{"ancestorTitles":["Phase 2a five-state journal"],"fullName":"Phase 2a five-state journal rejects Complete from Discarded","status":"passed","title":"rejects Complete from Discarded","duration":0.21958300000000008,"failureMessages":[],"meta":{}},{"ancestorTitles":["Phase 2a five-state journal"],"fullName":"Phase 2a five-state journal rejects discard from terminal Adopted","status":"passed","title":"rejects discard from terminal Adopted","duration":1.1894589999999994,"failureMessages":[],"meta":{}},{"ancestorTitles":["Phase 2a five-state journal"],"fullName":"Phase 2a five-state journal rejects discard from terminal Superseded","status":"passed","title":"rejects discard from terminal Superseded","duration":0.5642500000000155,"failureMessages":[],"meta":{}},{"ancestorTitles":["Phase 2a five-state journal"],"fullName":"Phase 2a five-state journal rejects discard from terminal Discarded","status":"passed","title":"rejects discard from terminal Discarded","duration":1.6575829999999883,"failureMessages":[],"meta":{}},{"ancestorTitles":["Phase 2a five-state journal"],"fullName":"Phase 2a five-state journal rejects adoption from Staged","status":"passed","title":"rejects adoption from Staged","duration":0.925832999999983,"failureMessages":[],"meta":{}},{"ancestorTitles":["Phase 2a five-state journal"],"fullName":"Phase 2a five-state journal rejects adoption from Adopted","status":"passed","title":"rejects adoption from Adopted","duration":0.2669999999999959,"failureMessages":[],"meta":{}},{"ancestorTitles":["Phase 2a five-state journal"],"fullName":"Phase 2a five-state journal rejects adoption from Superseded","status":"passed","title":"rejects adoption from Superseded","duration":0.1785419999999931,"failureMessages":[],"meta":{}},{"ancestorTitles":["Phase 2a five-state journal"],"fullName":"Phase 2a five-state journal rejects adoption from Discarded","status":"passed","title":"rejects adoption from Discarded","duration":0.6168329999999855,"failureMessages":[],"meta":{}},{"ancestorTitles":["Phase 2a five-state journal"],"fullName":"Phase 2a five-state journal rejects cache and promotion mutation outside Staged from Complete","status":"passed","title":"rejects cache and promotion mutation outside Staged from Complete","duration":0.23154199999999037,"failureMessages":[],"meta":{}},{"ancestorTitles":["Phase 2a five-state journal"],"fullName":"Phase 2a five-state journal rejects cache and promotion mutation outside Staged from Adopted","status":"passed","title":"rejects cache and promotion mutation outside Staged from Adopted","duration":0.12058300000001054,"failureMessages":[],"meta":{}},{"ancestorTitles":["Phase 2a five-state journal"],"fullName":"Phase 2a five-state journal rejects cache and promotion mutation outside Staged from Superseded","status":"passed","title":"rejects cache and promotion mutation outside Staged from Superseded","duration":0.11258300000000077,"failureMessages":[],"meta":{}},{"ancestorTitles":["Phase 2a five-state journal"],"fullName":"Phase 2a five-state journal rejects cache and promotion mutation outside Staged from Discarded","status":"passed","title":"rejects cache and promotion mutation outside Staged from Discarded","duration":0.10933299999999235,"failureMessages":[],"meta":{}},{"ancestorTitles":["Phase 2a head CAS and atomicity"],"fullName":"Phase 2a head CAS and atomicity exact none-head swap succeeds at revision 1","status":"passed","title":"exact none-head swap succeeds at revision 1","duration":12.637292000000002,"failureMessages":[],"meta":{}},{"ancestorTitles":["Phase 2a head CAS and atomicity"],"fullName":"Phase 2a head CAS and atomicity exact present-head swap supersedes the former generation","status":"passed","title":"exact present-head swap supersedes the former generation","duration":6.909917000000007,"failureMessages":[],"meta":{}},{"ancestorTitles":["Phase 2a head CAS and atomicity"],"fullName":"Phase 2a head CAS and atomicity rejects stale and none-vs-present expected heads without mutation","status":"passed","title":"rejects stale and none-vs-present expected heads without mutation","duration":0.4741249999999866,"failureMessages":[],"meta":{}},{"ancestorTitles":["Phase 2a head CAS and atomicity"],"fullName":"Phase 2a head CAS and atomicity rejects captured-base mismatch after the request matches the current head","status":"passed","title":"rejects captured-base mismatch after the request matches the current head","duration":0.46750000000000114,"failureMessages":[],"meta":{}},{"ancestorTitles":["Phase 2a head CAS and atomicity"],"fullName":"Phase 2a head CAS and atomicity rejects cross-object embedded heads as INVALID_ARGUMENT before lookup","status":"passed","title":"rejects cross-object embedded heads as INVALID_ARGUMENT before lookup","duration":0.17458400000001006,"failureMessages":[],"meta":{}},{"ancestorTitles":["Phase 2a head CAS and atomicity"],"fullName":"Phase 2a head CAS and atomicity linearizes competing exact-CAS swaps with one winner","status":"passed","title":"linearizes competing exact-CAS swaps with one winner","duration":3.5420000000000016,"failureMessages":[],"meta":{}},{"ancestorTitles":["Phase 2a head CAS and atomicity"],"fullName":"Phase 2a head CAS and atomicity rejects maximum-revision increment without wrap or mutation","status":"passed","title":"rejects maximum-revision increment without wrap or mutation","duration":0.9734169999999835,"failureMessages":[],"meta":{}},{"ancestorTitles":["Phase 2a ref-major precedence"],"fullName":"Phase 2a ref-major precedence reports a lower-digest unpromoted ref before a higher-digest missing ref","status":"passed","title":"reports a lower-digest unpromoted ref before a higher-digest missing ref","duration":1.5734160000000088,"failureMessages":[],"meta":{}},{"ancestorTitles":["Phase 2a ref-major precedence"],"fullName":"Phase 2a ref-major precedence returns BLOB_UNPROMOTED when promotion evidence is absent and cached bytes are 'missing'","status":"passed","title":"returns BLOB_UNPROMOTED when promotion evidence is absent and cached bytes are 'missing'","duration":3.555749999999989,"failureMessages":[],"meta":{}},{"ancestorTitles":["Phase 2a ref-major precedence"],"fullName":"Phase 2a ref-major precedence returns BLOB_UNPROMOTED when promotion evidence is absent and cached bytes are 'corrupt'","status":"passed","title":"returns BLOB_UNPROMOTED when promotion evidence is absent and cached bytes are 'corrupt'","duration":0.7429579999999874,"failureMessages":[],"meta":{}},{"ancestorTitles":["Phase 2a ref-major precedence"],"fullName":"Phase 2a ref-major precedence returns BLOB_UNPROMOTED when promotion evidence is absent and cached bytes are 'valid'","status":"passed","title":"returns BLOB_UNPROMOTED when promotion evidence is absent and cached bytes are 'valid'","duration":0.43137500000000273,"failureMessages":[],"meta":{}},{"ancestorTitles":["Phase 2a ref-major precedence"],"fullName":"Phase 2a ref-major precedence keeps closure digest captured at begin instead of accepting a substitute","status":"passed","title":"keeps closure digest captured at begin instead of accepting a substitute","duration":0.5530420000000049,"failureMessages":[],"meta":{}}],"startTime":1788224830115,"endTime":1788224830221.553,"status":"passed","message":"","name":"/Users/aristotle/Documents/Projects/ts-drp-1/packages/storage/tests/state-machine.test.ts"},{"assertionResults":[{"ancestorTitles":["Phase 2e1 Node SQLite bounded-read RED"],"fullName":"Phase 2e1 Node SQLite bounded-read RED reads one detached head and deterministic exclusive generation pages across reopen","status":"passed","title":"reads one detached head and deterministic exclusive generation pages across reopen","duration":26.707374999999985,"failureMessages":[],"meta":{}},{"ancestorTitles":["Phase 2e1 Node SQLite bounded-read RED"],"fullName":"Phase 2e1 Node SQLite bounded-read RED fails closed when a physical SQLite generation key disagrees with its canonical record","status":"passed","title":"fails closed when a physical SQLite generation key disagrees with its canonical record","duration":10.883958000000007,"failureMessages":[],"meta":{}},{"ancestorTitles":["Phase 2e1 Node SQLite bounded-read RED"],"fullName":"Phase 2e1 Node SQLite bounded-read RED freezes bounded public SQL while Phase 2e3 owns mutation authority","status":"passed","title":"freezes bounded public SQL while Phase 2e3 owns mutation authority","duration":0.780083000000019,"failureMessages":[],"meta":{}}],"startTime":1788224841165,"endTime":1788224841203.78,"status":"passed","message":"","name":"/Users/aristotle/Documents/Projects/ts-drp-1/packages/storage-node/tests/phase-2e1-bounded-reads-red.test.ts"},{"assertionResults":[{"ancestorTitles":["Phase 2e2 Node persisted taxonomy RED"],"fullName":"Phase 2e2 Node persisted taxonomy RED classifies unsupported-generation once and performs zero writes","status":"passed","title":"classifies unsupported-generation once and performs zero writes","duration":30.732500000000016,"failureMessages":[],"meta":{}},{"ancestorTitles":["Phase 2e2 Node persisted taxonomy RED"],"fullName":"Phase 2e2 Node persisted taxonomy RED classifies unsupported-head once and performs zero writes","status":"passed","title":"classifies unsupported-head once and performs zero writes","duration":41.15979200000004,"failureMessages":[],"meta":{}},{"ancestorTitles":["Phase 2e2 Node persisted taxonomy RED"],"fullName":"Phase 2e2 Node persisted taxonomy RED classifies malformed-generation once and performs zero writes","status":"passed","title":"classifies malformed-generation once and performs zero writes","duration":31.451708000000053,"failureMessages":[],"meta":{}},{"ancestorTitles":["Phase 2e2 Node persisted taxonomy RED"],"fullName":"Phase 2e2 Node persisted taxonomy RED classifies malformed-head once and performs zero writes","status":"passed","title":"classifies malformed-head once and performs zero writes","duration":12.850709000000052,"failureMessages":[],"meta":{}},{"ancestorTitles":["Phase 2e2 Node persisted taxonomy RED"],"fullName":"Phase 2e2 Node persisted taxonomy RED classifies absent-head-target once and performs zero writes","status":"passed","title":"classifies absent-head-target once and performs zero writes","duration":15.109125000000006,"failureMessages":[],"meta":{}},{"ancestorTitles":["Phase 2e2 Node persisted taxonomy RED"],"fullName":"Phase 2e2 Node persisted taxonomy RED classifies non-adopted-head-target once and performs zero writes","status":"passed","title":"classifies non-adopted-head-target once and performs zero writes","duration":11.86966700000005,"failureMessages":[],"meta":{}},{"ancestorTitles":["Phase 2e2 Node persisted taxonomy RED"],"fullName":"Phase 2e2 Node persisted taxonomy RED classifies closure-mismatch once and performs zero writes","status":"passed","title":"classifies closure-mismatch once and performs zero writes","duration":11.754542000000015,"failureMessages":[],"meta":{}},{"ancestorTitles":["Phase 2e2 Node persisted taxonomy RED"],"fullName":"Phase 2e2 Node persisted taxonomy RED classifies multiple-adopted once and performs zero writes","status":"passed","title":"classifies multiple-adopted once and performs zero writes","duration":10.970458000000008,"failureMessages":[],"meta":{}},{"ancestorTitles":["Phase 2e2 Node persisted taxonomy RED"],"fullName":"Phase 2e2 Node persisted taxonomy RED classifies physical-key-mismatch once and performs zero writes","status":"passed","title":"classifies physical-key-mismatch once and performs zero writes","duration":12.96162499999997,"failureMessages":[],"meta":{}},{"ancestorTitles":["Phase 2e2 Node persisted taxonomy RED"],"fullName":"Phase 2e2 Node persisted taxonomy RED latches the first persisted root before later calls and lets close outrank poison","status":"passed","title":"latches the first persisted root before later calls and lets close outrank poison","duration":11.959000000000003,"failureMessages":[],"meta":{}},{"ancestorTitles":["Phase 2e2 Node persisted taxonomy RED"],"fullName":"Phase 2e2 Node persisted taxonomy RED keeps caller validation distinct and non-poisoning with zero writes","status":"passed","title":"keeps caller validation distinct and non-poisoning with zero writes","duration":7.88858399999998,"failureMessages":[],"meta":{}},{"ancestorTitles":["Phase 2e2 Node persisted taxonomy RED"],"fullName":"Phase 2e2 Node persisted taxonomy RED rejects an incompatible physical schema at open with no handle or data write","status":"passed","title":"rejects an incompatible physical schema at open with no handle or data write","duration":4.895417000000009,"failureMessages":[],"meta":{}}],"startTime":1788224840512,"endTime":1788224840715.8955,"status":"passed","message":"","name":"/Users/aristotle/Documents/Projects/ts-drp-1/packages/storage-node/tests/phase-2e2-taxonomy-poison-red.test.ts"},{"assertionResults":[{"ancestorTitles":["Phase 2e3 SQLite atomic recovery RED"],"fullName":"Phase 2e3 SQLite atomic recovery RED positive control keeps caller validation nonpoisoning and close precedence intact","status":"passed","title":"positive control keeps caller validation nonpoisoning and close precedence intact","duration":8.342416999999955,"failureMessages":[],"meta":{}},{"ancestorTitles":["Phase 2e3 SQLite atomic recovery RED"],"fullName":"Phase 2e3 SQLite atomic recovery RED deletes the monolithic Node mutation loader instead of retaining dual authority","status":"passed","title":"deletes the monolithic Node mutation loader instead of retaining dual authority","duration":0.8210410000000365,"failureMessages":[],"meta":{}},{"ancestorTitles":["Phase 2e3 SQLite atomic recovery RED"],"fullName":"Phase 2e3 SQLite atomic recovery RED returns exact empty and detached active verification metadata","status":"passed","title":"returns exact empty and detached active verification metadata","duration":27.354082999999946,"failureMessages":[],"meta":{}},{"ancestorTitles":["Phase 2e3 SQLite atomic recovery RED"],"fullName":"Phase 2e3 SQLite atomic recovery RED walks more than 128 generation rows with bounded page queries in one transaction","status":"passed","title":"walks more than 128 generation rows with bounded page queries in one transaction","duration":66.67200000000003,"failureMessages":[],"meta":{}},{"ancestorTitles":["Phase 2e3 SQLite atomic recovery RED"],"fullName":"Phase 2e3 SQLite atomic recovery RED preserves unsupported-over-noncanonical precedence across recovery pages","status":"passed","title":"preserves unsupported-over-noncanonical precedence across recovery pages","duration":53.61283300000002,"failureMessages":[],"meta":{}},{"ancestorTitles":["Phase 2e3 SQLite atomic recovery RED"],"fullName":"Phase 2e3 SQLite atomic recovery RED recovers before the G1-rev5 head-deletion swap and performs zero writes","status":"passed","title":"recovers before the G1-rev5 head-deletion swap and performs zero writes","duration":19.289291999999932,"failureMessages":[],"meta":{}},{"ancestorTitles":["Phase 2e3 SQLite atomic recovery RED"],"fullName":"Phase 2e3 SQLite atomic recovery RED invalidates a recovered certificate when another handle changes the head","status":"passed","title":"invalidates a recovered certificate when another handle changes the head","duration":19.56762500000002,"failureMessages":[],"meta":{}},{"ancestorTitles":["Phase 2e3 SQLite atomic recovery RED"],"fullName":"Phase 2e3 SQLite atomic recovery RED reverifies a promoted candidate with missing cached bytes","status":"passed","title":"reverifies a promoted candidate with missing cached bytes","duration":10.85941600000001,"failureMessages":[],"meta":{}},{"ancestorTitles":["Phase 2e3 SQLite atomic recovery RED"],"fullName":"Phase 2e3 SQLite atomic recovery RED reverifies a promoted candidate with wrong length cached bytes","status":"passed","title":"reverifies a promoted candidate with wrong length cached bytes","duration":15.724749999999972,"failureMessages":[],"meta":{}},{"ancestorTitles":["Phase 2e3 SQLite atomic recovery RED"],"fullName":"Phase 2e3 SQLite atomic recovery RED reverifies a promoted candidate with wrong digest cached bytes","status":"passed","title":"reverifies a promoted candidate with wrong digest cached bytes","duration":8.876999999999953,"failureMessages":[],"meta":{}},{"ancestorTitles":["Phase 2e3 SQLite atomic recovery RED"],"fullName":"Phase 2e3 SQLite atomic recovery RED reverifies a promoted candidate with wrong type cached bytes","status":"passed","title":"reverifies a promoted candidate with wrong type cached bytes","duration":12.51075000000003,"failureMessages":[],"meta":{}},{"ancestorTitles":["Phase 2e3 SQLite atomic recovery RED"],"fullName":"Phase 2e3 SQLite atomic recovery RED requests two promoted references strictly in closure order","status":"passed","title":"requests two promoted references strictly in closure order","duration":16.30762500000003,"failureMessages":[],"meta":{}},{"ancestorTitles":["Phase 2e3 SQLite atomic recovery RED"],"fullName":"Phase 2e3 SQLite atomic recovery RED stops at the first canonical unpromoted reference without reading a later corrupt blob","status":"passed","title":"stops at the first canonical unpromoted reference without reading a later corrupt blob","duration":16.459666999999968,"failureMessages":[],"meta":{}},{"ancestorTitles":["Phase 2e3 SQLite atomic recovery RED"],"fullName":"Phase 2e3 SQLite atomic recovery RED poisons on the first adopted promotion failure","status":"passed","title":"poisons on the first adopted promotion failure","duration":24.50245899999993,"failureMessages":[],"meta":{}},{"ancestorTitles":["Phase 2e3 SQLite atomic recovery RED"],"fullName":"Phase 2e3 SQLite atomic recovery RED poisons on the first adopted blob failure","status":"passed","title":"poisons on the first adopted blob failure","duration":38.738292,"failureMessages":[],"meta":{}},{"ancestorTitles":["Phase 2e3 SQLite atomic recovery RED"],"fullName":"Phase 2e3 SQLite atomic recovery RED poisons on the first adopted corrupt failure","status":"passed","title":"poisons on the first adopted corrupt failure","duration":54.627207999999996,"failureMessages":[],"meta":{}}],"startTime":1788224828799,"endTime":1788224829194.6272,"status":"passed","message":"","name":"/Users/aristotle/Documents/Projects/ts-drp-1/packages/storage-node/tests/phase-2e3-recovery-authority-red.test.ts"},{"assertionResults":[{"ancestorTitles":["Phase 2e4 SQLite lifecycle/backend RED"],"fullName":"Phase 2e4 SQLite lifecycle/backend RED re-verifies unchanged-head state explicitly, poisons one handle, and redetects the root after reopen","status":"passed","title":"re-verifies unchanged-head state explicitly, poisons one handle, and redetects the root after reopen","duration":42.661415999999974,"failureMessages":[],"meta":{}},{"ancestorTitles":["Phase 2e4 SQLite lifecycle/backend RED"],"fullName":"Phase 2e4 SQLite lifecycle/backend RED re-verifies unpromoted physical evidence before swap with zero writes","status":"passed","title":"re-verifies unpromoted physical evidence before swap with zero writes","duration":11.473499999999973,"failureMessages":[],"meta":{}},{"ancestorTitles":["Phase 2e4 SQLite lifecycle/backend RED"],"fullName":"Phase 2e4 SQLite lifecycle/backend RED re-verifies missing physical evidence before swap with zero writes","status":"passed","title":"re-verifies missing physical evidence before swap with zero writes","duration":10.57899999999995,"failureMessages":[],"meta":{}},{"ancestorTitles":["Phase 2e4 SQLite lifecycle/backend RED"],"fullName":"Phase 2e4 SQLite lifecycle/backend RED re-verifies corrupt physical evidence before swap with zero writes","status":"passed","title":"re-verifies corrupt physical evidence before swap with zero writes","duration":10.397415999999964,"failureMessages":[],"meta":{}},{"ancestorTitles":["Phase 2e4 SQLite lifecycle/backend RED"],"fullName":"Phase 2e4 SQLite lifecycle/backend RED invalidates a stale certificate and verifies another handle's adopted closure before evaluating","status":"passed","title":"invalidates a stale certificate and verifies another handle's adopted closure before evaluating","duration":19.387333000000012,"failureMessages":[],"meta":{}},{"ancestorTitles":["Phase 2e4 SQLite lifecycle/backend RED"],"fullName":"Phase 2e4 SQLite lifecycle/backend RED rejects completion without promotion, then permits promotion and retry","status":"passed","title":"rejects completion without promotion, then permits promotion and retry","duration":7.804124999999999,"failureMessages":[],"meta":{}},{"ancestorTitles":["Phase 2e4 SQLite lifecycle/backend RED"],"fullName":"Phase 2e4 SQLite lifecycle/backend RED does not poison on a genuine substrate failure and retries recovery on the next call","status":"passed","title":"does not poison on a genuine substrate failure and retries recovery on the next call","duration":7,"failureMessages":[],"meta":{}},{"ancestorTitles":["Phase 2e4 SQLite lifecycle/backend RED"],"fullName":"Phase 2e4 SQLite lifecycle/backend RED classifies non-byte candidate and adopted blob rows without backend drift","status":"passed","title":"classifies non-byte candidate and adopted blob rows without backend drift","duration":16.142499999999984,"failureMessages":[],"meta":{}},{"ancestorTitles":["Phase 2e4 SQLite lifecycle/backend RED"],"fullName":"Phase 2e4 SQLite lifecycle/backend RED accepts a legitimate null no-head row and rejects a surviving adopted row","status":"passed","title":"accepts a legitimate null no-head row and rejects a surviving adopted row","duration":13.263166000000012,"failureMessages":[],"meta":{}},{"ancestorTitles":["Phase 2e4 SQLite lifecycle/backend RED"],"fullName":"Phase 2e4 SQLite lifecycle/backend RED fails closed at a non-text recovery cursor instead of repeating its page","status":"passed","title":"fails closed at a non-text recovery cursor instead of repeating its page","duration":66.99504099999996,"failureMessages":[],"meta":{}}],"startTime":1788224829444,"endTime":1788224829649.995,"status":"passed","message":"","name":"/Users/aristotle/Documents/Projects/ts-drp-1/packages/storage-node/tests/phase-2e4-lifecycle-backend-red.test.ts"},{"assertionResults":[{"ancestorTitles":["D.108c real SQLite process-death RED"],"fullName":"D.108c real SQLite process-death RED freezes both native transaction edges for every numbered candidate mutation","status":"passed","title":"freezes both native transaction edges for every numbered candidate mutation","duration":1.525624999999991,"failureMessages":[],"meta":{}},{"ancestorTitles":["D.108c real SQLite process-death RED"],"fullName":"D.108c real SQLite process-death RED recovers pending-old XOR active-new after genuine SIGKILL at every edge","status":"passed","title":"recovers pending-old XOR active-new after genuine SIGKILL at every edge","duration":3092.933167,"failureMessages":[],"meta":{}}],"startTime":1788224841611,"endTime":1788224844704.933,"status":"passed","message":"","name":"/Users/aristotle/Documents/Projects/ts-drp-1/packages/storage-node/tests/phase-6a-creator-adoption-commit-death-red.test.ts"},{"assertionResults":[{"ancestorTitles":["Phase 2c-a Node SQLite strict store RED"],"fullName":"Phase 2c-a Node SQLite strict store RED reports the exact frozen strict capability pair","status":"skipped","title":"reports the exact frozen strict capability pair","failureMessages":[],"meta":{}},{"ancestorTitles":["Phase 2c-a Node SQLite strict store RED"],"fullName":"Phase 2c-a Node SQLite strict store RED passes the common shared contract and executes its frozen strict branch","status":"passed","title":"passes the common shared contract and executes its frozen strict branch","duration":45.18554200000003,"failureMessages":[],"meta":{}},{"ancestorTitles":["Phase 2c-a Node SQLite strict store RED"],"fullName":"Phase 2c-a Node SQLite strict store RED persists distinct structural object-generation tuples and blob bytes across close and reopen","status":"passed","title":"persists distinct structural object-generation tuples and blob bytes across close and reopen","duration":14.454915999999969,"failureMessages":[],"meta":{}},{"ancestorTitles":["Phase 2c-a Node SQLite strict store RED"],"fullName":"Phase 2c-a Node SQLite strict store RED creates a structural composite-key schema with WAL, FULL synchronous, foreign keys, and integrity","status":"passed","title":"creates a structural composite-key schema with WAL, FULL synchronous, foreign keys, and integrity","duration":15.038542000000007,"failureMessages":[],"meta":{}},{"ancestorTitles":["Phase 2c-a Node SQLite strict store RED"],"fullName":"Phase 2c-a Node SQLite strict store RED rolls back and publishes nothing when a mutation fails immediately before commit","status":"passed","title":"rolls back and publishes nothing when a mutation fails immediately before commit","duration":9.176041999999995,"failureMessages":[],"meta":{}},{"ancestorTitles":["Phase 2c-a Node SQLite strict store RED"],"fullName":"Phase 2c-a Node SQLite strict store RED detaches retained input and every returned byte array","status":"passed","title":"detaches retained input and every returned byte array","duration":8.277250000000038,"failureMessages":[],"meta":{}},{"ancestorTitles":["Phase 2c-a Node SQLite strict store RED"],"fullName":"Phase 2c-a Node SQLite strict store RED gives own SharedArrayBuffer bytes precedence over an extra sibling without database mutation","status":"passed","title":"gives own SharedArrayBuffer bytes precedence over an extra sibling without database mutation","duration":8.473833000000013,"failureMessages":[],"meta":{}},{"ancestorTitles":["Phase 2c-a Node SQLite strict store RED"],"fullName":"Phase 2c-a Node SQLite strict store RED preserves closure reasons and lets STORE_CLOSED outrank semantic closure rejection","status":"passed","title":"preserves closure reasons and lets STORE_CLOSED outrank semantic closure rejection","duration":7.105250000000012,"failureMessages":[],"meta":{}},{"ancestorTitles":["Phase 2c-a Node SQLite strict store RED"],"fullName":"Phase 2c-a Node SQLite strict store RED keeps legacy plain object IDs outside the greenfield adapter","status":"passed","title":"keeps legacy plain object IDs outside the greenfield adapter","duration":2.8734170000000177,"failureMessages":[],"meta":{}}],"startTime":1788224830744,"endTime":1788224830854.8735,"status":"passed","message":"","name":"/Users/aristotle/Documents/Projects/ts-drp-1/packages/storage-node/tests/sqlite-contract-red.test.ts"},{"assertionResults":[{"ancestorTitles":["Phase 2c-b SQLite process-death atomicity RED"],"fullName":"Phase 2c-b SQLite process-death atomicity RED freezes one complete statement/commit inventory","status":"passed","title":"freezes one complete statement/commit inventory","duration":1.0722920000000045,"failureMessages":[],"meta":{}},{"ancestorTitles":["Phase 2c-b SQLite process-death atomicity RED"],"fullName":"Phase 2c-b SQLite process-death atomicity RED keeps the bounded repeated crash campaign explicitly opt-in by default","status":"passed","title":"keeps the bounded repeated crash campaign explicitly opt-in by default","duration":0.5520840000000078,"failureMessages":[],"meta":{}},{"ancestorTitles":["Phase 2c-b SQLite process-death atomicity RED"],"fullName":"Phase 2c-b SQLite process-death atomicity RED recovers old XOR complete-new and permits retry at every fast checkpoint","status":"passed","title":"recovers old XOR complete-new and permits retry at every fast checkpoint","duration":4652.529625,"failureMessages":[],"meta":{}},{"ancestorTitles":["Phase 2c-b bounded repeated SIGKILL campaign"],"fullName":"Phase 2c-b bounded repeated SIGKILL campaign repeats the same frozen inventory without widening the durability claim","status":"skipped","title":"repeats the same frozen inventory without widening the durability claim","failureMessages":[],"meta":{}}],"startTime":1788224835547,"endTime":1788224840201.5295,"status":"passed","message":"","name":"/Users/aristotle/Documents/Projects/ts-drp-1/packages/storage-node/tests/sqlite-sigkill-red.test.ts"}]}