{"numTotalTestSuites":2,"numPassedTestSuites":2,"numFailedTestSuites":0,"numPendingTestSuites":0,"numTotalTests":1,"numPassedTests":1,"numFailedTests":0,"numPendingTests":0,"numTodoTests":0,"snapshot":{"added":0,"failure":false,"filesAdded":0,"filesRemoved":0,"filesRemovedList":[],"filesUnmatched":0,"filesUpdated":0,"matched":0,"total":0,"unchecked":0,"uncheckedKeysByFile":[],"unmatched":0,"updated":0,"didUpdate":false},"startTime":1788367624116,"success":true,"testResults":[{"assertionResults":[{"ancestorTitles":["D.110c-b general hot adoption RED"],"fullName":"D.110c-b general hot adoption RED rejects the genuine epoch-one close at the epoch-pinned predecessor selector","status":"passed","title":"rejects the genuine epoch-one close at the epoch-pinned predecessor selector","duration":1944.9297920000001,"failureMessages":[],"meta":{}}],"startTime":1788367624969,"endTime":1788367626913.9297,"status":"passed","message":"","name":"/Users/aristotle/Documents/Projects/ts-drp-1/tests/phase-6b-d110c-b-hot-adoption.test.ts"}]}