{"numTotalTestSuites":2,"numPassedTestSuites":2,"numFailedTestSuites":0,"numPendingTestSuites":0,"numTotalTests":27,"numPassedTests":27,"numFailedTests":0,"numPendingTests":0,"numTodoTests":0,"snapshot":{"added":0,"failure":false,"filesAdded":0,"filesRemoved":0,"filesRemovedList":[],"filesUnmatched":0,"filesUpdated":0,"matched":0,"total":0,"unchecked":0,"uncheckedKeysByFile":[],"unmatched":0,"updated":0,"didUpdate":false},"startTime":1788510777704,"success":true,"testResults":[{"assertionResults":[{"ancestorTitles":["D.110c-0c1f5b0b Node settlement RED"],"fullName":"D.110c-0c1f5b0b Node settlement RED [control] pins settlement-v3 ACL as required from genesis while legacy retains v1","status":"passed","title":"[control] pins settlement-v3 ACL as required from genesis while legacy retains v1","duration":3.1710840000000644,"failureMessages":[],"meta":{}},{"ancestorTitles":["D.110c-0c1f5b0b Node settlement RED"],"fullName":"D.110c-0c1f5b0b Node settlement RED [control] accepts an adjacent settled predecessor above epoch zero and rejects a gap","status":"passed","title":"[control] accepts an adjacent settled predecessor above epoch zero and rejects a gap","duration":0.921875,"failureMessages":[],"meta":{}},{"ancestorTitles":["D.110c-0c1f5b0b Node settlement RED"],"fullName":"D.110c-0c1f5b0b Node settlement RED [RED] rejects non-exact Node settlement frontier/ACL input: top-level extra key","status":"passed","title":"[RED] rejects non-exact Node settlement frontier/ACL input: top-level extra key","duration":0.38308299999994233,"failureMessages":[],"meta":{}},{"ancestorTitles":["D.110c-0c1f5b0b Node settlement RED"],"fullName":"D.110c-0c1f5b0b Node settlement RED [RED] rejects non-exact Node settlement frontier/ACL input: ACL member extra key","status":"passed","title":"[RED] rejects non-exact Node settlement frontier/ACL input: ACL member extra key","duration":0.11554099999989376,"failureMessages":[],"meta":{}},{"ancestorTitles":["D.110c-0c1f5b0b Node settlement RED"],"fullName":"D.110c-0c1f5b0b Node settlement RED [RED] rejects non-exact Node settlement frontier/ACL input: accessor-backed ACL","status":"passed","title":"[RED] rejects non-exact Node settlement frontier/ACL input: accessor-backed ACL","duration":0.14508299999988594,"failureMessages":[],"meta":{}},{"ancestorTitles":["D.110c-0c1f5b0b Node settlement RED"],"fullName":"D.110c-0c1f5b0b Node settlement RED [RED] refuses fence causally from durable plan state: missing","status":"passed","title":"[RED] refuses fence causally from durable plan state: missing","duration":115.9625840000001,"failureMessages":[],"meta":{}},{"ancestorTitles":["D.110c-0c1f5b0b Node settlement RED"],"fullName":"D.110c-0c1f5b0b Node settlement RED [RED] refuses fence causally from durable plan state: manual-review","status":"passed","title":"[RED] refuses fence causally from durable plan state: manual-review","duration":44.060875000000124,"failureMessages":[],"meta":{}},{"ancestorTitles":["D.110c-0c1f5b0b Node settlement RED"],"fullName":"D.110c-0c1f5b0b Node settlement RED [RED] refuses fence causally from durable plan state: fence-already-set","status":"passed","title":"[RED] refuses fence causally from durable plan state: fence-already-set","duration":38.80945799999995,"failureMessages":[],"meta":{}},{"ancestorTitles":["D.110c-0c1f5b0b Node settlement RED"],"fullName":"D.110c-0c1f5b0b Node settlement RED [RED] issues the fence first and atomically links the complete durable plan","status":"passed","title":"[RED] issues the fence first and atomically links the complete durable plan","duration":34.75649999999996,"failureMessages":[],"meta":{}},{"ancestorTitles":["D.110c-0c1f5b0b Node settlement RED"],"fullName":"D.110c-0c1f5b0b Node settlement RED [RED] reopens SQLite issuance+journal truth and replays exactly one linked pending fence","status":"passed","title":"[RED] reopens SQLite issuance+journal truth and replays exactly one linked pending fence","duration":76.78962499999989,"failureMessages":[],"meta":{}},{"ancestorTitles":["D.110c-0c1f5b0b Node settlement RED"],"fullName":"D.110c-0c1f5b0b Node settlement RED [RED] links one replacement exactly once across same-epoch retry and restart","status":"passed","title":"[RED] links one replacement exactly once across same-epoch retry and restart","duration":62.810583999999835,"failureMessages":[],"meta":{}},{"ancestorTitles":["D.110c-0c1f5b0b Node settlement RED"],"fullName":"D.110c-0c1f5b0b Node settlement RED [RED] halts after outcome-unknown and reopens to the atomic row+link or neither","status":"passed","title":"[RED] halts after outcome-unknown and reopens to the atomic row+link or neither","duration":49.71795800000018,"failureMessages":[],"meta":{}},{"ancestorTitles":["D.110c-0c1f5b0b Node settlement RED"],"fullName":"D.110c-0c1f5b0b Node settlement RED [RED] makes completeRebaseSource unreachable under settlement while keeping the callable legacy seam","status":"passed","title":"[RED] makes completeRebaseSource unreachable under settlement while keeping the callable legacy seam","duration":30.895958000000064,"failureMessages":[],"meta":{}},{"ancestorTitles":["D.110c-0c1f5b0b Node settlement RED"],"fullName":"D.110c-0c1f5b0b Node settlement RED [control] keeps creator-trusted-v1 fence issuance rejected before plan or issuance work","status":"passed","title":"[control] keeps creator-trusted-v1 fence issuance rejected before plan or issuance work","duration":29.501916000000165,"failureMessages":[],"meta":{}},{"ancestorTitles":["D.110c-0c1f5b0b Node settlement RED"],"fullName":"D.110c-0c1f5b0b Node settlement RED [RED] rejects a genuine legacy-profile fence at ingress without journaling it","status":"passed","title":"[RED] rejects a genuine legacy-profile fence at ingress without journaling it","duration":173.1638340000004,"failureMessages":[],"meta":{}},{"ancestorTitles":["D.110c-0c1f5b0b Node settlement RED"],"fullName":"D.110c-0c1f5b0b Node settlement RED [control] admits a huge valid settlement fence, rejects m > f, and never calls the application sink","status":"passed","title":"[control] admits a huge valid settlement fence, rejects m > f, and never calls the application sink","duration":161.779583,"failureMessages":[],"meta":{}},{"ancestorTitles":["D.110c-0c1f5b0b Node settlement RED"],"fullName":"D.110c-0c1f5b0b Node settlement RED [control] uses the current anchor as admission authority for stale same-key ingress","status":"passed","title":"[control] uses the current anchor as admission authority for stale same-key ingress","duration":162.10366699999986,"failureMessages":[],"meta":{}},{"ancestorTitles":["D.110c-0c1f5b0b Node settlement RED"],"fullName":"D.110c-0c1f5b0b Node settlement RED [RED] surfaces a published same-key displaced row under settlement","status":"passed","title":"[RED] surfaces a published same-key displaced row under settlement","duration":112.02674999999999,"failureMessages":[],"meta":{}},{"ancestorTitles":["D.110c-0c1f5b0b Node settlement RED"],"fullName":"D.110c-0c1f5b0b Node settlement RED [control] classifies signed same-key cross-anchor causalJoin without application intents","status":"passed","title":"[control] classifies signed same-key cross-anchor causalJoin without application intents","duration":99.30104200000005,"failureMessages":[],"meta":{}},{"ancestorTitles":["D.110c-0c1f5b0b Node settlement RED"],"fullName":"D.110c-0c1f5b0b Node settlement RED [RED] classifies signed same-key cross-anchor join without application intents","status":"passed","title":"[RED] classifies signed same-key cross-anchor join without application intents","duration":102.46754099999998,"failureMessages":[],"meta":{}},{"ancestorTitles":["D.110c-0c1f5b0b Node settlement RED"],"fullName":"D.110c-0c1f5b0b Node settlement RED [RED] surfaces a displaced ACL source before fence issuance","status":"passed","title":"[RED] surfaces a displaced ACL source before fence issuance","duration":103.82045800000014,"failureMessages":[],"meta":{}},{"ancestorTitles":["D.110c-0c1f5b0b Node settlement RED"],"fullName":"D.110c-0c1f5b0b Node settlement RED [RED] Node owner materializes dedicated fence transaction + planEffect","status":"passed","title":"[RED] Node owner materializes dedicated fence transaction + planEffect","duration":2.78387500000008,"failureMessages":[],"meta":{}},{"ancestorTitles":["D.110c-0c1f5b0b Node settlement RED"],"fullName":"D.110c-0c1f5b0b Node settlement RED [RED] Node owner materializes anchor-agnostic any-older-epoch/old-incarnation classification","status":"passed","title":"[RED] Node owner materializes anchor-agnostic any-older-epoch/old-incarnation classification","duration":2.2412500000000364,"failureMessages":[],"meta":{}},{"ancestorTitles":["D.110c-0c1f5b0b Node settlement RED"],"fullName":"D.110c-0c1f5b0b Node settlement RED [RED] Node owner materializes all own source rows regardless publication state","status":"passed","title":"[RED] Node owner materializes all own source rows regardless publication state","duration":1.9774579999998423,"failureMessages":[],"meta":{}},{"ancestorTitles":["D.110c-0c1f5b0b Node settlement RED"],"fullName":"D.110c-0c1f5b0b Node settlement RED [RED] Node owner materializes settlement-only completion gate","status":"passed","title":"[RED] Node owner materializes settlement-only completion gate","duration":1.9099169999999503,"failureMessages":[],"meta":{}},{"ancestorTitles":["D.110c-0c1f5b0b Node settlement RED"],"fullName":"D.110c-0c1f5b0b Node settlement RED [RED] Node owner materializes complete close graph and application/control split","status":"passed","title":"[RED] Node owner materializes complete close graph and application/control split","duration":2.3531669999997575,"failureMessages":[],"meta":{}},{"ancestorTitles":["D.110c-0c1f5b0b Node settlement RED"],"fullName":"D.110c-0c1f5b0b Node settlement RED [RED] Node owner materializes legacy-profile fence admission guard","status":"passed","title":"[RED] Node owner materializes legacy-profile fence admission guard","duration":2.2746250000000146,"failureMessages":[],"meta":{}}],"startTime":1788510779643,"endTime":1788510781060.2747,"status":"passed","message":"","name":"/Users/aristotle/Documents/Projects/ts-drp-1/tests/phase-6b-d110c-0c1f5b0b-node-red.test.ts"}]}